


ARM Macro Assembler    Page 1 


    1 00000000                 AREA             RESET,DATA,READONLY
    2 00000000                 EXPORT           __Vectors
    3 00000000         __Vectors
    4 00000000 10001000        DCD              0x10001000
    5 00000004 00000000        DCD              Reset_Handler
    6 00000008                 ALIGN
    7 00000008                 AREA             mycode,CODE,READONLY
    8 00000000                 ENTRY
    9 00000000                 EXPORT           Reset_Handler
   10 00000000         Reset_Handler
   11 00000000 4801            LDR              R0,=SRC
   12 00000002 4902            LDR              R1,=DST
   13 00000004 6803            LDR              R3,[R0]
   14 00000006 600B            STR              R3,[R1]
   15 00000008 00000000 
              00000000         AREA             mydata,DATA,READWRITE
   16 00000000 00000008 
                       SRC     DCD              8
   17 00000004 00000000 
                       DST     DCD              0
   18 00000008                 END
Command Line: --debug --xref --cpu=Cortex-M3 --apcs=interwork --depend=.\transf
ercodetodata2.d -o.\transfercodetodata2.o -IC:\Keil\ARM\RV31\INC -IC:\Keil\ARM\
CMSIS\Include -IC:\Keil\ARM\Inc\NXP\LPC17xx --predefine="__EVAL SETA 1" --list=
.\transfercodetodata2.lst transfercodetodata2.s



ARM Macro Assembler    Page 1 Alphabetic symbol ordering
Relocatable symbols

RESET 00000000

Symbol: RESET
   Definitions
      At line 1 in file transfercodetodata2.s
   Uses
      None
Comment: RESET unused
__Vectors 00000000

Symbol: __Vectors
   Definitions
      At line 3 in file transfercodetodata2.s
   Uses
      At line 2 in file transfercodetodata2.s
Comment: __Vectors used once
2 symbols



ARM Macro Assembler    Page 1 Alphabetic symbol ordering
Relocatable symbols

Reset_Handler 00000000

Symbol: Reset_Handler
   Definitions
      At line 10 in file transfercodetodata2.s
   Uses
      At line 5 in file transfercodetodata2.s
      At line 9 in file transfercodetodata2.s

mycode 00000000

Symbol: mycode
   Definitions
      At line 7 in file transfercodetodata2.s
   Uses
      None
Comment: mycode unused
2 symbols



ARM Macro Assembler    Page 1 Alphabetic symbol ordering
Relocatable symbols

DST 00000004

Symbol: DST
   Definitions
      At line 17 in file transfercodetodata2.s
   Uses
      At line 12 in file transfercodetodata2.s
Comment: DST used once
SRC 00000000

Symbol: SRC
   Definitions
      At line 16 in file transfercodetodata2.s
   Uses
      At line 11 in file transfercodetodata2.s
Comment: SRC used once
mydata 00000000

Symbol: mydata
   Definitions
      At line 15 in file transfercodetodata2.s
   Uses
      None
Comment: mydata unused
3 symbols
340 symbols in table
