Project Information                                            d:\64_d2\ex.rpt

MAX+plus II Compiler Report File
Version 10.2 07/10/2002
Compiled: 10/24/2019 05:29:45

Copyright (C) 1988-2002 Altera Corporation
Any megafunction design, and related net list (encrypted or decrypted),
support information, device programming or simulation file, and any other
associated documentation or information provided by Altera or a partner
under Altera's Megafunction Partnership Program may be used only to
program PLD devices (but not masked PLD devices) from Altera.  Any other
use of such megafunction design, net list, support information, device
programming or simulation file, or any other related documentation or
information is prohibited for any other purpose, including, but not
limited to modification, reverse engineering, de-compiling, or use with
any other silicon devices, unless such use is explicitly licensed under
a separate agreement with Altera or a megafunction partner.  Title to
the intellectual property, including patents, copyrights, trademarks,
trade secrets, or maskworks, embodied in any such megafunction design,
net list, support information, device programming or simulation file, or
any other related documentation or information provided by Altera or a
megafunction partner, remains with Altera, the megafunction partner, or
their respective licensors.  No other licenses, including any licenses
needed under any third party's intellectual property, are provided herein.



***** Project compilation was successful




** DEVICE SUMMARY **

Chip/                     Input   Output   Bidir         Shareable
POF       Device          Pins    Pins     Pins     LCs  Expanders  % Utilized

ex        EPM7032LC44-6    1        8        0      28      16          87 %

User Pins:                 1        8        0  



Project Information                                            d:\64_d2\ex.rpt

** AUTO GLOBAL SIGNALS **



INFO: Signal 'clock' chosen for auto global Clock


Project Information                                            d:\64_d2\ex.rpt

** FILE HIERARCHY **



|flip:st0|
|flip:st1|
|flip:st2|
|flip:st3|


Device-Specific Information:                                   d:\64_d2\ex.rpt
ex

***** Logic for device 'ex' compiled without errors.




Device: EPM7032LC44-6

Device Options:
    Turbo Bit                                    = ON
    Security Bit                                 = OFF

                 R  R                    R  R  
                 E  E                    E  E  
                 S  S                    S  S  
                 E  E              c     E  E  
                 R  R              l     R  R  
                 V  V  V  G  G  G  o  G  V  V  
              T  E  E  C  N  N  N  c  N  E  E  
              7  D  D  C  D  D  D  k  D  D  D  
            -----------------------------------_ 
          /   6  5  4  3  2  1 44 43 42 41 40   | 
RESERVED |  7                                39 | RESERVED 
RESERVED |  8                                38 | T0 
RESERVED |  9                                37 | RESERVED 
     GND | 10                                36 | T5 
RESERVED | 11                                35 | VCC 
RESERVED | 12         EPM7032LC44-6          34 | T4 
      T6 | 13                                33 | T1 
RESERVED | 14                                32 | RESERVED 
     VCC | 15                                31 | RESERVED 
RESERVED | 16                                30 | GND 
RESERVED | 17                                29 | RESERVED 
         |_  18 19 20 21 22 23 24 25 26 27 28  _| 
           ------------------------------------ 
              R  R  R  R  G  V  T  T  R  R  R  
              E  E  E  E  N  C  3  2  E  E  E  
              S  S  S  S  D  C        S  S  S  
              E  E  E  E              E  E  E  
              R  R  R  R              R  R  R  
              V  V  V  V              V  V  V  
              E  E  E  E              E  E  E  
              D  D  D  D              D  D  D  


N.C. = No Connect. This pin has no internal connection to the device.
VCC = Dedicated power pin, which MUST be connected to VCC.
GND = Dedicated ground pin or unused dedicated input, which MUST be connected to GND.
RESERVED = Unused I/O pin, which MUST be left unconnected.



Device-Specific Information:                                   d:\64_d2\ex.rpt
ex

** RESOURCE USAGE **

                                                Shareable     External
Logic Array Block     Logic Cells   I/O Pins    Expanders   Interconnect

A:     LC1 - LC16    12/16( 75%)   2/16( 12%)   8/16( 50%)  13/36( 36%) 
B:    LC17 - LC32    16/16(100%)   6/16( 37%)   8/16( 50%)  11/36( 30%) 


Total dedicated input pins used:                 1/4      ( 25%)
Total I/O pins used:                             8/32     ( 25%)
Total logic cells used:                         28/32     ( 87%)
Total shareable expanders used:                 16/32     ( 50%)
Total Turbo logic cells used:                   28/32     ( 87%)
Total shareable expanders not available (n/a):   0/32     (  0%)
Average fan-in:                                  4.57
Total fan-in:                                   128

Total input pins required:                       1
Total output pins required:                      8
Total bidirectional pins required:               0
Total logic cells required:                     28
Total flipflops required:                        4
Total product terms required:                   60
Total logic cells lending parallel expanders:    0
Total shareable expanders in database:           8

Synthesized logic cells:                        16/  32   ( 50%)



Device-Specific Information:                                   d:\64_d2\ex.rpt
ex

** INPUTS **

                                         Shareable
                                         Expanders     Fan-In    Fan-Out
 Pin     LC  LAB  Primitive    Code   Total Shared n/a INP  FBK  OUT  FBK  Name
  43      -   -       INPUT  G            0      0   0    0    0    0    0  clock


Code:

s = Synthesized pin or logic cell
t = Turbo logic cell
+ = Synchronous flipflop
! = NOT gate push-back
r = Fitter-inserted logic cell
G = Global Source. Fan-out destinations counted here do not include destinations
that are driven using global routing resources. Refer to the Auto Global Signals,
Clock Signals, Clear Signals, Synchronous Load Signals, and Synchronous Clear Signals
Sections of this Report File for information on which signals' fan-outs are used as
Clock, Clear, Preset, Output Enable, and synchronous Load signals.


Device-Specific Information:                                   d:\64_d2\ex.rpt
ex

** OUTPUTS **

                                         Shareable
                                         Expanders     Fan-In    Fan-Out
 Pin     LC  LAB  Primitive    Code   Total Shared n/a INP  FBK  OUT  FBK  Name
  38     20    B     OUTPUT      t        1      1   0    0    5    0    0  T0
  33     24    B     OUTPUT      t        1      1   0    0    5    0    0  T1
  25     31    B     OUTPUT      t        1      1   0    0    5    0    0  T2
  24     32    B     OUTPUT      t        1      1   0    0    5    0    0  T3
  34     23    B     OUTPUT      t        1      1   0    0    5    0    0  T4
  36     22    B     OUTPUT      t        1      1   0    0    5    0    0  T5
  13      9    A     OUTPUT      t        1      1   0    0    5    0    0  T6
   6      3    A     OUTPUT      t        1      1   0    0    5    0    0  T7


Code:

s = Synthesized pin or logic cell
t = Turbo logic cell
+ = Synchronous flipflop
! = NOT gate push-back
r = Fitter-inserted logic cell


Device-Specific Information:                                   d:\64_d2\ex.rpt
ex

** BURIED LOGIC **

                                         Shareable
                                         Expanders     Fan-In    Fan-Out
 Pin     LC  LAB  Primitive    Code   Total Shared n/a INP  FBK  OUT  FBK  Name
  (4)     1    A       DFFE   +  t        0      0   0    0    1    8   17  |flip:st0|:5
 (41)    17    B       DFFE   +  t        0      0   0    0    1    8   17  |flip:st1|:5
 (40)    18    B       DFFE   +  t        0      0   0    0    1    8   17  |flip:st2|:5
 (39)    19    B       DFFE   +  t        0      0   0    0    1    8   17  |flip:st3|:5
 (18)    13    A       SOFT    s t        1      1   0    0    5    1    1  ~123~1
 (12)     8    A       SOFT    s t        2      2   0    0    5    1    1  ~124~1
 (11)     7    A       SOFT    s t        3      3   0    0    5    1    1  ~125~1
  (9)     6    A       SOFT    s t        4      4   0    0    5    1    1  ~126~1
  (8)     5    A       SOFT    s t        5      5   0    0    5    1    1  ~127~1
  (7)     4    A       SOFT    s t        6      6   0    0    5    1    1  ~128~1
  (5)     2    A       SOFT    s t        7      7   0    0    5    1    1  ~129~1
 (37)    21    B       SOFT    s t        8      8   0    0    5    1    1  ~130~1
 (32)    25    B      LCELL    s t        1      1   0    0    5    0    1  ~131~1
 (31)    26    B      LCELL    s t        1      1   0    0    5    0    1  ~132~1
 (29)    27    B      LCELL    s t        1      1   0    0    5    0    1  ~133~1
 (28)    28    B      LCELL    s t        1      1   0    0    5    0    1  ~134~1
 (27)    29    B      LCELL    s t        1      1   0    0    5    0    1  ~135~1
 (26)    30    B      LCELL    s t        1      1   0    0    5    0    1  ~136~1
 (17)    12    A      LCELL    s t        1      1   0    0    5    0    1  ~137~1
 (19)    14    A      LCELL    s t        1      1   0    0    5    0    1  ~138~1


Code:

s = Synthesized pin or logic cell
t = Turbo logic cell
+ = Synchronous flipflop
! = NOT gate push-back
r = Fitter-inserted logic cell


Device-Specific Information:                                   d:\64_d2\ex.rpt
ex

** LOGIC CELL INTERCONNECTIONS **

Logic Array Block 'A':

                                 Logic cells placed in LAB 'A'
        +----------------------- LC1 |flip:st0|:5
        | +--------------------- LC9 T6
        | | +------------------- LC3 T7
        | | | +----------------- LC13 ~123~1
        | | | | +--------------- LC8 ~124~1
        | | | | | +------------- LC7 ~125~1
        | | | | | | +----------- LC6 ~126~1
        | | | | | | | +--------- LC5 ~127~1
        | | | | | | | | +------- LC4 ~128~1
        | | | | | | | | | +----- LC2 ~129~1
        | | | | | | | | | | +--- LC12 ~137~1
        | | | | | | | | | | | +- LC14 ~138~1
        | | | | | | | | | | | | 
        | | | | | | | | | | | |   Other LABs fed by signals
        | | | | | | | | | | | |   that feed LAB 'A'
LC      | | | | | | | | | | | | | A B |     Logic cells that feed LAB 'A':
LC1  -> - * * * * * * * * * * * | * * | <-- |flip:st0|:5
LC2  -> - * - - - - - - - - * - | * - | <-- ~129~1
LC12 -> - - - - - - - - - * - - | * - | <-- ~137~1

Pin
43   -> - - - - - - - - - - - - | - - | <-- clock
LC17 -> - * * * * * * * * * * * | * * | <-- |flip:st1|:5
LC18 -> - * * * * * * * * * * * | * * | <-- |flip:st2|:5
LC19 -> * * * * * * * * * * * * | * * | <-- |flip:st3|:5
LC21 -> - - * - - - - - - - - * | * - | <-- ~130~1
LC25 -> - - - * - - - - - - - - | * - | <-- ~131~1
LC26 -> - - - - * - - - - - - - | * - | <-- ~132~1
LC27 -> - - - - - * - - - - - - | * - | <-- ~133~1
LC28 -> - - - - - - * - - - - - | * - | <-- ~134~1
LC29 -> - - - - - - - * - - - - | * - | <-- ~135~1
LC30 -> - - - - - - - - * - - - | * - | <-- ~136~1


* = The logic cell or pin is an input to the logic cell (or LAB) through the PIA.
- = The logic cell or pin is not an input to the logic cell (or LAB).


Device-Specific Information:                                   d:\64_d2\ex.rpt
ex

** LOGIC CELL INTERCONNECTIONS **

Logic Array Block 'B':

                                         Logic cells placed in LAB 'B'
        +------------------------------- LC17 |flip:st1|:5
        | +----------------------------- LC18 |flip:st2|:5
        | | +--------------------------- LC19 |flip:st3|:5
        | | | +------------------------- LC20 T0
        | | | | +----------------------- LC24 T1
        | | | | | +--------------------- LC31 T2
        | | | | | | +------------------- LC32 T3
        | | | | | | | +----------------- LC23 T4
        | | | | | | | | +--------------- LC22 T5
        | | | | | | | | | +------------- LC21 ~130~1
        | | | | | | | | | | +----------- LC25 ~131~1
        | | | | | | | | | | | +--------- LC26 ~132~1
        | | | | | | | | | | | | +------- LC27 ~133~1
        | | | | | | | | | | | | | +----- LC28 ~134~1
        | | | | | | | | | | | | | | +--- LC29 ~135~1
        | | | | | | | | | | | | | | | +- LC30 ~136~1
        | | | | | | | | | | | | | | | | 
        | | | | | | | | | | | | | | | |   Other LABs fed by signals
        | | | | | | | | | | | | | | | |   that feed LAB 'B'
LC      | | | | | | | | | | | | | | | | | A B |     Logic cells that feed LAB 'B':
LC17 -> - * - * * * * * * * * * * * * * | * * | <-- |flip:st1|:5
LC18 -> - - * * * * * * * * * * * * * * | * * | <-- |flip:st2|:5
LC19 -> - - - * * * * * * * * * * * * * | * * | <-- |flip:st3|:5

Pin
43   -> - - - - - - - - - - - - - - - - | - - | <-- clock
LC1  -> * - - * * * * * * * * * * * * * | * * | <-- |flip:st0|:5
LC13 -> - - - * - - - - - - * - - - - - | - * | <-- ~123~1
LC8  -> - - - - * - - - - - - * - - - - | - * | <-- ~124~1
LC7  -> - - - - - * - - - - - - * - - - | - * | <-- ~125~1
LC6  -> - - - - - - * - - - - - - * - - | - * | <-- ~126~1
LC5  -> - - - - - - - * - - - - - - * - | - * | <-- ~127~1
LC4  -> - - - - - - - - * - - - - - - * | - * | <-- ~128~1
LC14 -> - - - - - - - - - * - - - - - - | - * | <-- ~138~1


* = The logic cell or pin is an input to the logic cell (or LAB) through the PIA.
- = The logic cell or pin is not an input to the logic cell (or LAB).


Device-Specific Information:                                   d:\64_d2\ex.rpt
ex

** EQUATIONS **

clock    : INPUT;

-- Node name is 'T0' 
-- Equation name is 'T0', location is LC020, type is output.
 T0      = LCELL( _EQ001 $  VCC);
  _EQ001 = !_LC013 &  _X001;
  _X001  = EXP(!_LC001 & !_LC017 & !_LC018 &  _LC019);

-- Node name is 'T1' 
-- Equation name is 'T1', location is LC024, type is output.
 T1      = LCELL( _EQ002 $  VCC);
  _EQ002 = !_LC008 &  _X002;
  _X002  = EXP(!_LC001 & !_LC017 &  _LC018 &  _LC019);

-- Node name is 'T2' 
-- Equation name is 'T2', location is LC031, type is output.
 T2      = LCELL( _EQ003 $  VCC);
  _EQ003 = !_LC007 &  _X003;
  _X003  = EXP(!_LC001 &  _LC017 &  _LC018 &  _LC019);

-- Node name is 'T3' 
-- Equation name is 'T3', location is LC032, type is output.
 T3      = LCELL( _EQ004 $  VCC);
  _EQ004 = !_LC006 &  _X004;
  _X004  = EXP( _LC001 &  _LC017 &  _LC018 &  _LC019);

-- Node name is 'T4' 
-- Equation name is 'T4', location is LC023, type is output.
 T4      = LCELL( _EQ005 $  VCC);
  _EQ005 = !_LC005 &  _X005;
  _X005  = EXP( _LC001 &  _LC017 &  _LC018 & !_LC019);

-- Node name is 'T5' 
-- Equation name is 'T5', location is LC022, type is output.
 T5      = LCELL( _EQ006 $  VCC);
  _EQ006 = !_LC004 &  _X006;
  _X006  = EXP( _LC001 &  _LC017 & !_LC018 & !_LC019);

-- Node name is 'T6' 
-- Equation name is 'T6', location is LC009, type is output.
 T6      = LCELL( _EQ007 $  VCC);
  _EQ007 = !_LC002 &  _X007;
  _X007  = EXP( _LC001 & !_LC017 & !_LC018 & !_LC019);

-- Node name is 'T7' 
-- Equation name is 'T7', location is LC003, type is output.
 T7      = LCELL( _EQ008 $  VCC);
  _EQ008 = !_LC021 &  _X008;
  _X008  = EXP(!_LC001 & !_LC017 & !_LC018 & !_LC019);

-- Node name is '|flip:st0|:5' 
-- Equation name is '_LC001', type is buried 
_LC001   = DFFE(!_LC019 $  GND, GLOBAL( clock),  VCC,  VCC,  VCC);

-- Node name is '|flip:st1|:5' 
-- Equation name is '_LC017', type is buried 
_LC017   = DFFE( _LC001 $  GND, GLOBAL( clock),  VCC,  VCC,  VCC);

-- Node name is '|flip:st2|:5' 
-- Equation name is '_LC018', type is buried 
_LC018   = DFFE( _LC017 $  GND, GLOBAL( clock),  VCC,  VCC,  VCC);

-- Node name is '|flip:st3|:5' 
-- Equation name is '_LC019', type is buried 
_LC019   = DFFE( _LC018 $  GND, GLOBAL( clock),  VCC,  VCC,  VCC);

-- Node name is '~123~1' 
-- Equation name is '~123~1', location is LC013, type is buried.
-- synthesized logic cell 
_LC013   = LCELL( _EQ009 $  GND);
  _EQ009 =  _LC001 & !_LC017 &  _LC019 &  _LC025 &  _X001
         # !_LC017 &  _LC018 & !_LC019 &  _LC025 &  _X001
         # !_LC001 &  _LC017 & !_LC019 &  _LC025 &  _X001
         # !_LC018 &  _LC019 &  _LC025 &  _X001;
  _X001  = EXP(!_LC001 & !_LC017 & !_LC018 &  _LC019);

-- Node name is '~124~1' 
-- Equation name is '~124~1', location is LC008, type is buried.
-- synthesized logic cell 
_LC008   = LCELL( _EQ010 $  GND);
  _EQ010 = !_LC001 &  _LC017 & !_LC019 &  _LC026 &  _X001 &  _X002
         # !_LC018 &  _LC019 &  _LC026 &  _X001 &  _X002
         # !_LC017 &  _LC018 &  _LC026 &  _X001 &  _X002;
  _X001  = EXP(!_LC001 & !_LC017 & !_LC018 &  _LC019);
  _X002  = EXP(!_LC001 & !_LC017 &  _LC018 &  _LC019);

-- Node name is '~125~1' 
-- Equation name is '~125~1', location is LC007, type is buried.
-- synthesized logic cell 
_LC007   = LCELL( _EQ011 $  GND);
  _EQ011 = !_LC018 &  _LC019 &  _LC027 &  _X001 &  _X002 &  _X003
         # !_LC017 &  _LC018 &  _LC027 &  _X001 &  _X002 &  _X003
         # !_LC001 &  _LC017 &  _LC027 &  _X001 &  _X002 &  _X003;
  _X001  = EXP(!_LC001 & !_LC017 & !_LC018 &  _LC019);
  _X002  = EXP(!_LC001 & !_LC017 &  _LC018 &  _LC019);
  _X003  = EXP(!_LC001 &  _LC017 &  _LC018 &  _LC019);

-- Node name is '~126~1' 
-- Equation name is '~126~1', location is LC006, type is buried.
-- synthesized logic cell 
_LC006   = LCELL( _EQ012 $  GND);
  _EQ012 = !_LC001 &  _LC017 &  _LC028 &  _X001 &  _X002 &  _X003 &  _X004
         # !_LC017 &  _LC018 &  _LC028 &  _X001 &  _X002 &  _X003 &  _X004
         #  _LC019 &  _LC028 &  _X001 &  _X002 &  _X003 &  _X004;
  _X001  = EXP(!_LC001 & !_LC017 & !_LC018 &  _LC019);
  _X002  = EXP(!_LC001 & !_LC017 &  _LC018 &  _LC019);
  _X003  = EXP(!_LC001 &  _LC017 &  _LC018 &  _LC019);
  _X004  = EXP( _LC001 &  _LC017 &  _LC018 &  _LC019);

-- Node name is '~127~1' 
-- Equation name is '~127~1', location is LC005, type is buried.
-- synthesized logic cell 
_LC005   = LCELL( _EQ013 $  GND);
  _EQ013 = !_LC001 &  _LC017 &  _LC029 &  _X001 &  _X002 &  _X003 &  _X004 & 
              _X005
         #  _LC018 &  _LC029 &  _X001 &  _X002 &  _X003 &  _X004 &  _X005
         #  _LC019 &  _LC029 &  _X001 &  _X002 &  _X003 &  _X004 &  _X005;
  _X001  = EXP(!_LC001 & !_LC017 & !_LC018 &  _LC019);
  _X002  = EXP(!_LC001 & !_LC017 &  _LC018 &  _LC019);
  _X003  = EXP(!_LC001 &  _LC017 &  _LC018 &  _LC019);
  _X004  = EXP( _LC001 &  _LC017 &  _LC018 &  _LC019);
  _X005  = EXP( _LC001 &  _LC017 &  _LC018 & !_LC019);

-- Node name is '~128~1' 
-- Equation name is '~128~1', location is LC004, type is buried.
-- synthesized logic cell 
_LC004   = LCELL( _EQ014 $  GND);
  _EQ014 =  _LC017 &  _LC030 &  _X001 &  _X002 &  _X003 &  _X004 &  _X005 & 
              _X006
         #  _LC018 &  _LC030 &  _X001 &  _X002 &  _X003 &  _X004 &  _X005 & 
              _X006
         #  _LC019 &  _LC030 &  _X001 &  _X002 &  _X003 &  _X004 &  _X005 & 
              _X006;
  _X001  = EXP(!_LC001 & !_LC017 & !_LC018 &  _LC019);
  _X002  = EXP(!_LC001 & !_LC017 &  _LC018 &  _LC019);
  _X003  = EXP(!_LC001 &  _LC017 &  _LC018 &  _LC019);
  _X004  = EXP( _LC001 &  _LC017 &  _LC018 &  _LC019);
  _X005  = EXP( _LC001 &  _LC017 &  _LC018 & !_LC019);
  _X006  = EXP( _LC001 &  _LC017 & !_LC018 & !_LC019);

-- Node name is '~129~1' 
-- Equation name is '~129~1', location is LC002, type is buried.
-- synthesized logic cell 
_LC002   = LCELL( _EQ015 $  GND);
  _EQ015 =  _LC001 &  _LC012 &  _X001 &  _X002 &  _X003 &  _X004 &  _X005 & 
              _X006 &  _X007
         #  _LC012 &  _LC017 &  _X001 &  _X002 &  _X003 &  _X004 &  _X005 & 
              _X006 &  _X007
         #  _LC012 &  _LC018 &  _X001 &  _X002 &  _X003 &  _X004 &  _X005 & 
              _X006 &  _X007
         #  _LC012 &  _LC019 &  _X001 &  _X002 &  _X003 &  _X004 &  _X005 & 
              _X006 &  _X007;
  _X001  = EXP(!_LC001 & !_LC017 & !_LC018 &  _LC019);
  _X002  = EXP(!_LC001 & !_LC017 &  _LC018 &  _LC019);
  _X003  = EXP(!_LC001 &  _LC017 &  _LC018 &  _LC019);
  _X004  = EXP( _LC001 &  _LC017 &  _LC018 &  _LC019);
  _X005  = EXP( _LC001 &  _LC017 &  _LC018 & !_LC019);
  _X006  = EXP( _LC001 &  _LC017 & !_LC018 & !_LC019);
  _X007  = EXP( _LC001 & !_LC017 & !_LC018 & !_LC019);

-- Node name is '~130~1' 
-- Equation name is '~130~1', location is LC021, type is buried.
-- synthesized logic cell 
_LC021   = LCELL( _EQ016 $  GND);
  _EQ016 =  _LC014 &  _X001 &  _X002 &  _X003 &  _X004 &  _X005 &  _X006 & 
              _X007 &  _X008;
  _X001  = EXP(!_LC001 & !_LC017 & !_LC018 &  _LC019);
  _X002  = EXP(!_LC001 & !_LC017 &  _LC018 &  _LC019);
  _X003  = EXP(!_LC001 &  _LC017 &  _LC018 &  _LC019);
  _X004  = EXP( _LC001 &  _LC017 &  _LC018 &  _LC019);
  _X005  = EXP( _LC001 &  _LC017 &  _LC018 & !_LC019);
  _X006  = EXP( _LC001 &  _LC017 & !_LC018 & !_LC019);
  _X007  = EXP( _LC001 & !_LC017 & !_LC018 & !_LC019);
  _X008  = EXP(!_LC001 & !_LC017 & !_LC018 & !_LC019);

-- Node name is '~131~1' 
-- Equation name is '~131~1', location is LC025, type is buried.
-- synthesized logic cell 
_LC025   = LCELL( _EQ017 $  VCC);
  _EQ017 = !_LC013 &  _X001;
  _X001  = EXP(!_LC001 & !_LC017 & !_LC018 &  _LC019);

-- Node name is '~132~1' 
-- Equation name is '~132~1', location is LC026, type is buried.
-- synthesized logic cell 
_LC026   = LCELL( _EQ018 $  VCC);
  _EQ018 = !_LC008 &  _X002;
  _X002  = EXP(!_LC001 & !_LC017 &  _LC018 &  _LC019);

-- Node name is '~133~1' 
-- Equation name is '~133~1', location is LC027, type is buried.
-- synthesized logic cell 
_LC027   = LCELL( _EQ019 $  VCC);
  _EQ019 = !_LC007 &  _X003;
  _X003  = EXP(!_LC001 &  _LC017 &  _LC018 &  _LC019);

-- Node name is '~134~1' 
-- Equation name is '~134~1', location is LC028, type is buried.
-- synthesized logic cell 
_LC028   = LCELL( _EQ020 $  VCC);
  _EQ020 = !_LC006 &  _X004;
  _X004  = EXP( _LC001 &  _LC017 &  _LC018 &  _LC019);

-- Node name is '~135~1' 
-- Equation name is '~135~1', location is LC029, type is buried.
-- synthesized logic cell 
_LC029   = LCELL( _EQ021 $  VCC);
  _EQ021 = !_LC005 &  _X005;
  _X005  = EXP( _LC001 &  _LC017 &  _LC018 & !_LC019);

-- Node name is '~136~1' 
-- Equation name is '~136~1', location is LC030, type is buried.
-- synthesized logic cell 
_LC030   = LCELL( _EQ022 $  VCC);
  _EQ022 = !_LC004 &  _X006;
  _X006  = EXP( _LC001 &  _LC017 & !_LC018 & !_LC019);

-- Node name is '~137~1' 
-- Equation name is '~137~1', location is LC012, type is buried.
-- synthesized logic cell 
_LC012   = LCELL( _EQ023 $  VCC);
  _EQ023 = !_LC002 &  _X007;
  _X007  = EXP( _LC001 & !_LC017 & !_LC018 & !_LC019);

-- Node name is '~138~1' 
-- Equation name is '~138~1', location is LC014, type is buried.
-- synthesized logic cell 
_LC014   = LCELL( _EQ024 $  VCC);
  _EQ024 = !_LC021 &  _X008;
  _X008  = EXP(!_LC001 & !_LC017 & !_LC018 & !_LC019);



--     Shareable expanders that are duplicated in multiple LABs:
--    _X001 occurs in LABs A, B
--    _X002 occurs in LABs A, B
--    _X003 occurs in LABs A, B
--    _X004 occurs in LABs A, B
--    _X005 occurs in LABs A, B
--    _X006 occurs in LABs A, B
--    _X007 occurs in LABs A, B
--    _X008 occurs in LABs A, B




Project Information                                            d:\64_d2\ex.rpt

** COMPILATION SETTINGS & TIMES **

Processing Menu Commands
------------------------

Design Doctor                             = off

Logic Synthesis:

   Synthesis Type Used                    = Standard

   Default Synthesis Style                = NORMAL

      Logic option settings in 'NORMAL' style for 'MAX7000' family

      DECOMPOSE_GATES                     = on
      DUPLICATE_LOGIC_EXTRACTION          = on
      MINIMIZATION                        = full
      MULTI_LEVEL_FACTORING               = on
      NOT_GATE_PUSH_BACK                  = on
      PARALLEL_EXPANDERS                  = off
      REDUCE_LOGIC                        = on
      REFACTORIZATION                     = on
      REGISTER_OPTIMIZATION               = on
      RESYNTHESIZE_NETWORK                = on
      SLOW_SLEW_RATE                      = off
      SOFT_BUFFER_INSERTION               = on
      SUBFACTOR_EXTRACTION                = on
      TURBO_BIT                           = on
      XOR_SYNTHESIS                       = on
      IGNORE_SOFT_BUFFERS                 = off
      USE_LPM_FOR_AHDL_OPERATORS          = off

   Other logic synthesis settings:

      Automatic Global Clock              = on
      Automatic Global Clear              = on
      Automatic Global Preset             = on
      Automatic Global Output Enable      = on
      Automatic Fast I/O                  = off
      Automatic Register Packing          = off
      Automatic Open-Drain Pins           = on
      Automatic Implement in EAB          = off
      One-Hot State Machine Encoding      = off
      Optimize                            = 5

Default Timing Specifications: None

Cut All Bidir Feedback Timing Paths       = on
Cut All Clear & Preset Timing Paths       = on

Ignore Timing Assignments                 = on

Functional SNF Extractor                  = off

Linked SNF Extractor                      = off
Timing SNF Extractor                      = on
Optimize Timing SNF                       = off
Generate AHDL TDO File                    = off
Fitter Settings                           = NORMAL
Smart Recompile                           = off
Total Recompile                           = off

Interfaces Menu Commands
------------------------

EDIF Netlist Writer                       = off
Verilog Netlist Writer                    = off
VHDL Netlist Writer                       = off

Compilation Times
-----------------

   Compiler Netlist Extractor             00:00:00
   Database Builder                       00:00:00
   Logic Synthesizer                      00:00:00
   Partitioner                            00:00:00
   Fitter                                 00:00:00
   Timing SNF Extractor                   00:00:00
   Assembler                              00:00:00
   --------------------------             --------
   Total Time                             00:00:00


Memory Allocated
-----------------

Peak memory allocated during compilation  = 3,886K
