


ARM Macro Assembler    Page 1 


    1 00000000                 AREA             RESET,DATA,READONLY
    2 00000000                 EXPORT           __Vectors
    3 00000000         __Vectors
    4 00000000 10001000        DCD              0x10001000
    5 00000004 00000000        DCD              Reset_Handler
    6 00000008                 AREA             ad,CODE,READONLY
    7 00000000                 EXPORT           Reset_Handler
    8 00000000                 ENTRY
    9 00000000         Reset_Handler
   10 00000000 4811            LDR              R0,=SRC
   11 00000002 F04F 020A       MOV              R2,#10
   12 00000006 F04F 0400       MOV              R4,#0
   13 0000000A F04F 0500       MOV              R5,#0
   14 0000000E         LOOP
   15 0000000E 6803            LDR              R3,[R0]
   16 00000010 18E4            ADDS             R4,R4,R3
   17 00000012 F145 0500       ADC              R5,R5,#0
   18 00000016 F100 0004       ADD              R0,R0,#0x00000004
   19 0000001A 1E52            SUBS             R2,R2,#1
   20 0000001C D1F7            BNE              LOOP
   21 0000001E         STOP
   22 0000001E E7FE            B                STOP
   23 00000020 00000000 
              00000001 
              00000002 
              00000003 
              00000004 
              00000005 
              00000006 
              00000007 
              00000008 
              00000009 SRC     DCD              0,1,2,3,4,5,6,7,8,9
   24 00000048                 END
              00000000 
Command Line: --debug --xref --cpu=Cortex-M3 --apcs=interwork --depend=.\p1.d -
o.\p1.o -IC:\Keil\ARM\RV31\INC -IC:\Keil\ARM\CMSIS\Include -IC:\Keil\ARM\Inc\NX
P\LPC17xx --predefine="__EVAL SETA 1" --list=.\p1.lst p1.s



ARM Macro Assembler    Page 1 Alphabetic symbol ordering
Relocatable symbols

RESET 00000000

Symbol: RESET
   Definitions
      At line 1 in file p1.s
   Uses
      None
Comment: RESET unused
__Vectors 00000000

Symbol: __Vectors
   Definitions
      At line 3 in file p1.s
   Uses
      At line 2 in file p1.s
Comment: __Vectors used once
2 symbols



ARM Macro Assembler    Page 1 Alphabetic symbol ordering
Relocatable symbols

LOOP 0000000E

Symbol: LOOP
   Definitions
      At line 14 in file p1.s
   Uses
      At line 20 in file p1.s
Comment: LOOP used once
Reset_Handler 00000000

Symbol: Reset_Handler
   Definitions
      At line 9 in file p1.s
   Uses
      At line 5 in file p1.s
      At line 7 in file p1.s

SRC 00000020

Symbol: SRC
   Definitions
      At line 23 in file p1.s
   Uses
      At line 10 in file p1.s
Comment: SRC used once
STOP 0000001E

Symbol: STOP
   Definitions
      At line 21 in file p1.s
   Uses
      At line 22 in file p1.s
Comment: STOP used once
ad 00000000

Symbol: ad
   Definitions
      At line 6 in file p1.s
   Uses
      None
Comment: ad unused
5 symbols
340 symbols in table
