


ARM Macro Assembler    Page 1 


    1 00000000                 AREA             RESET,DATA,READONLY
    2 00000000                 EXPORT           __Vectors
    3 00000000         __Vectors
    4 00000000 10001000        DCD              0x10001000
    5 00000004 00000000        DCD              Reset_Handler
    6 00000008                 ALIGN
    7 00000008                 AREA             mycode,CODE,READONLY
    8 00000000                 ENTRY
    9 00000000                 EXPORT           Reset_Handler
   10 00000000         Reset_Handler
   11 00000000 4810            LDR              R0,=SRC
   12 00000002 F04F 040A       MOV              R4,#10
   13 00000006 4910            LDR              R1,=DST
   14 00000008 F04F 0100       MOV              R1,#0
   15 0000000C 6803    LOOP    LDR              R3,[R0]
   16 0000000E 4419            ADD              R1,R1,R3
   17 00000010 F100 0004       ADD              R0,#4
   18 00000014 3C01            SUBS             R4,#1
   19 00000016 D1F9            BNE              LOOP
   20 00000018         STOP
   21 00000018 E7FE            B                STOP
   22 0000001A 00 00 00000001 
              00000001 
              00000001 
              00000001 
              00000001 
              00000001 
              00000001 
              00000001 
              00000001 
              00000001 SRC     DCD              1,1,1,1,1,1,1,1,1,1
   23 00000044 00000000 
              00000000         AREA             mydata,DATA,READWRITE
   24 00000000 00000000 
                       DST     DCD              0
   25 00000004                 END
Command Line: --debug --xref --cpu=Cortex-M3 --apcs=interwork --depend=.\w2q1.d
 -o.\w2q1.o -IC:\Keil\ARM\RV31\INC -IC:\Keil\ARM\CMSIS\Include -IC:\Keil\ARM\In
c\NXP\LPC17xx --predefine="__EVAL SETA 1" --list=.\w2q1.lst WK2\w2q1.s



ARM Macro Assembler    Page 1 Alphabetic symbol ordering
Relocatable symbols

RESET 00000000

Symbol: RESET
   Definitions
      At line 1 in file WK2\w2q1.s
   Uses
      None
Comment: RESET unused
__Vectors 00000000

Symbol: __Vectors
   Definitions
      At line 3 in file WK2\w2q1.s
   Uses
      At line 2 in file WK2\w2q1.s
Comment: __Vectors used once
2 symbols



ARM Macro Assembler    Page 1 Alphabetic symbol ordering
Relocatable symbols

LOOP 0000000C

Symbol: LOOP
   Definitions
      At line 15 in file WK2\w2q1.s
   Uses
      At line 19 in file WK2\w2q1.s
Comment: LOOP used once
Reset_Handler 00000000

Symbol: Reset_Handler
   Definitions
      At line 10 in file WK2\w2q1.s
   Uses
      At line 5 in file WK2\w2q1.s
      At line 9 in file WK2\w2q1.s

SRC 0000001C

Symbol: SRC
   Definitions
      At line 22 in file WK2\w2q1.s
   Uses
      At line 11 in file WK2\w2q1.s
Comment: SRC used once
STOP 00000018

Symbol: STOP
   Definitions
      At line 20 in file WK2\w2q1.s
   Uses
      At line 21 in file WK2\w2q1.s
Comment: STOP used once
mycode 00000000

Symbol: mycode
   Definitions
      At line 7 in file WK2\w2q1.s
   Uses
      None
Comment: mycode unused
5 symbols



ARM Macro Assembler    Page 1 Alphabetic symbol ordering
Relocatable symbols

DST 00000000

Symbol: DST
   Definitions
      At line 24 in file WK2\w2q1.s
   Uses
      At line 13 in file WK2\w2q1.s
Comment: DST used once
mydata 00000000

Symbol: mydata
   Definitions
      At line 23 in file WK2\w2q1.s
   Uses
      None
Comment: mydata unused
2 symbols
342 symbols in table
