


ARM Macro Assembler    Page 1 


    1 00000000                 AREA             RESET, DATA, READONLY
    2 00000000                 EXPORT           __Vectors
    3 00000000         __Vectors
    4 00000000 10001000        DCD              0x10001000
    5 00000004 00000000        DCD              Reset_Handler
    6 00000008         
    7 00000008                 AREA             mycode, CODE, READONLY
    8 00000000                 ENTRY
    9 00000000                 EXPORT           Reset_Handler
   10 00000000         Reset_Handler
   11 00000000 4D0A            LDR              R5,=DST
   12 00000002 F04F 0603       mov              R6,#3
   13 00000006 6830            LDR              R0,[R6]
   14 00000008 F04F 0908       MOV              R9,#8
   15 0000000C         LOOP
   16 0000000C F000 010F       AND              R1,R0,#0x0F
   17 00000010 F041 0130       ORR              R1,R1,#0x30
   18 00000014 F845 1B04       STR              R1,[R5],#4
   19 00000018 EA4F 1010       LSR              R0,#4
   20 0000001C 4601            MOV              R1,R0
   21 0000001E F1B9 0901       SUBS             R9,#1
   22 00000022 D1F3            BNE              LOOP
   23 00000024         STOP
   24 00000024 E7FE            B                STOP
   25 00000026 00 00 19587658 
                       NUM     DCD              0x19587658
   26 0000002C 00000000        AREA             MYDATA, DATA, READWRITE
   27 00000000 00000000 
                       DST     DCD              0
   28 00000004                 END
Command Line: --debug --xref --cpu=Cortex-M3 --apcs=interwork --depend=.\l4_q3.
d -o.\l4_q3.o -IC:\Keil\ARM\RV31\INC -IC:\Keil\ARM\CMSIS\Include -IC:\Keil\ARM\
Inc\NXP\LPC17xx --predefine="__EVAL SETA 1" --list=.\l4_q3.lst week_4\l4_q3.s



ARM Macro Assembler    Page 1 Alphabetic symbol ordering
Relocatable symbols

RESET 00000000

Symbol: RESET
   Definitions
      At line 1 in file week_4\l4_q3.s
   Uses
      None
Comment: RESET unused
__Vectors 00000000

Symbol: __Vectors
   Definitions
      At line 3 in file week_4\l4_q3.s
   Uses
      At line 2 in file week_4\l4_q3.s
Comment: __Vectors used once
2 symbols



ARM Macro Assembler    Page 1 Alphabetic symbol ordering
Relocatable symbols

LOOP 0000000C

Symbol: LOOP
   Definitions
      At line 15 in file week_4\l4_q3.s
   Uses
      At line 22 in file week_4\l4_q3.s
Comment: LOOP used once
NUM 00000028

Symbol: NUM
   Definitions
      At line 25 in file week_4\l4_q3.s
   Uses
      None
Comment: NUM unused
Reset_Handler 00000000

Symbol: Reset_Handler
   Definitions
      At line 10 in file week_4\l4_q3.s
   Uses
      At line 5 in file week_4\l4_q3.s
      At line 9 in file week_4\l4_q3.s

STOP 00000024

Symbol: STOP
   Definitions
      At line 23 in file week_4\l4_q3.s
   Uses
      At line 24 in file week_4\l4_q3.s
Comment: STOP used once
mycode 00000000

Symbol: mycode
   Definitions
      At line 7 in file week_4\l4_q3.s
   Uses
      None
Comment: mycode unused
5 symbols



ARM Macro Assembler    Page 1 Alphabetic symbol ordering
Relocatable symbols

DST 00000000

Symbol: DST
   Definitions
      At line 27 in file week_4\l4_q3.s
   Uses
      At line 11 in file week_4\l4_q3.s
Comment: DST used once
MYDATA 00000000

Symbol: MYDATA
   Definitions
      At line 26 in file week_4\l4_q3.s
   Uses
      None
Comment: MYDATA unused
2 symbols
342 symbols in table
