


ARM Macro Assembler    Page 1 


    1 00000000                 AREA             RESET,DATA,READONLY
    2 00000000                 EXPORT           __Vectors
    3 00000000         __Vectors
    4 00000000 10001000        DCD              0x10001000
    5 00000004 00000000        DCD              Reset_Handler
    6 00000008                 AREA             Mycode,CODE,READONLY
    7 00000000                 ENTRY
    8 00000000                 EXPORT           Reset_Handler
    9 00000000         Reset_Handler
   10 00000000 480A            LDR              R0, =NUM
   11 00000002 4E0B            LDR              R6, =RESULT
   12 00000004 6801            LDR              R1, [R0]
   13 00000006 F04F 0200       MOV              R2, #0
   14 0000000A F04F 0401       MOV              R4, #1
   15 0000000E F04F 050A       MOV              R5, #10
   16 00000012         L
   17 00000012 F001 030F       AND              R3,R1,#0X0F
   18 00000016 FB03 2204       MLA              R2,R3,R4,R2
   19 0000001A 0909            MOVS             R1, R1, LSR#04
   20 0000001C FB04 F405       MUL              R4, R4, R5
   21 00000020 D1F7            BNE              L
   22 00000022 6032            STR              R2, [R6]
   23 00000024         STOP
   24 00000024 E7FE            B                STOP
   25 00000026 00 00 00000012 
                       NUM     DCD              0X000000012
   26 0000002C 00000000 
              00000000         AREA             data, DATA, READWRITE
   27 00000000 00000000 
                       RESULT  DCD              0
   28 00000004                 END
Command Line: --debug --xref --cpu=Cortex-M3 --apcs=interwork --depend=.\l4_q5.
d -o.\l4_q5.o -IC:\Keil\ARM\RV31\INC -IC:\Keil\ARM\CMSIS\Include -IC:\Keil\ARM\
Inc\NXP\LPC17xx --predefine="__EVAL SETA 1" --list=.\l4_q5.lst week_4\l4_q5.s



ARM Macro Assembler    Page 1 Alphabetic symbol ordering
Relocatable symbols

RESET 00000000

Symbol: RESET
   Definitions
      At line 1 in file week_4\l4_q5.s
   Uses
      None
Comment: RESET unused
__Vectors 00000000

Symbol: __Vectors
   Definitions
      At line 3 in file week_4\l4_q5.s
   Uses
      At line 2 in file week_4\l4_q5.s
Comment: __Vectors used once
2 symbols



ARM Macro Assembler    Page 1 Alphabetic symbol ordering
Relocatable symbols

L 00000012

Symbol: L
   Definitions
      At line 16 in file week_4\l4_q5.s
   Uses
      At line 21 in file week_4\l4_q5.s
Comment: L used once
Mycode 00000000

Symbol: Mycode
   Definitions
      At line 6 in file week_4\l4_q5.s
   Uses
      None
Comment: Mycode unused
NUM 00000028

Symbol: NUM
   Definitions
      At line 25 in file week_4\l4_q5.s
   Uses
      At line 10 in file week_4\l4_q5.s
Comment: NUM used once
Reset_Handler 00000000

Symbol: Reset_Handler
   Definitions
      At line 9 in file week_4\l4_q5.s
   Uses
      At line 5 in file week_4\l4_q5.s
      At line 8 in file week_4\l4_q5.s

STOP 00000024

Symbol: STOP
   Definitions
      At line 23 in file week_4\l4_q5.s
   Uses
      At line 24 in file week_4\l4_q5.s
Comment: STOP used once
5 symbols



ARM Macro Assembler    Page 1 Alphabetic symbol ordering
Relocatable symbols

RESULT 00000000

Symbol: RESULT
   Definitions
      At line 27 in file week_4\l4_q5.s
   Uses
      At line 11 in file week_4\l4_q5.s
Comment: RESULT used once
data 00000000

Symbol: data
   Definitions
      At line 26 in file week_4\l4_q5.s
   Uses
      None
Comment: data unused
2 symbols
342 symbols in table
