


ARM Macro Assembler    Page 1 


    1 00000000                 AREA             RESET,DATA,READONLY
    2 00000000                 EXPORT           __Vectors
    3 00000000         __Vectors
    4 00000000 10001000        DCD              0x10001000
    5 00000004 00000000        DCD              Reset_Handler
    6 00000008                 ALIGN
    7 00000008                 AREA             mycode,CODE,READONLY
    8 00000000                 ENTRY
    9 00000000                 EXPORT           Reset_Handler
   10 00000000         Reset_Handler
   11 00000000 481E            LDR              R0,=LIST    ;CODE MEMORY
   12 00000002 491F            LDR              R1,=RESULT  ;DATA MEMORY
   13 00000004 F04F 0205       MOV              R2,#5
   14 00000008         UP
   15 00000008 F850 3B04       LDR              R3,[R0],#4
   16 0000000C F841 3B04       STR              R3,[R1],#4
   17 00000010 3A01            SUBS             R2,#1
   18 00000012 D1F9            BNE              UP
   19 00000014         
   20 00000014 491A            LDR              R1,=RESULT
   21 00000016 F04F 0204       MOV              R2,#4
   22 0000001A F04F 0301       MOV              R3,#1
   23 0000001E         
   24 0000001E         L3
   25 0000001E 4293            CMP              R3,R2
   26 00000020 D820            BHI              L1
   27 00000022 460C            MOV              R4,R1
   28 00000024 460D            MOV              R5,R1
   29 00000026 F04F 0605       MOV              R6,#5
   30 0000002A F103 0701       ADD              R7,R3,#1
   31 0000002E         L2
   32 0000002E 42B7            CMP              R7,R6
   33 00000030 D80B            BHI              SWAP
   34 00000032 F8D1 8000       LDR              R8,[R1]
   35 00000036 F105 0504       ADD              R5,#4
   36 0000003A F8D5 9000       LDR              R9,[R5]
   37 0000003E 45C8            CMP              R8,R9
   38 00000040 BF28 462C       MOVCS            R4,R5
   39 00000044 F107 0701       ADD              R7,#1
   40 00000048 E7F1            B                L2
   41 0000004A         SWAP
   42 0000004A F8D4 A000       LDR              R10,[R4]
   43 0000004E F8D1 B000       LDR              R11,[R1]
   44 00000052 F8C1 A000       STR              R10,[R1]
   45 00000056 F8C4 B000       STR              R11,[R4]
   46 0000005A F103 0301       ADD              R3,#1
   47 0000005E F101 0104       ADD              R1,#4
   48 00000062 E7DC            B                L3
   49 00000064         
   50 00000064         L1
   51 00000064 E7FE            B                L1
   52 00000066         
   53 00000066 00 00           ALIGN
   54 00000068 00000003 
              00000002 
              00000004 
              00000001 
              00000005 LIST    DCD              3,2,4,1,5
   55 0000007C 00000000 



ARM Macro Assembler    Page 2 


              00000000 
              00000000         AREA             mydata,DATA,READWRITE
   56 00000000 00000000 
              00000000 
              00000000 
              00000000 
              00000000 RESULT  DCD              0,0,0,0,0
   57 00000014                 END
Command Line: --debug --xref --cpu=Cortex-M3 --apcs=interwork --depend=.\prog1s
electionsort.d -o.\prog1selectionsort.o -IC:\Keil\ARM\RV31\INC -IC:\Keil\ARM\CM
SIS\Include -IC:\Keil\ARM\Inc\NXP\LPC17xx --predefine="__EVAL SETA 1" --list=.\
prog1selectionsort.lst prog1selectionSort.s



ARM Macro Assembler    Page 1 Alphabetic symbol ordering
Relocatable symbols

RESET 00000000

Symbol: RESET
   Definitions
      At line 1 in file prog1selectionSort.s
   Uses
      None
Comment: RESET unused
__Vectors 00000000

Symbol: __Vectors
   Definitions
      At line 3 in file prog1selectionSort.s
   Uses
      At line 2 in file prog1selectionSort.s
Comment: __Vectors used once
2 symbols



ARM Macro Assembler    Page 1 Alphabetic symbol ordering
Relocatable symbols

L1 00000064

Symbol: L1
   Definitions
      At line 50 in file prog1selectionSort.s
   Uses
      At line 26 in file prog1selectionSort.s
      At line 51 in file prog1selectionSort.s

L2 0000002E

Symbol: L2
   Definitions
      At line 31 in file prog1selectionSort.s
   Uses
      At line 40 in file prog1selectionSort.s
Comment: L2 used once
L3 0000001E

Symbol: L3
   Definitions
      At line 24 in file prog1selectionSort.s
   Uses
      At line 48 in file prog1selectionSort.s
Comment: L3 used once
LIST 00000068

Symbol: LIST
   Definitions
      At line 54 in file prog1selectionSort.s
   Uses
      At line 11 in file prog1selectionSort.s
Comment: LIST used once
Reset_Handler 00000000

Symbol: Reset_Handler
   Definitions
      At line 10 in file prog1selectionSort.s
   Uses
      At line 5 in file prog1selectionSort.s
      At line 9 in file prog1selectionSort.s

SWAP 0000004A

Symbol: SWAP
   Definitions
      At line 41 in file prog1selectionSort.s
   Uses
      At line 33 in file prog1selectionSort.s
Comment: SWAP used once
UP 00000008

Symbol: UP
   Definitions
      At line 14 in file prog1selectionSort.s
   Uses
      At line 18 in file prog1selectionSort.s
Comment: UP used once
mycode 00000000



ARM Macro Assembler    Page 2 Alphabetic symbol ordering
Relocatable symbols


Symbol: mycode
   Definitions
      At line 7 in file prog1selectionSort.s
   Uses
      None
Comment: mycode unused
8 symbols



ARM Macro Assembler    Page 1 Alphabetic symbol ordering
Relocatable symbols

RESULT 00000000

Symbol: RESULT
   Definitions
      At line 56 in file prog1selectionSort.s
   Uses
      At line 12 in file prog1selectionSort.s
      At line 20 in file prog1selectionSort.s

mydata 00000000

Symbol: mydata
   Definitions
      At line 55 in file prog1selectionSort.s
   Uses
      None
Comment: mydata unused
2 symbols
345 symbols in table
