


ARM Macro Assembler    Page 1 


    1 00000000                 AREA             RESET,DATA,READONLY
    2 00000000                 EXPORT           __Vectors
    3 00000000         __Vectors
    4 00000000 10001000        DCD              0x10001000
    5 00000004 00000000        DCD              Reset_Handler
    6 00000008                 ALIGN
    7 00000008                 AREA             mycode,CODE,READONLY
    8 00000000                 ENTRY
    9 00000000                 EXPORT           Reset_Handler
   10 00000000         Reset_Handler
   11 00000000 F04F 0003       MOV              R0,#3
   12 00000004 F04F 0102       MOV              R1,#2
   13 00000008 F04F 0204       MOV              R2,#4
   14 0000000C F04F 0301       MOV              R3,#1
   15 00000010 F04F 0405       MOV              R4,#5
   16 00000014 E8AD 001F       STMIA            R13!,{R0-R4}
   17 00000018         
   18 00000018 F04F 0004       MOV              R0,#4
   19 0000001C F04F 0101       MOV              R1,#1
   20 00000020 4281    L3      CMP              R1,R0
   21 00000022 D81E            BHI              L1
   22 00000024         
   23 00000024 466A            MOV              R2,R13
   24 00000026 466B            MOV              R3,R13
   25 00000028 F04F 0405       MOV              R4,#5
   26 0000002C F101 0501       ADD              R5,R1,#1
   27 00000030         
   28 00000030         L2
   29 00000030 42A5            CMP              R5,R4
   30 00000032 D80B            BHI              SWAP
   31 00000034 F853 6C04       LDMDB            R3,{R6}
   32 00000038 F1A3 0304       SUB              R3,R3,#4
   33 0000003C F853 7C04       LDMDB            R3,{R7}
   34 00000040 42BE            CMP              R6,R7
   35 00000042 BF38 461A       MOVCC            R2,R3
   36 00000046 F105 0501       ADD              R5,#1
   37 0000004A E7F1            B                L2
   38 0000004C         
   39 0000004C         SWAP
   40 0000004C F852 8D04       LDMDB            R2!,{R8}
   41 00000050 F85A 9D04       LDMDB            R10!,{R9}
   42 00000054 F8C2 9000       STM              R2,{R9}
   43 00000058 F8CA 8000       STM              R10,{R8}
   44 0000005C F101 0101       ADD              R1,#1
   45 00000060 E7DE            B                L3
   46 00000062         
   47 00000062 E93D 0011 
                       L1      LDMDB            R13!,{R0,R4}
   48 00000066         
   49 00000066         STOP
   50 00000066 E7FE            B                STOP
   51 00000068                 END
Command Line: --debug --xref --cpu=Cortex-M3 --apcs=interwork --depend=.\prog4s
tackselectionsort.d -o.\prog4stackselectionsort.o -IC:\Keil\ARM\RV31\INC -IC:\K
eil\ARM\CMSIS\Include -IC:\Keil\ARM\Inc\NXP\LPC17xx --predefine="__EVAL SETA 1"
 --list=.\prog4stackselectionsort.lst prog4stackSelectionSort.s



ARM Macro Assembler    Page 1 Alphabetic symbol ordering
Relocatable symbols

RESET 00000000

Symbol: RESET
   Definitions
      At line 1 in file prog4stackSelectionSort.s
   Uses
      None
Comment: RESET unused
__Vectors 00000000

Symbol: __Vectors
   Definitions
      At line 3 in file prog4stackSelectionSort.s
   Uses
      At line 2 in file prog4stackSelectionSort.s
Comment: __Vectors used once
2 symbols



ARM Macro Assembler    Page 1 Alphabetic symbol ordering
Relocatable symbols

L1 00000062

Symbol: L1
   Definitions
      At line 47 in file prog4stackSelectionSort.s
   Uses
      At line 21 in file prog4stackSelectionSort.s
Comment: L1 used once
L2 00000030

Symbol: L2
   Definitions
      At line 28 in file prog4stackSelectionSort.s
   Uses
      At line 37 in file prog4stackSelectionSort.s
Comment: L2 used once
L3 00000020

Symbol: L3
   Definitions
      At line 20 in file prog4stackSelectionSort.s
   Uses
      At line 45 in file prog4stackSelectionSort.s
Comment: L3 used once
Reset_Handler 00000000

Symbol: Reset_Handler
   Definitions
      At line 10 in file prog4stackSelectionSort.s
   Uses
      At line 5 in file prog4stackSelectionSort.s
      At line 9 in file prog4stackSelectionSort.s

STOP 00000066

Symbol: STOP
   Definitions
      At line 49 in file prog4stackSelectionSort.s
   Uses
      At line 50 in file prog4stackSelectionSort.s
Comment: STOP used once
SWAP 0000004C

Symbol: SWAP
   Definitions
      At line 39 in file prog4stackSelectionSort.s
   Uses
      At line 30 in file prog4stackSelectionSort.s
Comment: SWAP used once
mycode 00000000

Symbol: mycode
   Definitions
      At line 7 in file prog4stackSelectionSort.s
   Uses
      None
Comment: mycode unused
7 symbols
340 symbols in table
