


ARM Macro Assembler    Page 1 


    1 00000000                 AREA             RESET,DATA,READONLY
    2 00000000                 EXPORT           __Vectors
    3 00000000         __Vectors
    4 00000000 10001000        DCD              0x10001000
    5 00000004 00000000        DCD              Reset_Handler
    6 00000008                 ALIGN
    7 00000008                 AREA             mycode,CODE,READONLY
    8 00000000                 ENTRY
    9 00000000                 EXPORT           Reset_Handler
   10 00000000         Reset_Handler
   11 00000000 480B            LDR              R0,=NUM
   12 00000002 490C            LDR              R1,=RESULT
   13 00000004 6802            LDR              R2,[R0]
   14 00000006 F000 F802       BL               FACT
   15 0000000A 600A            STR              R2,[R1]
   16 0000000C E7FE    STOP    B                STOP
   17 0000000E 2A00    FACT    CMP              R2,#0
   18 00000010 BF08 2201       MOVEQ            R2,#1
   19 00000014 D004            BEQ              L1
   20 00000016 B504            PUSH             {R2,LR}
   21 00000018 F1A2 0201       SUB              R2,#1
   22 0000001C F7FF FFF7       BL               FACT
   23 00000020 E8BD 4008 
                       L1      POP              {R3,LR}
   24 00000024 FB02 F203       MUL              R2,R2,R3
   25 00000028 4770            BX               LR
   26 0000002A 00 00 00000004 
                       NUM     DCD              4
   27 00000030 00000000 
              00000000         AREA             mydata,DATA,READWRITE
   28 00000000 00000000 
                       RESULT  DCD              0
   29 00000004                 END
Command Line: --debug --xref --cpu=Cortex-M3 --apcs=interwork --depend=.\prg1.d
 -o.\prg1.o -IC:\Keil\ARM\RV31\INC -IC:\Keil\ARM\CMSIS\Include -IC:\Keil\ARM\In
c\NXP\LPC17xx --predefine="__EVAL SETA 1" --list=.\prg1.lst prg1.s



ARM Macro Assembler    Page 1 Alphabetic symbol ordering
Relocatable symbols

RESET 00000000

Symbol: RESET
   Definitions
      At line 1 in file prg1.s
   Uses
      None
Comment: RESET unused
__Vectors 00000000

Symbol: __Vectors
   Definitions
      At line 3 in file prg1.s
   Uses
      At line 2 in file prg1.s
Comment: __Vectors used once
2 symbols



ARM Macro Assembler    Page 1 Alphabetic symbol ordering
Relocatable symbols

FACT 0000000E

Symbol: FACT
   Definitions
      At line 17 in file prg1.s
   Uses
      At line 14 in file prg1.s
      At line 22 in file prg1.s

L1 00000020

Symbol: L1
   Definitions
      At line 23 in file prg1.s
   Uses
      At line 19 in file prg1.s
Comment: L1 used once
NUM 0000002C

Symbol: NUM
   Definitions
      At line 26 in file prg1.s
   Uses
      At line 11 in file prg1.s
Comment: NUM used once
Reset_Handler 00000000

Symbol: Reset_Handler
   Definitions
      At line 10 in file prg1.s
   Uses
      At line 5 in file prg1.s
      At line 9 in file prg1.s

STOP 0000000C

Symbol: STOP
   Definitions
      At line 16 in file prg1.s
   Uses
      At line 16 in file prg1.s
Comment: STOP used once
mycode 00000000

Symbol: mycode
   Definitions
      At line 7 in file prg1.s
   Uses
      None
Comment: mycode unused
6 symbols



ARM Macro Assembler    Page 1 Alphabetic symbol ordering
Relocatable symbols

RESULT 00000000

Symbol: RESULT
   Definitions
      At line 28 in file prg1.s
   Uses
      At line 12 in file prg1.s
Comment: RESULT used once
mydata 00000000

Symbol: mydata
   Definitions
      At line 27 in file prg1.s
   Uses
      None
Comment: mydata unused
2 symbols
343 symbols in table
