Project Information          d:\180905188\week8\problem2\dec4to16using3to8.rpt

MAX+plus II Compiler Report File
Version 10.2 07/10/2002
Compiled: 09/28/2019 10:06:06

Copyright (C) 1988-2002 Altera Corporation
Any megafunction design, and related net list (encrypted or decrypted),
support information, device programming or simulation file, and any other
associated documentation or information provided by Altera or a partner
under Altera's Megafunction Partnership Program may be used only to
program PLD devices (but not masked PLD devices) from Altera.  Any other
use of such megafunction design, net list, support information, device
programming or simulation file, or any other related documentation or
information is prohibited for any other purpose, including, but not
limited to modification, reverse engineering, de-compiling, or use with
any other silicon devices, unless such use is explicitly licensed under
a separate agreement with Altera or a megafunction partner.  Title to
the intellectual property, including patents, copyrights, trademarks,
trade secrets, or maskworks, embodied in any such megafunction design,
net list, support information, device programming or simulation file, or
any other related documentation or information provided by Altera or a
megafunction partner, remains with Altera, the megafunction partner, or
their respective licensors.  No other licenses, including any licenses
needed under any third party's intellectual property, are provided herein.



***** Project compilation was successful




** DEVICE SUMMARY **

Chip/                     Input   Output   Bidir         Shareable
POF       Device          Pins    Pins     Pins     LCs  Expanders  % Utilized

dec4to16using3to8
      EPM7032LC44-6        5        16       0      16      0           50 %

User Pins:                 5        16       0  



Project Information          d:\180905188\week8\problem2\dec4to16using3to8.rpt

** FILE HIERARCHY **



|dec3to8:stage0|
|dec3to8:stage1|


Device-Specific Information: d:\180905188\week8\problem2\dec4to16using3to8.rpt
dec4to16using3to8

***** Logic for device 'dec4to16using3to8' compiled without errors.




Device: EPM7032LC44-6

Device Options:
    Turbo Bit                                    = ON
    Security Bit                                 = OFF

                                               
                                               
                                               
                                               
                                         n     
              n  n  e  V  G  G  G  G  G  y  n  
              w  w  n  C  N  N  N  N  N  1  y  
              1  0  2  C  D  D  D  D  D  3  5  
            -----------------------------------_ 
          /   6  5  4  3  2  1 44 43 42 41 40   | 
     nw2 |  7                                39 | ny6 
     nw3 |  8                                38 | ny12 
RESERVED |  9                                37 | ny11 
     GND | 10                                36 | ny10 
RESERVED | 11                                35 | VCC 
RESERVED | 12         EPM7032LC44-6          34 | ny4 
RESERVED | 13                                33 | ny3 
RESERVED | 14                                32 | ny14 
     VCC | 15                                31 | ny2 
RESERVED | 16                                30 | GND 
RESERVED | 17                                29 | ny1 
         |_  18 19 20 21 22 23 24 25 26 27 28  _| 
           ------------------------------------ 
              R  R  R  R  G  V  n  n  n  n  n  
              E  E  E  E  N  C  y  y  y  y  y  
              S  S  S  S  D  C  7  8  9  0  1  
              E  E  E  E                    5  
              R  R  R  R                       
              V  V  V  V                       
              E  E  E  E                       
              D  D  D  D                       


N.C. = No Connect. This pin has no internal connection to the device.
VCC = Dedicated power pin, which MUST be connected to VCC.
GND = Dedicated ground pin or unused dedicated input, which MUST be connected to GND.
RESERVED = Unused I/O pin, which MUST be left unconnected.



Device-Specific Information: d:\180905188\week8\problem2\dec4to16using3to8.rpt
dec4to16using3to8

** RESOURCE USAGE **

                                                Shareable     External
Logic Array Block     Logic Cells   I/O Pins    Expanders   Interconnect

A:     LC1 - LC16     0/16(  0%)   5/16( 31%)   0/16(  0%)   0/36(  0%) 
B:    LC17 - LC32    16/16(100%)  16/16(100%)   0/16(  0%)   5/36( 13%) 


Total dedicated input pins used:                 0/4      (  0%)
Total I/O pins used:                            21/32     ( 65%)
Total logic cells used:                         16/32     ( 50%)
Total shareable expanders used:                  0/32     (  0%)
Total Turbo logic cells used:                   16/32     ( 50%)
Total shareable expanders not available (n/a):   0/32     (  0%)
Average fan-in:                                  5.00
Total fan-in:                                    80

Total input pins required:                       5
Total output pins required:                     16
Total bidirectional pins required:               0
Total logic cells required:                     16
Total flipflops required:                        0
Total product terms required:                   16
Total logic cells lending parallel expanders:    0
Total shareable expanders in database:           0

Synthesized logic cells:                         0/  32   (  0%)



Device-Specific Information: d:\180905188\week8\problem2\dec4to16using3to8.rpt
dec4to16using3to8

** INPUTS **

                                         Shareable
                                         Expanders     Fan-In    Fan-Out
 Pin     LC  LAB  Primitive    Code   Total Shared n/a INP  FBK  OUT  FBK  Name
   4    (1)  (A)      INPUT               0      0   0    0    0   16    0  en2
   5    (2)  (A)      INPUT               0      0   0    0    0   16    0  nw0
   6    (3)  (A)      INPUT               0      0   0    0    0   16    0  nw1
   7    (4)  (A)      INPUT               0      0   0    0    0   16    0  nw2
   8    (5)  (A)      INPUT               0      0   0    0    0   16    0  nw3


Code:

s = Synthesized pin or logic cell
t = Turbo logic cell
+ = Synchronous flipflop
! = NOT gate push-back
r = Fitter-inserted logic cell


Device-Specific Information: d:\180905188\week8\problem2\dec4to16using3to8.rpt
dec4to16using3to8

** OUTPUTS **

                                         Shareable
                                         Expanders     Fan-In    Fan-Out
 Pin     LC  LAB  Primitive    Code   Total Shared n/a INP  FBK  OUT  FBK  Name
  27     29    B     OUTPUT      t        0      0   0    5    0    0    0  ny0
  29     27    B     OUTPUT      t        0      0   0    5    0    0    0  ny1
  31     26    B     OUTPUT      t        0      0   0    5    0    0    0  ny2
  33     24    B     OUTPUT      t        0      0   0    5    0    0    0  ny3
  34     23    B     OUTPUT      t        0      0   0    5    0    0    0  ny4
  40     18    B     OUTPUT      t        0      0   0    5    0    0    0  ny5
  39     19    B     OUTPUT      t        0      0   0    5    0    0    0  ny6
  24     32    B     OUTPUT      t        0      0   0    5    0    0    0  ny7
  25     31    B     OUTPUT      t        0      0   0    5    0    0    0  ny8
  26     30    B     OUTPUT      t        0      0   0    5    0    0    0  ny9
  36     22    B     OUTPUT      t        0      0   0    5    0    0    0  ny10
  37     21    B     OUTPUT      t        0      0   0    5    0    0    0  ny11
  38     20    B     OUTPUT      t        0      0   0    5    0    0    0  ny12
  41     17    B     OUTPUT      t        0      0   0    5    0    0    0  ny13
  32     25    B     OUTPUT      t        0      0   0    5    0    0    0  ny14
  28     28    B     OUTPUT      t        0      0   0    5    0    0    0  ny15


Code:

s = Synthesized pin or logic cell
t = Turbo logic cell
+ = Synchronous flipflop
! = NOT gate push-back
r = Fitter-inserted logic cell


Device-Specific Information: d:\180905188\week8\problem2\dec4to16using3to8.rpt
dec4to16using3to8

** LOGIC CELL INTERCONNECTIONS **

Logic Array Block 'B':

                                         Logic cells placed in LAB 'B'
        +------------------------------- LC29 ny0
        | +----------------------------- LC27 ny1
        | | +--------------------------- LC26 ny2
        | | | +------------------------- LC24 ny3
        | | | | +----------------------- LC23 ny4
        | | | | | +--------------------- LC18 ny5
        | | | | | | +------------------- LC19 ny6
        | | | | | | | +----------------- LC32 ny7
        | | | | | | | | +--------------- LC31 ny8
        | | | | | | | | | +------------- LC30 ny9
        | | | | | | | | | | +----------- LC22 ny10
        | | | | | | | | | | | +--------- LC21 ny11
        | | | | | | | | | | | | +------- LC20 ny12
        | | | | | | | | | | | | | +----- LC17 ny13
        | | | | | | | | | | | | | | +--- LC25 ny14
        | | | | | | | | | | | | | | | +- LC28 ny15
        | | | | | | | | | | | | | | | | 
        | | | | | | | | | | | | | | | |   Other LABs fed by signals
        | | | | | | | | | | | | | | | |   that feed LAB 'B'
LC      | | | | | | | | | | | | | | | | | A B |     Logic cells that feed LAB 'B':

Pin
4    -> * * * * * * * * * * * * * * * * | - * | <-- en2
5    -> * * * * * * * * * * * * * * * * | - * | <-- nw0
6    -> * * * * * * * * * * * * * * * * | - * | <-- nw1
7    -> * * * * * * * * * * * * * * * * | - * | <-- nw2
8    -> * * * * * * * * * * * * * * * * | - * | <-- nw3


* = The logic cell or pin is an input to the logic cell (or LAB) through the PIA.
- = The logic cell or pin is not an input to the logic cell (or LAB).


Device-Specific Information: d:\180905188\week8\problem2\dec4to16using3to8.rpt
dec4to16using3to8

** EQUATIONS **

en2      : INPUT;
nw0      : INPUT;
nw1      : INPUT;
nw2      : INPUT;
nw3      : INPUT;

-- Node name is 'ny0' 
-- Equation name is 'ny0', location is LC029, type is output.
 ny0     = LCELL( _EQ001 $  GND);
  _EQ001 =  en2 & !nw0 & !nw1 & !nw2 & !nw3;

-- Node name is 'ny1' 
-- Equation name is 'ny1', location is LC027, type is output.
 ny1     = LCELL( _EQ002 $  GND);
  _EQ002 =  en2 &  nw0 & !nw1 & !nw2 & !nw3;

-- Node name is 'ny2' 
-- Equation name is 'ny2', location is LC026, type is output.
 ny2     = LCELL( _EQ003 $  GND);
  _EQ003 =  en2 & !nw0 &  nw1 & !nw2 & !nw3;

-- Node name is 'ny3' 
-- Equation name is 'ny3', location is LC024, type is output.
 ny3     = LCELL( _EQ004 $  GND);
  _EQ004 =  en2 &  nw0 &  nw1 & !nw2 & !nw3;

-- Node name is 'ny4' 
-- Equation name is 'ny4', location is LC023, type is output.
 ny4     = LCELL( _EQ005 $  GND);
  _EQ005 =  en2 & !nw0 & !nw1 &  nw2 & !nw3;

-- Node name is 'ny5' 
-- Equation name is 'ny5', location is LC018, type is output.
 ny5     = LCELL( _EQ006 $  GND);
  _EQ006 =  en2 &  nw0 & !nw1 &  nw2 & !nw3;

-- Node name is 'ny6' 
-- Equation name is 'ny6', location is LC019, type is output.
 ny6     = LCELL( _EQ007 $  GND);
  _EQ007 =  en2 & !nw0 &  nw1 &  nw2 & !nw3;

-- Node name is 'ny7' 
-- Equation name is 'ny7', location is LC032, type is output.
 ny7     = LCELL( _EQ008 $  GND);
  _EQ008 =  en2 &  nw0 &  nw1 &  nw2 & !nw3;

-- Node name is 'ny8' 
-- Equation name is 'ny8', location is LC031, type is output.
 ny8     = LCELL( _EQ009 $  GND);
  _EQ009 =  en2 & !nw0 & !nw1 & !nw2 &  nw3;

-- Node name is 'ny9' 
-- Equation name is 'ny9', location is LC030, type is output.
 ny9     = LCELL( _EQ010 $  GND);
  _EQ010 =  en2 &  nw0 & !nw1 & !nw2 &  nw3;

-- Node name is 'ny10' 
-- Equation name is 'ny10', location is LC022, type is output.
 ny10    = LCELL( _EQ011 $  GND);
  _EQ011 =  en2 & !nw0 &  nw1 & !nw2 &  nw3;

-- Node name is 'ny11' 
-- Equation name is 'ny11', location is LC021, type is output.
 ny11    = LCELL( _EQ012 $  GND);
  _EQ012 =  en2 &  nw0 &  nw1 & !nw2 &  nw3;

-- Node name is 'ny12' 
-- Equation name is 'ny12', location is LC020, type is output.
 ny12    = LCELL( _EQ013 $  GND);
  _EQ013 =  en2 & !nw0 & !nw1 &  nw2 &  nw3;

-- Node name is 'ny13' 
-- Equation name is 'ny13', location is LC017, type is output.
 ny13    = LCELL( _EQ014 $  GND);
  _EQ014 =  en2 &  nw0 & !nw1 &  nw2 &  nw3;

-- Node name is 'ny14' 
-- Equation name is 'ny14', location is LC025, type is output.
 ny14    = LCELL( _EQ015 $  GND);
  _EQ015 =  en2 & !nw0 &  nw1 &  nw2 &  nw3;

-- Node name is 'ny15' 
-- Equation name is 'ny15', location is LC028, type is output.
 ny15    = LCELL( _EQ016 $  GND);
  _EQ016 =  en2 &  nw0 &  nw1 &  nw2 &  nw3;



--     Shareable expanders that are duplicated in multiple LABs:
--     (none)




Project Information          d:\180905188\week8\problem2\dec4to16using3to8.rpt

** COMPILATION SETTINGS & TIMES **

Processing Menu Commands
------------------------

Design Doctor                             = off

Logic Synthesis:

   Synthesis Type Used                    = Standard

   Default Synthesis Style                = NORMAL

      Logic option settings in 'NORMAL' style for 'MAX7000' family

      DECOMPOSE_GATES                     = on
      DUPLICATE_LOGIC_EXTRACTION          = on
      MINIMIZATION                        = full
      MULTI_LEVEL_FACTORING               = on
      NOT_GATE_PUSH_BACK                  = on
      PARALLEL_EXPANDERS                  = off
      REDUCE_LOGIC                        = on
      REFACTORIZATION                     = on
      REGISTER_OPTIMIZATION               = on
      RESYNTHESIZE_NETWORK                = on
      SLOW_SLEW_RATE                      = off
      SOFT_BUFFER_INSERTION               = on
      SUBFACTOR_EXTRACTION                = on
      TURBO_BIT                           = on
      XOR_SYNTHESIS                       = on
      IGNORE_SOFT_BUFFERS                 = off
      USE_LPM_FOR_AHDL_OPERATORS          = off

   Other logic synthesis settings:

      Automatic Global Clock              = on
      Automatic Global Clear              = on
      Automatic Global Preset             = on
      Automatic Global Output Enable      = on
      Automatic Fast I/O                  = off
      Automatic Register Packing          = off
      Automatic Open-Drain Pins           = on
      Automatic Implement in EAB          = off
      One-Hot State Machine Encoding      = off
      Optimize                            = 5

Default Timing Specifications: None

Cut All Bidir Feedback Timing Paths       = on
Cut All Clear & Preset Timing Paths       = on

Ignore Timing Assignments                 = on

Functional SNF Extractor                  = off

Linked SNF Extractor                      = off
Timing SNF Extractor                      = on
Optimize Timing SNF                       = off
Generate AHDL TDO File                    = off
Fitter Settings                           = NORMAL
Smart Recompile                           = off
Total Recompile                           = off

Interfaces Menu Commands
------------------------

EDIF Netlist Writer                       = off
Verilog Netlist Writer                    = off
VHDL Netlist Writer                       = off

Compilation Times
-----------------

   Compiler Netlist Extractor             00:00:00
   Database Builder                       00:00:00
   Logic Synthesizer                      00:00:01
   Partitioner                            00:00:00
   Fitter                                 00:00:00
   Timing SNF Extractor                   00:00:00
   Assembler                              00:00:00
   --------------------------             --------
   Total Time                             00:00:01


Memory Allocated
-----------------

Peak memory allocated during compilation  = 3,713K
