


ARM Macro Assembler    Page 1 


    1 00000000                 AREA             RESET,DATA,READONLY
    2 00000000                 EXPORT           __Vectors
    3 00000000         __Vectors
    4 00000000 10001000        DCD              0X10001000
    5 00000004 00000000        DCD              Reset_Handler
    6 00000008                 ALIGN
    7 00000008                 AREA             mycode,CODE,READONLY
    8 00000000                 ENTRY
    9 00000000                 EXPORT           Reset_Handler
   10 00000000         Reset_Handler
   11 00000000 4813            LDR              R0,=VAL1
   12 00000002 4914            LDR              R1,=VAL2
   13 00000004 6802            LDR              R2,[R0]
   14 00000006 680B            LDR              R3,[R1]
   15 00000008 4C13            LDR              R4,=GCD
   16 0000000A 4D14            LDR              R5,=LCM
   17 0000000C 429A    UP12    CMP              R2,R3
   18 0000000E D007            BEQ              EXIT
   19 00000010 D200            BCS              NEXT1
   20 00000012 D302            BCC              NEXT2
   21 00000014         NEXT1
   22 00000014 EBA2 0203       SUB              R2,R2,R3
   23 00000018 E7F8            B                UP12
   24 0000001A         NEXT2
   25 0000001A EBA3 0302       SUB              R3,R3,R2
   26 0000001E E7F5            B                UP12
   27 00000020         EXIT
   28 00000020 6022            STR              R2,[R4]
   29 00000022 6806            LDR              R6,[R0]
   30 00000024 680F            LDR              R7,[R1]
   31 00000026 FB06 F707       MUL              R7,R6,R7
   32 0000002A 2A01    UP      CMP              R2,#1
   33 0000002C D000            BEQ              A1
   34 0000002E D200            BCS              A2
   35 00000030         A1
   36 00000030 602F            STR              R7,[R5]
   37 00000032         A2
   38 00000032 4297    UP1     CMP              R7,R2
   39 00000034 D304            BCC              ST1
   40 00000036 EBA7 0702       SUB              R7,R7,R2
   41 0000003A F108 0801       ADD              R8,#1
   42 0000003E E7F8            B                UP1
   43 00000040 F8C5 8000 
                       ST1     STR              R8,[R5]
   44 00000044         STOP
   45 00000044 E7FE            B                STOP
   46 00000046 00 00 00000006 
                       VAL1    DCD              6
   47 0000004C 00000002 
                       VAL2    DCD              2
   48 00000050 00000000 
              00000000 
              00000000 
              00000000         AREA             mydata,DATA,READWRITE
   49 00000000 00000000 
                       GCD     DCD              0
   50 00000004 00000000 
                       LCM     DCD              0
   51 00000008                 END



ARM Macro Assembler    Page 2 


Command Line: --debug --xref --cpu=Cortex-M3 --apcs=interwork --depend=.\l3_q4.
d -o.\l3_q4.o -IC:\Keil\ARM\RV31\INC -IC:\Keil\ARM\CMSIS\Include -IC:\Keil\ARM\
Inc\NXP\LPC17xx --predefine="__EVAL SETA 1" --list=.\l3_q4.lst L3_q4.s



ARM Macro Assembler    Page 1 Alphabetic symbol ordering
Relocatable symbols

RESET 00000000

Symbol: RESET
   Definitions
      At line 1 in file L3_q4.s
   Uses
      None
Comment: RESET unused
__Vectors 00000000

Symbol: __Vectors
   Definitions
      At line 3 in file L3_q4.s
   Uses
      At line 2 in file L3_q4.s
Comment: __Vectors used once
2 symbols



ARM Macro Assembler    Page 1 Alphabetic symbol ordering
Relocatable symbols

A1 00000030

Symbol: A1
   Definitions
      At line 35 in file L3_q4.s
   Uses
      At line 33 in file L3_q4.s
Comment: A1 used once
A2 00000032

Symbol: A2
   Definitions
      At line 37 in file L3_q4.s
   Uses
      At line 34 in file L3_q4.s
Comment: A2 used once
EXIT 00000020

Symbol: EXIT
   Definitions
      At line 27 in file L3_q4.s
   Uses
      At line 18 in file L3_q4.s
Comment: EXIT used once
NEXT1 00000014

Symbol: NEXT1
   Definitions
      At line 21 in file L3_q4.s
   Uses
      At line 19 in file L3_q4.s
Comment: NEXT1 used once
NEXT2 0000001A

Symbol: NEXT2
   Definitions
      At line 24 in file L3_q4.s
   Uses
      At line 20 in file L3_q4.s
Comment: NEXT2 used once
Reset_Handler 00000000

Symbol: Reset_Handler
   Definitions
      At line 10 in file L3_q4.s
   Uses
      At line 5 in file L3_q4.s
      At line 9 in file L3_q4.s

ST1 00000040

Symbol: ST1
   Definitions
      At line 43 in file L3_q4.s
   Uses
      At line 39 in file L3_q4.s
Comment: ST1 used once
STOP 00000044




ARM Macro Assembler    Page 2 Alphabetic symbol ordering
Relocatable symbols

Symbol: STOP
   Definitions
      At line 44 in file L3_q4.s
   Uses
      At line 45 in file L3_q4.s
Comment: STOP used once
UP 0000002A

Symbol: UP
   Definitions
      At line 32 in file L3_q4.s
   Uses
      None
Comment: UP unused
UP1 00000032

Symbol: UP1
   Definitions
      At line 38 in file L3_q4.s
   Uses
      At line 42 in file L3_q4.s
Comment: UP1 used once
UP12 0000000C

Symbol: UP12
   Definitions
      At line 17 in file L3_q4.s
   Uses
      At line 23 in file L3_q4.s
      At line 26 in file L3_q4.s

VAL1 00000048

Symbol: VAL1
   Definitions
      At line 46 in file L3_q4.s
   Uses
      At line 11 in file L3_q4.s
Comment: VAL1 used once
VAL2 0000004C

Symbol: VAL2
   Definitions
      At line 47 in file L3_q4.s
   Uses
      At line 12 in file L3_q4.s
Comment: VAL2 used once
mycode 00000000

Symbol: mycode
   Definitions
      At line 7 in file L3_q4.s
   Uses
      None
Comment: mycode unused
14 symbols



ARM Macro Assembler    Page 1 Alphabetic symbol ordering
Relocatable symbols

GCD 00000000

Symbol: GCD
   Definitions
      At line 49 in file L3_q4.s
   Uses
      At line 15 in file L3_q4.s
Comment: GCD used once
LCM 00000004

Symbol: LCM
   Definitions
      At line 50 in file L3_q4.s
   Uses
      At line 16 in file L3_q4.s
Comment: LCM used once
mydata 00000000

Symbol: mydata
   Definitions
      At line 48 in file L3_q4.s
   Uses
      None
Comment: mydata unused
3 symbols
352 symbols in table
