


ARM Macro Assembler    Page 1 


    1 00000000                 AREA             RESET,DATA,READONLY
    2 00000000                 EXPORT           __Vectors
    3 00000000         __Vectors
    4 00000000 10001000        DCD              0X10001000
    5 00000004 00000000        DCD              Reset_Handler
    6 00000008                 ALIGN
    7 00000008                 AREA             mycode,CODE,READONLY
    8 00000000                 ENTRY
    9 00000000                 EXPORT           Reset_Handler
   10 00000000         Reset_Handler
   11 00000000 480A            LDR              R0,=VAL1
   12 00000002 490B            LDR              R1,=VAL2
   13 00000004 6802            LDR              R2,[R0]
   14 00000006 680B            LDR              R3,[R1]
   15 00000008 4C0A            LDR              R4,=QUOTIENT
   16 0000000A 4D0B            LDR              R5,=REMAINDER
   17 0000000C 6826            LDR              R6,[R4]
   18 0000000E 682F            LDR              R7,[R5]
   19 00000010 429A    UP      CMP              R2,R3
   20 00000012 D304            BCC              ST
   21 00000014 EBA2 0203       SUB              R2,R2,R3
   22 00000018 F106 0601       ADD              R6,#1
   23 0000001C E7F8            B                UP
   24 0000001E 6026    ST      STR              R6,[R4]
   25 00000020 602A            STR              R2,[R5]
   26 00000022         STOP
   27 00000022 E7FE            B                STOP
   28 00000024 00000012 
                       VAL1    DCD              18
   29 00000028 00000003 
                       VAL2    DCD              3
   30 0000002C 00000000 
              00000000 
              00000000 
              00000000         AREA             mydata,DATA,READWRITE
   31 00000000 00000000 
                       QUOTIENT
                               DCD              0
   32 00000004 00000000 
                       REMAINDER
                               DCD              0
   33 00000008                 END
Command Line: --debug --xref --cpu=Cortex-M3 --apcs=interwork --depend=.\l3_q2.
d -o.\l3_q2.o -IC:\Keil\ARM\RV31\INC -IC:\Keil\ARM\CMSIS\Include -IC:\Keil\ARM\
Inc\NXP\LPC17xx --predefine="__EVAL SETA 1" --list=.\l3_q2.lst l3_q2.s



ARM Macro Assembler    Page 1 Alphabetic symbol ordering
Relocatable symbols

RESET 00000000

Symbol: RESET
   Definitions
      At line 1 in file l3_q2.s
   Uses
      None
Comment: RESET unused
__Vectors 00000000

Symbol: __Vectors
   Definitions
      At line 3 in file l3_q2.s
   Uses
      At line 2 in file l3_q2.s
Comment: __Vectors used once
2 symbols



ARM Macro Assembler    Page 1 Alphabetic symbol ordering
Relocatable symbols

Reset_Handler 00000000

Symbol: Reset_Handler
   Definitions
      At line 10 in file l3_q2.s
   Uses
      At line 5 in file l3_q2.s
      At line 9 in file l3_q2.s

ST 0000001E

Symbol: ST
   Definitions
      At line 24 in file l3_q2.s
   Uses
      At line 20 in file l3_q2.s
Comment: ST used once
STOP 00000022

Symbol: STOP
   Definitions
      At line 26 in file l3_q2.s
   Uses
      At line 27 in file l3_q2.s
Comment: STOP used once
UP 00000010

Symbol: UP
   Definitions
      At line 19 in file l3_q2.s
   Uses
      At line 23 in file l3_q2.s
Comment: UP used once
VAL1 00000024

Symbol: VAL1
   Definitions
      At line 28 in file l3_q2.s
   Uses
      At line 11 in file l3_q2.s
Comment: VAL1 used once
VAL2 00000028

Symbol: VAL2
   Definitions
      At line 29 in file l3_q2.s
   Uses
      At line 12 in file l3_q2.s
Comment: VAL2 used once
mycode 00000000

Symbol: mycode
   Definitions
      At line 7 in file l3_q2.s
   Uses
      None
Comment: mycode unused
7 symbols



ARM Macro Assembler    Page 1 Alphabetic symbol ordering
Relocatable symbols

QUOTIENT 00000000

Symbol: QUOTIENT
   Definitions
      At line 31 in file l3_q2.s
   Uses
      At line 15 in file l3_q2.s
Comment: QUOTIENT used once
REMAINDER 00000004

Symbol: REMAINDER
   Definitions
      At line 32 in file l3_q2.s
   Uses
      At line 16 in file l3_q2.s
Comment: REMAINDER used once
mydata 00000000

Symbol: mydata
   Definitions
      At line 30 in file l3_q2.s
   Uses
      None
Comment: mydata unused
3 symbols
345 symbols in table
