


ARM Macro Assembler    Page 1 


    1 00000000                 AREA             RESET,DATA,READONLY
    2 00000000                 EXPORT           __Vectors
    3 00000000         __Vectors
    4 00000000 40001000        DCD              0X40001000
    5 00000004 00000000        DCD              Reset_Handler
    6 00000008                 ALIGN
    7 00000008                 AREA             mycode,CODE,READONLY
    8 00000000                 ENTRY
    9 00000000                 EXPORT           Reset_Handler
   10 00000000         Reset_Handler
   11 00000000 4907            LDR              R1,=VALUE1
   12 00000002 4A08            LDR              R2,=VALUE2
   13 00000004 680E            LDR              R6,[R1]
   14 00000006 6817            LDR              R7,[R2]
   15 00000008 FBA6 3407       UMULL            R3,R4,R6,R7
   16 0000000C 4D06            LDR              R5,=RESULT
   17 0000000E 602C            STR              R4,[R5]
   18 00000010 F105 0504       ADD              R5,#4
   19 00000014 6013            STR              R3,[R2]
   20 00000016         STOP
   21 00000016 E7FE            B                STOP
   22 00000018 54000000 
                       VALUE1  DCD              0x54000000
   23 0000001C 10000004 
                       VALUE2  DCD              0x10000004
   24 00000020 00000000 
              00000000 
              00000000         AREA             data,DATA,READWRITE
   25 00000000 00000000 
                       RESULT  DCD              0
   26 00000004                 END
Command Line: --debug --xref --cpu=Cortex-M3 --apcs=interwork --depend=.\prg1.d
 -o.\prg1.o -IC:\Keil\ARM\RV31\INC -IC:\Keil\ARM\CMSIS\Include -IC:\Keil\ARM\In
c\NXP\LPC17xx --predefine="__EVAL SETA 1" --list=.\prg1.lst prg1.s



ARM Macro Assembler    Page 1 Alphabetic symbol ordering
Relocatable symbols

RESET 00000000

Symbol: RESET
   Definitions
      At line 1 in file prg1.s
   Uses
      None
Comment: RESET unused
__Vectors 00000000

Symbol: __Vectors
   Definitions
      At line 3 in file prg1.s
   Uses
      At line 2 in file prg1.s
Comment: __Vectors used once
2 symbols



ARM Macro Assembler    Page 1 Alphabetic symbol ordering
Relocatable symbols

Reset_Handler 00000000

Symbol: Reset_Handler
   Definitions
      At line 10 in file prg1.s
   Uses
      At line 5 in file prg1.s
      At line 9 in file prg1.s

STOP 00000016

Symbol: STOP
   Definitions
      At line 20 in file prg1.s
   Uses
      At line 21 in file prg1.s
Comment: STOP used once
VALUE1 00000018

Symbol: VALUE1
   Definitions
      At line 22 in file prg1.s
   Uses
      At line 11 in file prg1.s
Comment: VALUE1 used once
VALUE2 0000001C

Symbol: VALUE2
   Definitions
      At line 23 in file prg1.s
   Uses
      At line 12 in file prg1.s
Comment: VALUE2 used once
mycode 00000000

Symbol: mycode
   Definitions
      At line 7 in file prg1.s
   Uses
      None
Comment: mycode unused
5 symbols



ARM Macro Assembler    Page 1 Alphabetic symbol ordering
Relocatable symbols

RESULT 00000000

Symbol: RESULT
   Definitions
      At line 25 in file prg1.s
   Uses
      At line 16 in file prg1.s
Comment: RESULT used once
data 00000000

Symbol: data
   Definitions
      At line 24 in file prg1.s
   Uses
      None
Comment: data unused
2 symbols
342 symbols in table
