


ARM Macro Assembler    Page 1 


    1 00000000                 AREA             RESET,DATA,READONLY
    2 00000000                 EXPORT           __Vectors
    3 00000000         __Vectors
    4 00000000 40001000        DCD              0X40001000
    5 00000004 00000000        DCD              Reset_Handler
    6 00000008                 ALIGN
    7 00000008                 AREA             mycode,CODE,READONLY
    8 00000000                 ENTRY
    9 00000000                 EXPORT           Reset_Handler
   10 00000000         Reset_Handler
   11 00000000 4804            LDR              R0,=N
   12 00000002 6801            LDR              R1,[R0]
   13 00000004 FB01 1201       MLA              R2,R1,R1,R1
   14 00000008 0855            MOVS             R5,R2,LSR #1
   15 0000000A 4B03            LDR              R3,=RES
   16 0000000C 601D            STR              R5,[R3]
   17 0000000E         STOP
   18 0000000E E7FE            B                STOP
   19 00000010 00000005 
                       N       DCD              5
   20 00000014 00000000 
              00000000         AREA             mydata,DATA,READWRITE
   21 00000000 00000000 
                       RES     DCD              0
   22 00000004                 END
Command Line: --debug --xref --cpu=Cortex-M3 --apcs=interwork --depend=.\prg2.d
 -o.\prg2.o -IC:\Keil\ARM\RV31\INC -IC:\Keil\ARM\CMSIS\Include -IC:\Keil\ARM\In
c\NXP\LPC17xx --predefine="__EVAL SETA 1" --list=.\prg2.lst prg2.s



ARM Macro Assembler    Page 1 Alphabetic symbol ordering
Relocatable symbols

RESET 00000000

Symbol: RESET
   Definitions
      At line 1 in file prg2.s
   Uses
      None
Comment: RESET unused
__Vectors 00000000

Symbol: __Vectors
   Definitions
      At line 3 in file prg2.s
   Uses
      At line 2 in file prg2.s
Comment: __Vectors used once
2 symbols



ARM Macro Assembler    Page 1 Alphabetic symbol ordering
Relocatable symbols

N 00000010

Symbol: N
   Definitions
      At line 19 in file prg2.s
   Uses
      At line 11 in file prg2.s
Comment: N used once
Reset_Handler 00000000

Symbol: Reset_Handler
   Definitions
      At line 10 in file prg2.s
   Uses
      At line 5 in file prg2.s
      At line 9 in file prg2.s

STOP 0000000E

Symbol: STOP
   Definitions
      At line 17 in file prg2.s
   Uses
      At line 18 in file prg2.s
Comment: STOP used once
mycode 00000000

Symbol: mycode
   Definitions
      At line 7 in file prg2.s
   Uses
      None
Comment: mycode unused
4 symbols



ARM Macro Assembler    Page 1 Alphabetic symbol ordering
Relocatable symbols

RES 00000000

Symbol: RES
   Definitions
      At line 21 in file prg2.s
   Uses
      At line 15 in file prg2.s
Comment: RES used once
mydata 00000000

Symbol: mydata
   Definitions
      At line 20 in file prg2.s
   Uses
      None
Comment: mydata unused
2 symbols
341 symbols in table
