


ARM Macro Assembler    Page 1 


    1 00000000                 AREA             RESET,DATA,READONLY
    2 00000000                 EXPORT           __Vectors
    3 00000000         __Vectors
    4 00000000 40001000        DCD              0X40001000
    5 00000004 00000000        DCD              Reset_Handler
    6 00000008                 ALIGN
    7 00000008                 AREA             mycode,CODE,READONLY
    8 00000000                 ENTRY
    9 00000000                 EXPORT           Reset_Handler
   10 00000000         Reset_Handler
   11 00000000 4814            LDR              R0,=VAL1
   12 00000002 6801            LDR              R1,[R0]
   13 00000004 6807            LDR              R7,[R0]
   14 00000006 4814            LDR              R0,=VAL2
   15 00000008 6802            LDR              R2,[R0]
   16 0000000A F8D0 8000       LDR              R8,[R0]
   17 0000000E 4B13            LDR              R3,=GCD
   18 00000010 4E13            LDR              R6,=LCM
   19 00000012 4291    LOOP    CMP              R1,R2
   20 00000014 D007            BEQ              STORE
   21 00000016 D300            BCC              L1
   22 00000018 D202            BCS              L2
   23 0000001A EBA2 0201 
                       L1      SUB              R2,R2,R1
   24 0000001E E7F8            B                LOOP
   25 00000020 EBA1 0102 
                       L2      SUB              R1,R1,R2
   26 00000024 E7F5            B                LOOP
   27 00000026 6019    STORE   STR              R1,[R3]
   28 00000028 FB07 F908       MUL              R9,R7,R8
   29 0000002C 2901            CMP              R1,#1
   30 0000002E D009            BEQ              STORE3
   31 00000030 E7FF            B                LC
   32 00000032 4589    LC      CMP              R9,R1
   33 00000034 D304            BCC              STORE2
   34 00000036 F1A9 0901       SUB              R9,R9,#1
   35 0000003A F105 0501       ADD              R5,R5,#1
   36 0000003E E7F8            B                LC
   37 00000040 6035    STORE2  STR              R5,[R6]
   38 00000042 E001            B                STOP
   39 00000044 F8C6 9000 
                       STORE3  STR              R9,[R6]
   40 00000048         STOP
   41 00000048 E7FE            B                STOP
   42 0000004A 00 00 00000008 
                       VAL1    DCD              8
   43 00000050 00000003 
                       VAL2    DCD              3
   44 00000054 00000000 
              00000000 
              00000000 
              00000000         AREA             mydata,DATA,READWRITE
   45 00000000 00000000 
                       GCD     DCD              0
   46 00000004 00000000 
                       LCM     DCD              0
   47 00000008                 END
Command Line: --debug --xref --cpu=Cortex-M3 --apcs=interwork --depend=.\prg4.d
 -o.\prg4.o -IC:\Keil\ARM\RV31\INC -IC:\Keil\ARM\CMSIS\Include -IC:\Keil\ARM\In



ARM Macro Assembler    Page 2 


c\NXP\LPC17xx --predefine="__EVAL SETA 1" --list=.\prg4.lst prg4.s



ARM Macro Assembler    Page 1 Alphabetic symbol ordering
Relocatable symbols

RESET 00000000

Symbol: RESET
   Definitions
      At line 1 in file prg4.s
   Uses
      None
Comment: RESET unused
__Vectors 00000000

Symbol: __Vectors
   Definitions
      At line 3 in file prg4.s
   Uses
      At line 2 in file prg4.s
Comment: __Vectors used once
2 symbols



ARM Macro Assembler    Page 1 Alphabetic symbol ordering
Relocatable symbols

L1 0000001A

Symbol: L1
   Definitions
      At line 23 in file prg4.s
   Uses
      At line 21 in file prg4.s
Comment: L1 used once
L2 00000020

Symbol: L2
   Definitions
      At line 25 in file prg4.s
   Uses
      At line 22 in file prg4.s
Comment: L2 used once
LC 00000032

Symbol: LC
   Definitions
      At line 32 in file prg4.s
   Uses
      At line 31 in file prg4.s
      At line 36 in file prg4.s

LOOP 00000012

Symbol: LOOP
   Definitions
      At line 19 in file prg4.s
   Uses
      At line 24 in file prg4.s
      At line 26 in file prg4.s

Reset_Handler 00000000

Symbol: Reset_Handler
   Definitions
      At line 10 in file prg4.s
   Uses
      At line 5 in file prg4.s
      At line 9 in file prg4.s

STOP 00000048

Symbol: STOP
   Definitions
      At line 40 in file prg4.s
   Uses
      At line 38 in file prg4.s
      At line 41 in file prg4.s

STORE 00000026

Symbol: STORE
   Definitions
      At line 27 in file prg4.s
   Uses
      At line 20 in file prg4.s



ARM Macro Assembler    Page 2 Alphabetic symbol ordering
Relocatable symbols

Comment: STORE used once
STORE2 00000040

Symbol: STORE2
   Definitions
      At line 37 in file prg4.s
   Uses
      At line 33 in file prg4.s
Comment: STORE2 used once
STORE3 00000044

Symbol: STORE3
   Definitions
      At line 39 in file prg4.s
   Uses
      At line 30 in file prg4.s
Comment: STORE3 used once
VAL1 0000004C

Symbol: VAL1
   Definitions
      At line 42 in file prg4.s
   Uses
      At line 11 in file prg4.s
Comment: VAL1 used once
VAL2 00000050

Symbol: VAL2
   Definitions
      At line 43 in file prg4.s
   Uses
      At line 14 in file prg4.s
Comment: VAL2 used once
mycode 00000000

Symbol: mycode
   Definitions
      At line 7 in file prg4.s
   Uses
      None
Comment: mycode unused
12 symbols



ARM Macro Assembler    Page 1 Alphabetic symbol ordering
Relocatable symbols

GCD 00000000

Symbol: GCD
   Definitions
      At line 45 in file prg4.s
   Uses
      At line 17 in file prg4.s
Comment: GCD used once
LCM 00000004

Symbol: LCM
   Definitions
      At line 46 in file prg4.s
   Uses
      At line 18 in file prg4.s
Comment: LCM used once
mydata 00000000

Symbol: mydata
   Definitions
      At line 44 in file prg4.s
   Uses
      None
Comment: mydata unused
3 symbols
350 symbols in table
