Project Information                  d:\180905206_b1_akshat\week5\comp5bit.rpt

MAX+plus II Compiler Report File
Version 10.2 07/10/2002
Compiled: 08/28/2019 09:59:11

Copyright (C) 1988-2002 Altera Corporation
Any megafunction design, and related net list (encrypted or decrypted),
support information, device programming or simulation file, and any other
associated documentation or information provided by Altera or a partner
under Altera's Megafunction Partnership Program may be used only to
program PLD devices (but not masked PLD devices) from Altera.  Any other
use of such megafunction design, net list, support information, device
programming or simulation file, or any other related documentation or
information is prohibited for any other purpose, including, but not
limited to modification, reverse engineering, de-compiling, or use with
any other silicon devices, unless such use is explicitly licensed under
a separate agreement with Altera or a megafunction partner.  Title to
the intellectual property, including patents, copyrights, trademarks,
trade secrets, or maskworks, embodied in any such megafunction design,
net list, support information, device programming or simulation file, or
any other related documentation or information provided by Altera or a
megafunction partner, remains with Altera, the megafunction partner, or
their respective licensors.  No other licenses, including any licenses
needed under any third party's intellectual property, are provided herein.



***** Project compilation was successful




** DEVICE SUMMARY **

Chip/                     Input   Output   Bidir         Shareable
POF       Device          Pins    Pins     Pins     LCs  Expanders  % Utilized

comp5bit  EPM7032LC44-6    10       3        0      3       8           9  %

User Pins:                 10       3        0  



Device-Specific Information:         d:\180905206_b1_akshat\week5\comp5bit.rpt
comp5bit

***** Logic for device 'comp5bit' compiled without errors.




Device: EPM7032LC44-6

Device Options:
    Turbo Bit                                    = ON
    Security Bit                                 = OFF

                                               
                                               
                                               
                                               
                                         x  x  
                       V  G  G  G  G  G  l  g  
              y  y  y  C  N  N  N  N  N  t  t  
              2  3  4  C  D  D  D  D  D  y  y  
            -----------------------------------_ 
          /   6  5  4  3  2  1 44 43 42 41 40   | 
      y1 |  7                                39 | xeqy 
      y0 |  8                                38 | RESERVED 
      x4 |  9                                37 | RESERVED 
     GND | 10                                36 | RESERVED 
      x3 | 11                                35 | VCC 
      x2 | 12         EPM7032LC44-6          34 | RESERVED 
      x1 | 13                                33 | RESERVED 
      x0 | 14                                32 | RESERVED 
     VCC | 15                                31 | RESERVED 
RESERVED | 16                                30 | GND 
RESERVED | 17                                29 | RESERVED 
         |_  18 19 20 21 22 23 24 25 26 27 28  _| 
           ------------------------------------ 
              R  R  R  R  G  V  R  R  R  R  R  
              E  E  E  E  N  C  E  E  E  E  E  
              S  S  S  S  D  C  S  S  S  S  S  
              E  E  E  E        E  E  E  E  E  
              R  R  R  R        R  R  R  R  R  
              V  V  V  V        V  V  V  V  V  
              E  E  E  E        E  E  E  E  E  
              D  D  D  D        D  D  D  D  D  


N.C. = No Connect. This pin has no internal connection to the device.
VCC = Dedicated power pin, which MUST be connected to VCC.
GND = Dedicated ground pin or unused dedicated input, which MUST be connected to GND.
RESERVED = Unused I/O pin, which MUST be left unconnected.



Device-Specific Information:         d:\180905206_b1_akshat\week5\comp5bit.rpt
comp5bit

** RESOURCE USAGE **

                                                Shareable     External
Logic Array Block     Logic Cells   I/O Pins    Expanders   Interconnect

A:     LC1 - LC16     0/16(  0%)  10/16( 62%)   0/16(  0%)   0/36(  0%) 
B:    LC17 - LC32     3/16( 18%)   3/16( 18%)  11/16( 68%)  10/36( 27%) 


Total dedicated input pins used:                 0/4      (  0%)
Total I/O pins used:                            13/32     ( 40%)
Total logic cells used:                          3/32     (  9%)
Total shareable expanders used:                  8/32     ( 25%)
Total Turbo logic cells used:                    3/32     (  9%)
Total shareable expanders not available (n/a):   3/32     (  9%)
Average fan-in:                                  10.00
Total fan-in:                                    30

Total input pins required:                      10
Total output pins required:                      3
Total bidirectional pins required:               0
Total logic cells required:                      3
Total flipflops required:                        0
Total product terms required:                   23
Total logic cells lending parallel expanders:    0
Total shareable expanders in database:           8

Synthesized logic cells:                         0/  32   (  0%)



Device-Specific Information:         d:\180905206_b1_akshat\week5\comp5bit.rpt
comp5bit

** INPUTS **

                                         Shareable
                                         Expanders     Fan-In    Fan-Out
 Pin     LC  LAB  Primitive    Code   Total Shared n/a INP  FBK  OUT  FBK  Name
  14   (10)  (A)      INPUT               0      0   0    0    0    3    0  x0
  13    (9)  (A)      INPUT               0      0   0    0    0    3    0  x1
  12    (8)  (A)      INPUT               0      0   0    0    0    3    0  x2
  11    (7)  (A)      INPUT               0      0   0    0    0    3    0  x3
   9    (6)  (A)      INPUT               0      0   0    0    0    3    0  x4
   8    (5)  (A)      INPUT               0      0   0    0    0    3    0  y0
   7    (4)  (A)      INPUT               0      0   0    0    0    3    0  y1
   6    (3)  (A)      INPUT               0      0   0    0    0    3    0  y2
   5    (2)  (A)      INPUT               0      0   0    0    0    3    0  y3
   4    (1)  (A)      INPUT               0      0   0    0    0    3    0  y4


Code:

s = Synthesized pin or logic cell
t = Turbo logic cell
+ = Synchronous flipflop
! = NOT gate push-back
r = Fitter-inserted logic cell


Device-Specific Information:         d:\180905206_b1_akshat\week5\comp5bit.rpt
comp5bit

** OUTPUTS **

                                         Shareable
                                         Expanders     Fan-In    Fan-Out
 Pin     LC  LAB  Primitive    Code   Total Shared n/a INP  FBK  OUT  FBK  Name
  39     19    B     OUTPUT      t        7      6   1   10    0    0    0  xeqy
  40     18    B     OUTPUT      t        5      3   1   10    0    0    0  xgty
  41     17    B     OUTPUT      t        5      3   1   10    0    0    0  xlty


Code:

s = Synthesized pin or logic cell
t = Turbo logic cell
+ = Synchronous flipflop
! = NOT gate push-back
r = Fitter-inserted logic cell


Device-Specific Information:         d:\180905206_b1_akshat\week5\comp5bit.rpt
comp5bit

** LOGIC CELL INTERCONNECTIONS **

Logic Array Block 'B':

               Logic cells placed in LAB 'B'
        +----- LC19 xeqy
        | +--- LC18 xgty
        | | +- LC17 xlty
        | | | 
        | | |   Other LABs fed by signals
        | | |   that feed LAB 'B'
LC      | | | | A B |     Logic cells that feed LAB 'B':

Pin
14   -> * * * | - * | <-- x0
13   -> * * * | - * | <-- x1
12   -> * * * | - * | <-- x2
11   -> * * * | - * | <-- x3
9    -> * * * | - * | <-- x4
8    -> * * * | - * | <-- y0
7    -> * * * | - * | <-- y1
6    -> * * * | - * | <-- y2
5    -> * * * | - * | <-- y3
4    -> * * * | - * | <-- y4


* = The logic cell or pin is an input to the logic cell (or LAB) through the PIA.
- = The logic cell or pin is not an input to the logic cell (or LAB).


Device-Specific Information:         d:\180905206_b1_akshat\week5\comp5bit.rpt
comp5bit

** EQUATIONS **

x0       : INPUT;
x1       : INPUT;
x2       : INPUT;
x3       : INPUT;
x4       : INPUT;
y0       : INPUT;
y1       : INPUT;
y2       : INPUT;
y3       : INPUT;
y4       : INPUT;

-- Node name is 'xeqy' 
-- Equation name is 'xeqy', location is LC019, type is output.
 xeqy    = LCELL( _EQ001 $  _EQ002);
  _EQ001 =  x0 &  _X001 &  _X002 &  _X003 &  _X004 &  _X005 &  _X006 & !y0
         # !x0 &  _X001 &  _X002 &  _X003 &  _X004 &  _X005 &  _X006 &  y0
         #  x1 &  _X001 &  _X002 &  _X003 &  _X004 &  _X005 &  _X006 & !y1
         # !x1 &  _X001 &  _X002 &  _X003 &  _X004 &  _X005 &  _X006 &  y1;
  _X001  = EXP(!x2 &  y2);
  _X002  = EXP( x2 & !y2);
  _X003  = EXP( x3 & !y3);
  _X004  = EXP(!x3 &  y3);
  _X005  = EXP( x4 & !y4);
  _X006  = EXP(!x4 &  y4);
  _EQ002 =  _X001 &  _X002 &  _X003 &  _X004 &  _X005 &  _X006;
  _X001  = EXP(!x2 &  y2);
  _X002  = EXP( x2 & !y2);
  _X003  = EXP( x3 & !y3);
  _X004  = EXP(!x3 &  y3);
  _X005  = EXP( x4 & !y4);
  _X006  = EXP(!x4 &  y4);

-- Node name is 'xgty' 
-- Equation name is 'xgty', location is LC018, type is output.
 xgty    = LCELL( _EQ003 $  GND);
  _EQ003 =  x0 &  _X001 &  _X004 &  _X006 &  _X007 & !y0
         #  x1 &  _X001 &  _X004 &  _X006 & !y1
         #  x2 &  _X004 &  _X006 & !y2
         #  x3 &  _X006 & !y3
         #  x4 & !y4;
  _X001  = EXP(!x2 &  y2);
  _X004  = EXP(!x3 &  y3);
  _X006  = EXP(!x4 &  y4);
  _X007  = EXP(!x1 &  y1);

-- Node name is 'xlty' 
-- Equation name is 'xlty', location is LC017, type is output.
 xlty    = LCELL( _EQ004 $  GND);
  _EQ004 = !x0 &  _X002 &  _X003 &  _X005 &  _X008 &  y0
         # !x1 &  _X002 &  _X003 &  _X005 &  y1
         # !x2 &  _X003 &  _X005 &  y2
         # !x3 &  _X005 &  y3
         # !x4 &  y4;
  _X002  = EXP( x2 & !y2);
  _X003  = EXP( x3 & !y3);
  _X005  = EXP( x4 & !y4);
  _X008  = EXP( x1 & !y1);



--     Shareable expanders that are duplicated in multiple LABs:
--     (none)




Project Information                  d:\180905206_b1_akshat\week5\comp5bit.rpt

** COMPILATION SETTINGS & TIMES **

Processing Menu Commands
------------------------

Design Doctor                             = off

Logic Synthesis:

   Synthesis Type Used                    = Standard

   Default Synthesis Style                = NORMAL

      Logic option settings in 'NORMAL' style for 'MAX7000' family

      DECOMPOSE_GATES                     = on
      DUPLICATE_LOGIC_EXTRACTION          = on
      MINIMIZATION                        = full
      MULTI_LEVEL_FACTORING               = on
      NOT_GATE_PUSH_BACK                  = on
      PARALLEL_EXPANDERS                  = off
      REDUCE_LOGIC                        = on
      REFACTORIZATION                     = on
      REGISTER_OPTIMIZATION               = on
      RESYNTHESIZE_NETWORK                = on
      SLOW_SLEW_RATE                      = off
      SOFT_BUFFER_INSERTION               = on
      SUBFACTOR_EXTRACTION                = on
      TURBO_BIT                           = on
      XOR_SYNTHESIS                       = on
      IGNORE_SOFT_BUFFERS                 = off
      USE_LPM_FOR_AHDL_OPERATORS          = off

   Other logic synthesis settings:

      Automatic Global Clock              = on
      Automatic Global Clear              = on
      Automatic Global Preset             = on
      Automatic Global Output Enable      = on
      Automatic Fast I/O                  = off
      Automatic Register Packing          = off
      Automatic Open-Drain Pins           = on
      Automatic Implement in EAB          = off
      One-Hot State Machine Encoding      = off
      Optimize                            = 5

Default Timing Specifications: None

Cut All Bidir Feedback Timing Paths       = on
Cut All Clear & Preset Timing Paths       = on

Ignore Timing Assignments                 = on

Functional SNF Extractor                  = off

Linked SNF Extractor                      = off
Timing SNF Extractor                      = on
Optimize Timing SNF                       = off
Generate AHDL TDO File                    = off
Fitter Settings                           = NORMAL
Smart Recompile                           = off
Total Recompile                           = off

Interfaces Menu Commands
------------------------

EDIF Netlist Writer                       = off
Verilog Netlist Writer                    = off
VHDL Netlist Writer                       = off

Compilation Times
-----------------

   Compiler Netlist Extractor             00:00:00
   Database Builder                       00:00:01
   Logic Synthesizer                      00:00:00
   Partitioner                            00:00:00
   Fitter                                 00:00:00
   Timing SNF Extractor                   00:00:00
   Assembler                              00:00:00
   --------------------------             --------
   Total Time                             00:00:01


Memory Allocated
-----------------

Peak memory allocated during compilation  = 4,482K
