


ARM Macro Assembler    Page 1 


    1 00000000                 AREA             RESET,DATA,READONLY
    2 00000000                 EXPORT           __Vectors
    3 00000000         __Vectors
    4 00000000 10001000        DCD              0x10001000
    5 00000004 00000000        DCD              Reset_Handler
    6 00000008                 AREA             bcd_mult,CODE,READONLY
    7 00000000                 EXPORT           Reset_Handler
    8 00000000                 ENTRY
    9 00000000         Reset_Handler
   10 00000000 4829            LDR              R0,=N1
   11 00000002 6802            LDR              R2,[R0]
   12 00000004 F000 F811       BL               BCD_HEX
   13 00000008 46A9            MOV              R9,R5
   14 0000000A 4828            LDR              R0,=N2
   15 0000000C 6802            LDR              R2,[R0]
   16 0000000E F000 F80C       BL               BCD_HEX
   17 00000012 46AA            MOV              R10,R5
   18 00000014 FB09 F90A       MUL              R9,R10
   19 00000018 F000 F81B       BL               HEX_BCD
   20 0000001C 4824            LDR              R0,=RES
   21 0000001E F8DF 9094       LDR              R9,=TEMP
   22 00000022 F8D9 1000       LDR              R1,[R9]
   23 00000026 6001            STR              R1,[R0]
   24 00000028         STOP
   25 00000028 E7FE            B                STOP
   26 0000002A         BCD_HEX
   27 0000002A 4611            MOV              R1,R2
   28 0000002C F04F 0301       MOV              R3,#1
   29 00000030 F04F 0500       MOV              R5,#0
   30 00000034 F04F 040A       MOV              R4,#10
   31 00000038 F04F 020F       MOV              R2,#0xF
   32 0000003C         LOOP
   33 0000003C EA01 0602       AND              R6,R1,R2
   34 00000040 FB06 5503       MLA              R5,R6,R3,R5
   35 00000044 FB03 F304       MUL              R3,R3,R4
   36 00000048 EA4F 1111       LSR              R1,#4
   37 0000004C 2900            CMP              R1,#0
   38 0000004E D1F5            BNE              LOOP
   39 00000050 4770            BX               LR
   40 00000052         HEX_BCD
   41 00000052 4E18            LDR              R6,=TEMP
   42 00000054 F04F 0200       MOV              R2,#0
   43 00000058 4649            MOV              R1,R9
   44 0000005A         UP1
   45 0000005A 290A            CMP              R1,#0xA
   46 0000005C D304            BCC              STORE
   47 0000005E F1A1 010A       SUB              R1,#0xA
   48 00000062 F102 0201       ADD              R2,#01
   49 00000066 E7F8            B                UP1
   50 00000068         STORE
   51 00000068 F806 1B01       STRB             R1,[R6],#1
   52 0000006C 4611            MOV              R1,R2
   53 0000006E F04F 0200       MOV              R2,#0
   54 00000072 290A            CMP              R1,#0xA
   55 00000074 D2F1            BCS              UP1
   56 00000076 7031            STRB             R1,[R6]
   57 00000078 4E0E            LDR              R6,=TEMP
   58 0000007A 6830            LDR              R0,[R6]
   59 0000007C F04F 020F       MOV              R2,#0xF



ARM Macro Assembler    Page 2 


   60 00000080 F04F 0300       MOV              R3,#0
   61 00000084 F04F 0404       MOV              R4,#4
   62 00000088         LOOP1
   63 00000088 EA00 0502       AND              R5,R0,R2
   64 0000008C EA4F 1202       LSL              R2,#4
   65 00000090 EA4F 1010       LSR              R0,#4
   66 00000094 EA43 0305       ORR              R3,R5
   67 00000098 3C01            SUBS             R4,#1
   68 0000009A D1F5            BNE              LOOP1
   69 0000009C 6033            STR              R3,[R6]
   70 0000009E 4770            BX               LR
   71 000000A0 00000005 
                       N1      DCD              0x5
   72 000000A4 00000003 
                       N2      DCD              0x3
   73 000000A8 00000000 
              00000000 
              00000000 
              00000000 
              00000000 
              00000000         AREA             mydata,DATA,READWRITE
   74 00000000 00000000 
                       RES     DCD              0
   75 00000004 00000000 
                       TEMP    DCD              0
   76 00000008                 END
Command Line: --debug --xref --cpu=Cortex-M3 --apcs=interwork --depend=.\bcd_mu
lt.d -o.\bcd_mult.o -IC:\Keil\ARM\RV31\INC -IC:\Keil\ARM\CMSIS\Include -IC:\Kei
l\ARM\Inc\NXP\LPC17xx --predefine="__EVAL SETA 1" --list=.\bcd_mult.lst bcd_mul
t.s



ARM Macro Assembler    Page 1 Alphabetic symbol ordering
Relocatable symbols

RESET 00000000

Symbol: RESET
   Definitions
      At line 1 in file bcd_mult.s
   Uses
      None
Comment: RESET unused
__Vectors 00000000

Symbol: __Vectors
   Definitions
      At line 3 in file bcd_mult.s
   Uses
      At line 2 in file bcd_mult.s
Comment: __Vectors used once
2 symbols



ARM Macro Assembler    Page 1 Alphabetic symbol ordering
Relocatable symbols

BCD_HEX 0000002A

Symbol: BCD_HEX
   Definitions
      At line 26 in file bcd_mult.s
   Uses
      At line 12 in file bcd_mult.s
      At line 16 in file bcd_mult.s

HEX_BCD 00000052

Symbol: HEX_BCD
   Definitions
      At line 40 in file bcd_mult.s
   Uses
      At line 19 in file bcd_mult.s
Comment: HEX_BCD used once
LOOP 0000003C

Symbol: LOOP
   Definitions
      At line 32 in file bcd_mult.s
   Uses
      At line 38 in file bcd_mult.s
Comment: LOOP used once
LOOP1 00000088

Symbol: LOOP1
   Definitions
      At line 62 in file bcd_mult.s
   Uses
      At line 68 in file bcd_mult.s
Comment: LOOP1 used once
N1 000000A0

Symbol: N1
   Definitions
      At line 71 in file bcd_mult.s
   Uses
      At line 10 in file bcd_mult.s
Comment: N1 used once
N2 000000A4

Symbol: N2
   Definitions
      At line 72 in file bcd_mult.s
   Uses
      At line 14 in file bcd_mult.s
Comment: N2 used once
Reset_Handler 00000000

Symbol: Reset_Handler
   Definitions
      At line 9 in file bcd_mult.s
   Uses
      At line 5 in file bcd_mult.s
      At line 7 in file bcd_mult.s

STOP 00000028



ARM Macro Assembler    Page 2 Alphabetic symbol ordering
Relocatable symbols


Symbol: STOP
   Definitions
      At line 24 in file bcd_mult.s
   Uses
      At line 25 in file bcd_mult.s
Comment: STOP used once
STORE 00000068

Symbol: STORE
   Definitions
      At line 50 in file bcd_mult.s
   Uses
      At line 46 in file bcd_mult.s
Comment: STORE used once
UP1 0000005A

Symbol: UP1
   Definitions
      At line 44 in file bcd_mult.s
   Uses
      At line 49 in file bcd_mult.s
      At line 55 in file bcd_mult.s

bcd_mult 00000000

Symbol: bcd_mult
   Definitions
      At line 6 in file bcd_mult.s
   Uses
      None
Comment: bcd_mult unused
11 symbols



ARM Macro Assembler    Page 1 Alphabetic symbol ordering
Relocatable symbols

RES 00000000

Symbol: RES
   Definitions
      At line 74 in file bcd_mult.s
   Uses
      At line 20 in file bcd_mult.s
Comment: RES used once
TEMP 00000004

Symbol: TEMP
   Definitions
      At line 75 in file bcd_mult.s
   Uses
      At line 21 in file bcd_mult.s
      At line 41 in file bcd_mult.s
      At line 57 in file bcd_mult.s

mydata 00000000

Symbol: mydata
   Definitions
      At line 73 in file bcd_mult.s
   Uses
      None
Comment: mydata unused
3 symbols
349 symbols in table
