


ARM Macro Assembler    Page 1 


    1 00000000                 AREA             RESET,DATA,READONLY
    2 00000000                 EXPORT           __Vectors
    3 00000000         __Vectors
    4 00000000 10001000        DCD              0x10001000
    5 00000004 00000000        DCD              Reset_Handler
    6 00000008                 AREA             bcd_add,CODE,READONLY
    7 00000000                 EXPORT           Reset_Handler
    8 00000000                 ENTRY
    9 00000000         Reset_Handler
   10 00000000 4819            LDR              R0,=N1
   11 00000002 6802            LDR              R2,[R0]
   12 00000004 4819            LDR              R0,=N2
   13 00000006 6801            LDR              R1,[R0]
   14 00000008 4819            LDR              R0,=DST
   15 0000000A F04F 0508       MOV              R5,#8
   16 0000000E F04F 0600       MOV              R6,#0
   17 00000012 F04F 090F       MOV              R9,#0xF
   18 00000016 F04F 0400       MOV              R4,#0
   19 0000001A         UP
   20 0000001A 4617            MOV              R7,R2
   21 0000001C 4688            MOV              R8,R1
   22 0000001E EA07 0709       AND              R7,R9
   23 00000022 FA27 F704       LSR              R7,R4
   24 00000026 4437            ADD              R7,R6
   25 00000028 F04F 0600       MOV              R6,#0
   26 0000002C EA08 0809       AND              R8,R9
   27 00000030 FA28 F804       LSR              R8,R4
   28 00000034 F000 F808       BL               ADDN
   29 00000038 F104 0404       ADD              R4,#4
   30 0000003C EA4F 1909       LSL              R9,#4
   31 00000040 3D01            SUBS             R5,#1
   32 00000042 D1EA            BNE              UP
   33 00000044 7006            STRB             R6,[R0]
   34 00000046         STOP
   35 00000046 E7FE            B                STOP
   36 00000048         ADDN
   37 00000048 EB17 0708       ADDS             R7,R8
   38 0000004C 2F0A            CMP              R7,#0xA
   39 0000004E D303            BCC              STORE
   40 00000050 F1A7 070A       SUB              R7,#0xA
   41 00000054 F106 0601       ADD              R6,#01
   42 00000058         STORE
   43 00000058 F800 7B01       STRB             R7,[R0],#1
   44 0000005C 4770            BX               LR
   45 0000005E 00 00 00002341 
                       N1      DCD              0x2341
   46 00000064 00005638 
                       N2      DCD              0x5638
   47 00000068 00000000 
              00000000 
              00000000         AREA             mydata,DATA,READWRITE
   48 00000000 00000000 
                       DST     DCD              0
   49 00000004                 END
Command Line: --debug --xref --cpu=Cortex-M3 --apcs=interwork --depend=.\bcd_ad
d.d -o.\bcd_add.o -IC:\Keil\ARM\RV31\INC -IC:\Keil\ARM\CMSIS\Include -IC:\Keil\
ARM\Inc\NXP\LPC17xx --predefine="__EVAL SETA 1" --list=.\bcd_add.lst bcd_add.s



ARM Macro Assembler    Page 1 Alphabetic symbol ordering
Relocatable symbols

RESET 00000000

Symbol: RESET
   Definitions
      At line 1 in file bcd_add.s
   Uses
      None
Comment: RESET unused
__Vectors 00000000

Symbol: __Vectors
   Definitions
      At line 3 in file bcd_add.s
   Uses
      At line 2 in file bcd_add.s
Comment: __Vectors used once
2 symbols



ARM Macro Assembler    Page 1 Alphabetic symbol ordering
Relocatable symbols

ADDN 00000048

Symbol: ADDN
   Definitions
      At line 36 in file bcd_add.s
   Uses
      At line 28 in file bcd_add.s
Comment: ADDN used once
N1 00000060

Symbol: N1
   Definitions
      At line 45 in file bcd_add.s
   Uses
      At line 10 in file bcd_add.s
Comment: N1 used once
N2 00000064

Symbol: N2
   Definitions
      At line 46 in file bcd_add.s
   Uses
      At line 12 in file bcd_add.s
Comment: N2 used once
Reset_Handler 00000000

Symbol: Reset_Handler
   Definitions
      At line 9 in file bcd_add.s
   Uses
      At line 5 in file bcd_add.s
      At line 7 in file bcd_add.s

STOP 00000046

Symbol: STOP
   Definitions
      At line 34 in file bcd_add.s
   Uses
      At line 35 in file bcd_add.s
Comment: STOP used once
STORE 00000058

Symbol: STORE
   Definitions
      At line 42 in file bcd_add.s
   Uses
      At line 39 in file bcd_add.s
Comment: STORE used once
UP 0000001A

Symbol: UP
   Definitions
      At line 19 in file bcd_add.s
   Uses
      At line 32 in file bcd_add.s
Comment: UP used once
bcd_add 00000000




ARM Macro Assembler    Page 2 Alphabetic symbol ordering
Relocatable symbols

Symbol: bcd_add
   Definitions
      At line 6 in file bcd_add.s
   Uses
      None
Comment: bcd_add unused
8 symbols



ARM Macro Assembler    Page 1 Alphabetic symbol ordering
Relocatable symbols

DST 00000000

Symbol: DST
   Definitions
      At line 48 in file bcd_add.s
   Uses
      At line 14 in file bcd_add.s
Comment: DST used once
mydata 00000000

Symbol: mydata
   Definitions
      At line 47 in file bcd_add.s
   Uses
      None
Comment: mydata unused
2 symbols
345 symbols in table
