


ARM Macro Assembler    Page 1 


    1 00000000                 AREA             RESET,DATA,READONLY
    2 00000000                 EXPORT           __Vectors
    3 00000000         __Vectors
    4 00000000 10001000        DCD              0x10001000
    5 00000004 00000000        DCD              Reset_Handler
    6 00000008                 AREA             hex_bcd,CODE,READONLY
    7 00000000                 EXPORT           Reset_Handler
    8 00000000                 ENTRY
    9 00000000         Reset_Handler
   10 00000000 4E14            LDR              R6,=RES
   11 00000002 F04F 0200       MOV              R2,#0
   12 00000006 4814            LDR              R0,=VAL
   13 00000008 6801            LDR              R1,[R0]
   14 0000000A         UP
   15 0000000A 290A            CMP              R1,#0xA
   16 0000000C D304            BCC              STORE
   17 0000000E F1A1 010A       SUB              R1,#0xA
   18 00000012 F102 0201       ADD              R2,#01
   19 00000016 E7F8            B                UP
   20 00000018         STORE
   21 00000018 F806 1B01       STRB             R1,[R6],#1
   22 0000001C 4611            MOV              R1,R2
   23 0000001E F04F 0200       MOV              R2,#0
   24 00000022 290A            CMP              R1,#0xA
   25 00000024 D2F1            BCS              UP
   26 00000026 7031            STRB             R1,[R6]
   27 00000028 4E0A            LDR              R6,=RES
   28 0000002A 6830            LDR              R0,[R6]
   29 0000002C F04F 020F       MOV              R2,#0xF
   30 00000030 F04F 0300       MOV              R3,#0
   31 00000034 F04F 0404       MOV              R4,#4
   32 00000038         LOOP
   33 00000038 EA00 0502       AND              R5,R0,R2
   34 0000003C EA4F 1202       LSL              R2,#4
   35 00000040 EA4F 1010       LSR              R0,#4
   36 00000044 EA43 0305       ORR              R3,R5
   37 00000048 3C01            SUBS             R4,#1
   38 0000004A D1F5            BNE              LOOP
   39 0000004C 6033            STR              R3,[R6]
   40 0000004E         STOP
   41 0000004E E7FE            B                STOP
   42 00000050 00000021 
                       VAL     DCD              0x21
   43 00000054 00000000 
              00000000 
              00000000         AREA             mydata,DATA,READWRITE
   44 00000000 00000000 
                       RES     DCD              0
   45 00000004                 END
Command Line: --debug --xref --cpu=Cortex-M3 --apcs=interwork --depend=.\hex_bc
d.d -o.\hex_bcd.o -IC:\Keil\ARM\RV31\INC -IC:\Keil\ARM\CMSIS\Include -IC:\Keil\
ARM\Inc\NXP\LPC17xx --predefine="__EVAL SETA 1" --list=.\hex_bcd.lst hex_bcd.s



ARM Macro Assembler    Page 1 Alphabetic symbol ordering
Relocatable symbols

RESET 00000000

Symbol: RESET
   Definitions
      At line 1 in file hex_bcd.s
   Uses
      None
Comment: RESET unused
__Vectors 00000000

Symbol: __Vectors
   Definitions
      At line 3 in file hex_bcd.s
   Uses
      At line 2 in file hex_bcd.s
Comment: __Vectors used once
2 symbols



ARM Macro Assembler    Page 1 Alphabetic symbol ordering
Relocatable symbols

LOOP 00000038

Symbol: LOOP
   Definitions
      At line 32 in file hex_bcd.s
   Uses
      At line 38 in file hex_bcd.s
Comment: LOOP used once
Reset_Handler 00000000

Symbol: Reset_Handler
   Definitions
      At line 9 in file hex_bcd.s
   Uses
      At line 5 in file hex_bcd.s
      At line 7 in file hex_bcd.s

STOP 0000004E

Symbol: STOP
   Definitions
      At line 40 in file hex_bcd.s
   Uses
      At line 41 in file hex_bcd.s
Comment: STOP used once
STORE 00000018

Symbol: STORE
   Definitions
      At line 20 in file hex_bcd.s
   Uses
      At line 16 in file hex_bcd.s
Comment: STORE used once
UP 0000000A

Symbol: UP
   Definitions
      At line 14 in file hex_bcd.s
   Uses
      At line 19 in file hex_bcd.s
      At line 25 in file hex_bcd.s

VAL 00000050

Symbol: VAL
   Definitions
      At line 42 in file hex_bcd.s
   Uses
      At line 12 in file hex_bcd.s
Comment: VAL used once
hex_bcd 00000000

Symbol: hex_bcd
   Definitions
      At line 6 in file hex_bcd.s
   Uses
      None
Comment: hex_bcd unused
7 symbols



ARM Macro Assembler    Page 1 Alphabetic symbol ordering
Relocatable symbols

RES 00000000

Symbol: RES
   Definitions
      At line 44 in file hex_bcd.s
   Uses
      At line 10 in file hex_bcd.s
      At line 27 in file hex_bcd.s

mydata 00000000

Symbol: mydata
   Definitions
      At line 43 in file hex_bcd.s
   Uses
      None
Comment: mydata unused
2 symbols
344 symbols in table
