


ARM Macro Assembler    Page 1 


    1 00000000                 AREA             RESET,DATA,READONLY
    2 00000000                 EXPORT           __Vectors
    3 00000000         __Vectors
    4 00000000         
    5 00000000 10001000        DCD              0X10001000
    6 00000004 00000000        DCD              Reset_Handler
    7 00000008                 ALIGN
    8 00000008                 AREA             mycode,CODE,READONLY
    9 00000000                 ENTRY
   10 00000000                 EXPORT           Reset_Handler
   11 00000000         
   12 00000000         Reset_Handler
   13 00000000 4803            LDR              R0,=SRC
   14 00000002 4904            LDR              R1,=DST
   15 00000004 6803            LDR              R3,[R0]
   16 00000006 600B            STR              R3,[R1]
   17 00000008         STOP
   18 00000008 E7FE            B                STOP
   19 0000000A 00 00 00000008 
                       SRC     DCD              8
   20 00000010 00000000 
              00000000         AREA             mydata,DATA,READWRITE
   21 00000000 00000000 
                       DST     DCD              0
   22 00000004                 END
Command Line: --debug --xref --cpu=Cortex-M3 --apcs=interwork --depend=.\sample
.d -o.\sample.o -IC:\Keil\ARM\RV31\INC -IC:\Keil\ARM\CMSIS\Include -IC:\Keil\AR
M\Inc\NXP\LPC17xx --predefine="__EVAL SETA 1" --list=.\sample.lst sample.s



ARM Macro Assembler    Page 1 Alphabetic symbol ordering
Relocatable symbols

RESET 00000000

Symbol: RESET
   Definitions
      At line 1 in file sample.s
   Uses
      None
Comment: RESET unused
__Vectors 00000000

Symbol: __Vectors
   Definitions
      At line 3 in file sample.s
   Uses
      At line 2 in file sample.s
Comment: __Vectors used once
2 symbols



ARM Macro Assembler    Page 1 Alphabetic symbol ordering
Relocatable symbols

Reset_Handler 00000000

Symbol: Reset_Handler
   Definitions
      At line 12 in file sample.s
   Uses
      At line 6 in file sample.s
      At line 10 in file sample.s

SRC 0000000C

Symbol: SRC
   Definitions
      At line 19 in file sample.s
   Uses
      At line 13 in file sample.s
Comment: SRC used once
STOP 00000008

Symbol: STOP
   Definitions
      At line 17 in file sample.s
   Uses
      At line 18 in file sample.s
Comment: STOP used once
mycode 00000000

Symbol: mycode
   Definitions
      At line 8 in file sample.s
   Uses
      None
Comment: mycode unused
4 symbols



ARM Macro Assembler    Page 1 Alphabetic symbol ordering
Relocatable symbols

DST 00000000

Symbol: DST
   Definitions
      At line 21 in file sample.s
   Uses
      At line 14 in file sample.s
Comment: DST used once
mydata 00000000

Symbol: mydata
   Definitions
      At line 20 in file sample.s
   Uses
      None
Comment: mydata unused
2 symbols
341 symbols in table
