


ARM Macro Assembler    Page 1 


    1 00000000                 AREA             RESET, DATA, READONLY
    2 00000000                 EXPORT           __Vectors
    3 00000000         __Vectors
    4 00000000         
    5 00000000         
    6 00000000 10001000        DCD              0X10001000
    7 00000004 00000000        DCD              Reset_Handler
    8 00000008                 ALIGN
    9 00000008                 AREA             mycode,CODE,READONLY
   10 00000000                 ENTRY
   11 00000000                 EXPORT           Reset_Handler
   12 00000000         Reset_Handler
   13 00000000         
   14 00000000 F04F 0003       MOV              R0,#3       ;R0=3
   15 00000004 F04F 010A       MOV              R1,#10      ;R1=10
   16 00000008 4602            MOV              R2,R0
   17 0000000A 4608            MOV              R0,R1
   18 0000000C 4611            MOV              R1,R2
   19 0000000E                 END
Command Line: --debug --xref --cpu=Cortex-M3 --apcs=interwork --depend=.\second
pgm.d -o.\secondpgm.o -IC:\Keil\ARM\RV31\INC -IC:\Keil\ARM\CMSIS\Include -IC:\K
eil\ARM\Inc\NXP\LPC17xx --predefine="__EVAL SETA 1" --list=.\secondpgm.lst seco
ndpgm.s



ARM Macro Assembler    Page 1 Alphabetic symbol ordering
Relocatable symbols

RESET 00000000

Symbol: RESET
   Definitions
      At line 1 in file secondpgm.s
   Uses
      None
Comment: RESET unused
__Vectors 00000000

Symbol: __Vectors
   Definitions
      At line 3 in file secondpgm.s
   Uses
      At line 2 in file secondpgm.s
Comment: __Vectors used once
2 symbols



ARM Macro Assembler    Page 1 Alphabetic symbol ordering
Relocatable symbols

Reset_Handler 00000000

Symbol: Reset_Handler
   Definitions
      At line 12 in file secondpgm.s
   Uses
      At line 7 in file secondpgm.s
      At line 11 in file secondpgm.s

mycode 00000000

Symbol: mycode
   Definitions
      At line 9 in file secondpgm.s
   Uses
      None
Comment: mycode unused
2 symbols
335 symbols in table
