


ARM Macro Assembler    Page 1 


    1 00000000                 AREA             RESET,DATA,READONLY
    2 00000000                 EXPORT           __Vectors
    3 00000000         __Vectors
    4 00000000 10001000        DCD              0x10001000
    5 00000004 00000000        DCD              Reset_Handler
    6 00000008                 AREA             selection_stack2,CODE,READONLY
    7 00000000                 EXPORT           Reset_Handler
    8 00000000                 ENTRY
    9 00000000         Reset_Handler
   10 00000000 F04F 0003       MOV              R0,#3
   11 00000004 F04F 0101       MOV              R1,#1
   12 00000008 F04F 0200       MOV              R2,#0
   13 0000000C F04F 0307       MOV              R3,#7
   14 00000010 F04F 0408       MOV              R4,#8
   15 00000014 F04F 0504       MOV              R5,#4
   16 00000018 F04F 0606       MOV              R6,#6
   17 0000001C F04F 0705       MOV              R7,#5
   18 00000020 F04F 0802       MOV              R8,#2
   19 00000024 F04F 0909       MOV              R9,#9
   20 00000028 E92D 03FF       STMDB            R13!,{R0-R9}
   21 0000002C 4668            MOV              R0,R13
   22 0000002E 4601    L2      MOV              R1,R0
   23 00000030 4603            MOV              R3,R0
   24 00000032 F103 0304       ADD              R3,#4
   25 00000036 F10A 0B01       ADD              R11,R10,#1
   26 0000003A 681C    L1      LDM              R3,{R4}
   27 0000003C 680F            LDM              R1,{R7}
   28 0000003E 42BC            CMP              R4,R7
   29 00000040 D200            BCS              UP
   30 00000042 4619            MOV              R1,R3
   31 00000044 F103 0304 
                       UP      ADD              R3,#4
   32 00000048 F10B 0B01       ADD              R11,#1
   33 0000004C F1BB 0F0A       CMP              R11,#10
   34 00000050 D1F3            BNE              L1
   35 00000052 C804            LDM              R0!,{R2}
   36 00000054 C940            LDM              R1!,{R6}
   37 00000056 F841 2C04       STMDB            R1,{R2}
   38 0000005A F840 6C04       STMDB            R0,{R6}
   39 0000005E F10A 0A01       ADD              R10,#1
   40 00000062 F1BA 0F09       CMP              R10,#9
   41 00000066 D1E2            BNE              L2
   42 00000068 E8BD 03FF       LDM              R13!,{R0-R9}
   43 0000006C         STOP
   44 0000006C E7FE            B                STOP
   45 0000006E                 END
Command Line: --debug --xref --cpu=Cortex-M3 --apcs=interwork --depend=.\select
ion_stack_2.d -o.\selection_stack_2.o -IC:\Keil\ARM\RV31\INC -IC:\Keil\ARM\CMSI
S\Include -IC:\Keil\ARM\Inc\NXP\LPC17xx --predefine="__EVAL SETA 1" --list=.\se
lection_stack_2.lst selection_stack_2.s



ARM Macro Assembler    Page 1 Alphabetic symbol ordering
Relocatable symbols

RESET 00000000

Symbol: RESET
   Definitions
      At line 1 in file selection_stack_2.s
   Uses
      None
Comment: RESET unused
__Vectors 00000000

Symbol: __Vectors
   Definitions
      At line 3 in file selection_stack_2.s
   Uses
      At line 2 in file selection_stack_2.s
Comment: __Vectors used once
2 symbols



ARM Macro Assembler    Page 1 Alphabetic symbol ordering
Relocatable symbols

L1 0000003A

Symbol: L1
   Definitions
      At line 26 in file selection_stack_2.s
   Uses
      At line 34 in file selection_stack_2.s
Comment: L1 used once
L2 0000002E

Symbol: L2
   Definitions
      At line 22 in file selection_stack_2.s
   Uses
      At line 41 in file selection_stack_2.s
Comment: L2 used once
Reset_Handler 00000000

Symbol: Reset_Handler
   Definitions
      At line 9 in file selection_stack_2.s
   Uses
      At line 5 in file selection_stack_2.s
      At line 7 in file selection_stack_2.s

STOP 0000006C

Symbol: STOP
   Definitions
      At line 43 in file selection_stack_2.s
   Uses
      At line 44 in file selection_stack_2.s
Comment: STOP used once
UP 00000044

Symbol: UP
   Definitions
      At line 31 in file selection_stack_2.s
   Uses
      At line 29 in file selection_stack_2.s
Comment: UP used once
selection_stack2 00000000

Symbol: selection_stack2
   Definitions
      At line 6 in file selection_stack_2.s
   Uses
      None
Comment: selection_stack2 unused
6 symbols
339 symbols in table
