


ARM Macro Assembler    Page 1 


    1 00000000                 AREA             RESET,DATA,READONLY
    2 00000000                 EXPORT           __Vectors
    3 00000000         __Vectors
    4 00000000 40001000        DCD              0X40001000
    5 00000004 00000000        DCD              Reset_Handler
    6 00000008                 ALIGN
    7 00000008                 AREA             mycode,CODE,READONLY
    8 00000000                 ENTRY
    9 00000000                 EXPORT           Reset_Handler
   10 00000000         Reset_Handler
   11 00000000 4806            LDR              R0,=SRC1
   12 00000002 4907            LDR              R1,=SRC2
   13 00000004 EA4F 0040       LSL              R0,R0,#1
   14 00000008 EA40 0001       ORR              R0,R0,R1
   15 0000000C 4A05            LDR              R2,=RES
   16 0000000E 6010            STR              R0,[R2]
   17 00000010         STOP
   18 00000010 E7FE            B                STOP
   19 00000012 00 00 00000001 
                       SRC1    DCD              0X01
   20 00000018 00000002 
                       SRC2    DCD              0X02
   21 0000001C 00000000 
              00000000 
              00000000         AREA             mydata,DATA,READWRITE
   22 00000000 00000000 
                       RES     DCD              0
   23 00000004                 END
Command Line: --debug --xref --cpu=Cortex-M3 --apcs=interwork --depend=.\prg6.d
 -o.\prg6.o -IC:\Keil\ARM\RV31\INC -IC:\Keil\ARM\CMSIS\Include -IC:\Keil\ARM\In
c\NXP\LPC17xx --predefine="__EVAL SETA 1" --list=.\prg6.lst prg6.s



ARM Macro Assembler    Page 1 Alphabetic symbol ordering
Relocatable symbols

RESET 00000000

Symbol: RESET
   Definitions
      At line 1 in file prg6.s
   Uses
      None
Comment: RESET unused
__Vectors 00000000

Symbol: __Vectors
   Definitions
      At line 3 in file prg6.s
   Uses
      At line 2 in file prg6.s
Comment: __Vectors used once
2 symbols



ARM Macro Assembler    Page 1 Alphabetic symbol ordering
Relocatable symbols

Reset_Handler 00000000

Symbol: Reset_Handler
   Definitions
      At line 10 in file prg6.s
   Uses
      At line 5 in file prg6.s
      At line 9 in file prg6.s

SRC1 00000014

Symbol: SRC1
   Definitions
      At line 19 in file prg6.s
   Uses
      At line 11 in file prg6.s
Comment: SRC1 used once
SRC2 00000018

Symbol: SRC2
   Definitions
      At line 20 in file prg6.s
   Uses
      At line 12 in file prg6.s
Comment: SRC2 used once
STOP 00000010

Symbol: STOP
   Definitions
      At line 17 in file prg6.s
   Uses
      At line 18 in file prg6.s
Comment: STOP used once
mycode 00000000

Symbol: mycode
   Definitions
      At line 7 in file prg6.s
   Uses
      None
Comment: mycode unused
5 symbols



ARM Macro Assembler    Page 1 Alphabetic symbol ordering
Relocatable symbols

RES 00000000

Symbol: RES
   Definitions
      At line 22 in file prg6.s
   Uses
      At line 15 in file prg6.s
Comment: RES used once
mydata 00000000

Symbol: mydata
   Definitions
      At line 21 in file prg6.s
   Uses
      None
Comment: mydata unused
2 symbols
342 symbols in table
