


ARM Macro Assembler    Page 1 


    1 00000000                 AREA             RESET , DATA, READONLY
    2 00000000                 EXPORT           __Vectors
    3 00000000         __Vectors
    4 00000000 10000000        DCD              0X10000000
    5 00000004 00000000        DCD              Reset_Handler
    6 00000008                 AREA             MYCODE, CODE, READONLY
    7 00000000                 ENTRY
    8 00000000                 EXPORT           Reset_Handler
    9 00000000         Reset_Handler
   10 00000000 4813            LDR              R0,=SRC1
   11 00000002 4914            LDR              R1,=SRC2
   12 00000004 4A14            LDR              R2,=DST
   13 00000006 F04F 0300       MOV              R3,#0
   14 0000000A 3300            ADDS             R3,#0
   15 0000000C F04F 0404       MOV              R4,#4
   16 00000010         LOOP
   17 00000010 6805            LDR              R5,[R0]
   18 00000012 680E            LDR              R6,[R1]
   19 00000014 EB55 0306       ADCS             R3, R5,R6
   20 00000018 6013            STR              R3,[R2]
   21 0000001A F100 0004       ADD              R0,#4
   22 0000001E F101 0104       ADD              R1,#4
   23 00000022 F102 0204       ADD              R2,#4
   24 00000026 F04F 0300       MOV              R3,#0
   25 0000002A         ;ADC R3,#0
   26 0000002A 3C01            SUBS             R4,#1
   27 0000002C D1F0            BNE              LOOP
   28 0000002E         STOP
   29 0000002E E7FE            B                STOP
   30 00000030 18271638 
              19362785 
              FFFFFFFF 
              673AAABF SRC1    DCD              0x18271638,0x19362785,0xFFFFFFF
F,0x673AAABF
   31 00000040 CBDA4231 
              27482BB6 
              ABCDEF12 
              ABAB8271 SRC2    DCD              0XCBDA4231,0x27482BB6,0xABCDEF1
2,0xABAB8271
   32 00000050 00000000 
              00000000 
              00000000         AREA             MYDATA, DATA, READWRITE
   33 00000000 00000000 
                       DST     DCD              0
   34 00000004                 END
Command Line: --debug --xref --cpu=Cortex-M3 --apcs=interwork --depend=.\prg2_2
.d -o.\prg2_2.o -IC:\Keil\ARM\RV31\INC -IC:\Keil\ARM\CMSIS\Include -IC:\Keil\AR
M\Inc\NXP\LPC17xx --predefine="__EVAL SETA 1" --list=.\prg2_2.lst prg2_2.s



ARM Macro Assembler    Page 1 Alphabetic symbol ordering
Relocatable symbols

RESET 00000000

Symbol: RESET
   Definitions
      At line 1 in file prg2_2.s
   Uses
      None
Comment: RESET unused
__Vectors 00000000

Symbol: __Vectors
   Definitions
      At line 3 in file prg2_2.s
   Uses
      At line 2 in file prg2_2.s
Comment: __Vectors used once
2 symbols



ARM Macro Assembler    Page 1 Alphabetic symbol ordering
Relocatable symbols

LOOP 00000010

Symbol: LOOP
   Definitions
      At line 16 in file prg2_2.s
   Uses
      At line 27 in file prg2_2.s
Comment: LOOP used once
MYCODE 00000000

Symbol: MYCODE
   Definitions
      At line 6 in file prg2_2.s
   Uses
      None
Comment: MYCODE unused
Reset_Handler 00000000

Symbol: Reset_Handler
   Definitions
      At line 9 in file prg2_2.s
   Uses
      At line 5 in file prg2_2.s
      At line 8 in file prg2_2.s

SRC1 00000030

Symbol: SRC1
   Definitions
      At line 30 in file prg2_2.s
   Uses
      At line 10 in file prg2_2.s
Comment: SRC1 used once
SRC2 00000040

Symbol: SRC2
   Definitions
      At line 31 in file prg2_2.s
   Uses
      At line 11 in file prg2_2.s
Comment: SRC2 used once
STOP 0000002E

Symbol: STOP
   Definitions
      At line 28 in file prg2_2.s
   Uses
      At line 29 in file prg2_2.s
Comment: STOP used once
6 symbols



ARM Macro Assembler    Page 1 Alphabetic symbol ordering
Relocatable symbols

DST 00000000

Symbol: DST
   Definitions
      At line 33 in file prg2_2.s
   Uses
      At line 12 in file prg2_2.s
Comment: DST used once
MYDATA 00000000

Symbol: MYDATA
   Definitions
      At line 32 in file prg2_2.s
   Uses
      None
Comment: MYDATA unused
2 symbols
343 symbols in table
