


ARM Macro Assembler    Page 1 


    1 00000000                 AREA             RESET , DATA, READONLY
    2 00000000                 EXPORT           __Vectors
    3 00000000         __Vectors
    4 00000000 10000000        DCD              0X10000000
    5 00000004 00000000        DCD              Reset_Handler
    6 00000008                 AREA             MYCODE, CODE, READONLY
    7 00000000                 ENTRY
    8 00000000                 EXPORT           Reset_Handler
    9 00000000         Reset_Handler
   10 00000000 4811            LDR              R0,=SRC
   11 00000002 4912            LDR              R1,=DST
   12 00000004 F04F 0200       MOV              R2,#0
   13 00000008 F04F 030A       MOV              R3,#10
   14 0000000C         LOOP
   15 0000000C 6804            LDR              R4,[R0]
   16 0000000E EB42 0204       ADC              R2, R4
   17 00000012 F100 0004       ADD              R0,#4
   18 00000016 3B01            SUBS             R3,#1
   19 00000018 D1F8            BNE              LOOP
   20 0000001A 600A            STR              R2,[R1]
   21 0000001C         STOP
   22 0000001C E7FE            B                STOP
   23 0000001E 00 00 00000001 
              00000002 
              00000003 
              00000004 
              00000005 
              00000006 
              00000007 
              00000008 
              00000009 
              0000000A SRC     DCD              0X1,0X2,0X3,0X4,0X5,0X6,0X7,0X8
,0X9,0XA
   24 00000048 00000000 
              00000000         AREA             MYDATA, DATA, READWRITE
   25 00000000 00000000 
                       DST     DCD              0
   26 00000004                 END
Command Line: --debug --xref --cpu=Cortex-M3 --apcs=interwork --depend=.\prg2_1
.d -o.\prg2_1.o -IC:\Keil\ARM\RV31\INC -IC:\Keil\ARM\CMSIS\Include -IC:\Keil\AR
M\Inc\NXP\LPC17xx --predefine="__EVAL SETA 1" --list=.\prg2_1.lst prg2_1.s



ARM Macro Assembler    Page 1 Alphabetic symbol ordering
Relocatable symbols

RESET 00000000

Symbol: RESET
   Definitions
      At line 1 in file prg2_1.s
   Uses
      None
Comment: RESET unused
__Vectors 00000000

Symbol: __Vectors
   Definitions
      At line 3 in file prg2_1.s
   Uses
      At line 2 in file prg2_1.s
Comment: __Vectors used once
2 symbols



ARM Macro Assembler    Page 1 Alphabetic symbol ordering
Relocatable symbols

LOOP 0000000C

Symbol: LOOP
   Definitions
      At line 14 in file prg2_1.s
   Uses
      At line 19 in file prg2_1.s
Comment: LOOP used once
MYCODE 00000000

Symbol: MYCODE
   Definitions
      At line 6 in file prg2_1.s
   Uses
      None
Comment: MYCODE unused
Reset_Handler 00000000

Symbol: Reset_Handler
   Definitions
      At line 9 in file prg2_1.s
   Uses
      At line 5 in file prg2_1.s
      At line 8 in file prg2_1.s

SRC 00000020

Symbol: SRC
   Definitions
      At line 23 in file prg2_1.s
   Uses
      At line 10 in file prg2_1.s
Comment: SRC used once
STOP 0000001C

Symbol: STOP
   Definitions
      At line 21 in file prg2_1.s
   Uses
      At line 22 in file prg2_1.s
Comment: STOP used once
5 symbols



ARM Macro Assembler    Page 1 Alphabetic symbol ordering
Relocatable symbols

DST 00000000

Symbol: DST
   Definitions
      At line 25 in file prg2_1.s
   Uses
      At line 11 in file prg2_1.s
Comment: DST used once
MYDATA 00000000

Symbol: MYDATA
   Definitions
      At line 24 in file prg2_1.s
   Uses
      None
Comment: MYDATA unused
2 symbols
342 symbols in table
