


ARM Macro Assembler    Page 1 


    1 00000000                 AREA             RESET,DATA,READONLY
    2 00000000                 EXPORT           __Vectors
    3 00000000         __Vectors
    4 00000000 10000000        DCD              0X10000000
    5 00000004 00000000        DCD              Reset_Handler
    6 00000008                 ALIGN
    7 00000008                 AREA             mycode,CODE,READONLY
    8 00000000                 ENTRY
    9 00000000                 EXPORT           Reset_Handler
   10 00000000         Reset_Handler
   11 00000000 4814            LDR              R0,=VAL1
   12 00000002 6801            LDR              R1,[R0]
   13 00000004 6807            LDR              R7,[R0]
   14 00000006 4814            LDR              R0,=VAL2
   15 00000008 6802            LDR              R2,[R0]
   16 0000000A F8D0 8000       LDR              R8,[R0]
   17 0000000E 4B13            LDR              R3,=GCD
   18 00000010 4E13            LDR              R6,=LCM
   19 00000012         LOOP
   20 00000012 4291            CMP              R1,R2
   21 00000014 D007            BEQ              STORE
   22 00000016 DB00            BLT              L1
   23 00000018 DC02            BGT              L2
   24 0000001A         L1
   25 0000001A EBA2 0201       SUB              R2,R2,R1
   26 0000001E E7F8            B                LOOP
   27 00000020         L2
   28 00000020 EBA1 0102       SUB              R1,R1,R2
   29 00000024 E7F5            B                LOOP
   30 00000026         STORE
   31 00000026 6019            STR              R1,[R3]
   32 00000028 FB07 F908       MUL              R9,R7,R8
   33 0000002C 2901            CMP              R1,#1
   34 0000002E D009            BEQ              STORE3
   35 00000030 E7FF            B                LC
   36 00000032         LC
   37 00000032 4589            CMP              R9,R1
   38 00000034 DB04            BLT              STORE2
   39 00000036 EBA9 0901       SUB              R9,R1
   40 0000003A F105 0501       ADD              R5,#1
   41 0000003E E7F8            B                LC
   42 00000040         STORE2
   43 00000040 6035            STR              R5,[R6]
   44 00000042 E001            B                STOP
   45 00000044         STORE3
   46 00000044 F8C6 9000       STR              R9,[R6]
   47 00000048         STOP
   48 00000048 E7FE            B                STOP
   49 0000004A 00 00 0000000C 
                       VAL1    DCD              12
   50 00000050 00000012 
                       VAL2    DCD              18
   51 00000054 00000000 
              00000000 
              00000000 
              00000000         AREA             mydata,DATA,READWRITE
   52 00000000 00000000 
                       GCD     DCD              0
   53 00000004 00000000 



ARM Macro Assembler    Page 2 


                       LCM     DCD              0
   54 00000008                 END
Command Line: --debug --xref --cpu=Cortex-M3 --apcs=interwork --depend=.\prg3_4
.d -o.\prg3_4.o -IC:\Keil\ARM\RV31\INC -IC:\Keil\ARM\CMSIS\Include -IC:\Keil\AR
M\Inc\NXP\LPC17xx --predefine="__EVAL SETA 1" --list=.\prg3_4.lst prg3_4.s



ARM Macro Assembler    Page 1 Alphabetic symbol ordering
Relocatable symbols

RESET 00000000

Symbol: RESET
   Definitions
      At line 1 in file prg3_4.s
   Uses
      None
Comment: RESET unused
__Vectors 00000000

Symbol: __Vectors
   Definitions
      At line 3 in file prg3_4.s
   Uses
      At line 2 in file prg3_4.s
Comment: __Vectors used once
2 symbols



ARM Macro Assembler    Page 1 Alphabetic symbol ordering
Relocatable symbols

L1 0000001A

Symbol: L1
   Definitions
      At line 24 in file prg3_4.s
   Uses
      At line 22 in file prg3_4.s
Comment: L1 used once
L2 00000020

Symbol: L2
   Definitions
      At line 27 in file prg3_4.s
   Uses
      At line 23 in file prg3_4.s
Comment: L2 used once
LC 00000032

Symbol: LC
   Definitions
      At line 36 in file prg3_4.s
   Uses
      At line 35 in file prg3_4.s
      At line 41 in file prg3_4.s

LOOP 00000012

Symbol: LOOP
   Definitions
      At line 19 in file prg3_4.s
   Uses
      At line 26 in file prg3_4.s
      At line 29 in file prg3_4.s

Reset_Handler 00000000

Symbol: Reset_Handler
   Definitions
      At line 10 in file prg3_4.s
   Uses
      At line 5 in file prg3_4.s
      At line 9 in file prg3_4.s

STOP 00000048

Symbol: STOP
   Definitions
      At line 47 in file prg3_4.s
   Uses
      At line 44 in file prg3_4.s
      At line 48 in file prg3_4.s

STORE 00000026

Symbol: STORE
   Definitions
      At line 30 in file prg3_4.s
   Uses
      At line 21 in file prg3_4.s



ARM Macro Assembler    Page 2 Alphabetic symbol ordering
Relocatable symbols

Comment: STORE used once
STORE2 00000040

Symbol: STORE2
   Definitions
      At line 42 in file prg3_4.s
   Uses
      At line 38 in file prg3_4.s
Comment: STORE2 used once
STORE3 00000044

Symbol: STORE3
   Definitions
      At line 45 in file prg3_4.s
   Uses
      At line 34 in file prg3_4.s
Comment: STORE3 used once
VAL1 0000004C

Symbol: VAL1
   Definitions
      At line 49 in file prg3_4.s
   Uses
      At line 11 in file prg3_4.s
Comment: VAL1 used once
VAL2 00000050

Symbol: VAL2
   Definitions
      At line 50 in file prg3_4.s
   Uses
      At line 14 in file prg3_4.s
Comment: VAL2 used once
mycode 00000000

Symbol: mycode
   Definitions
      At line 7 in file prg3_4.s
   Uses
      None
Comment: mycode unused
12 symbols



ARM Macro Assembler    Page 1 Alphabetic symbol ordering
Relocatable symbols

GCD 00000000

Symbol: GCD
   Definitions
      At line 52 in file prg3_4.s
   Uses
      At line 17 in file prg3_4.s
Comment: GCD used once
LCM 00000004

Symbol: LCM
   Definitions
      At line 53 in file prg3_4.s
   Uses
      At line 18 in file prg3_4.s
Comment: LCM used once
mydata 00000000

Symbol: mydata
   Definitions
      At line 51 in file prg3_4.s
   Uses
      None
Comment: mydata unused
3 symbols
350 symbols in table
