


ARM Macro Assembler    Page 1 


    1 00000000                 AREA             RESET, DATA, READONLY
    2 00000000                 EXPORT           __Vectors
    3 00000000         __Vectors
    4 00000000 10001000        DCD              0X10001000
    5 00000004 00000000        DCD              Reset_Handler
    6 00000008                 AREA             copy, CODE, READONLY
    7 00000000                 EXPORT           Reset_Handler
    8 00000000                 ENTRY
    9 00000000         Reset_Handler
   10 00000000 4803            LDR              R0,=SRC
   11 00000002 4904            LDR              R1,=DST
   12 00000004 6803            LDR              R3,[R0]
   13 00000006 600B            STR              R3,[R1]
   14 00000008         STOP
   15 00000008 E7FE            B                STOP
   16 0000000A 00 00 00000008 
                       SRC     DCD              8
   17 00000010 00000000 
              00000000         AREA             mydata,DATA,READWRITE
   18 00000000 00000000 
                       DST     DCD              0
   19 00000004                 END
Command Line: --debug --xref --cpu=Cortex-M3 --apcs=interwork --depend=.\p2.d -
o.\p2.o -IC:\Keil\ARM\RV31\INC -IC:\Keil\ARM\CMSIS\Include -IC:\Keil\ARM\Inc\NX
P\LPC17xx --predefine="__EVAL SETA 1" --list=.\p2.lst p2.s



ARM Macro Assembler    Page 1 Alphabetic symbol ordering
Relocatable symbols

RESET 00000000

Symbol: RESET
   Definitions
      At line 1 in file p2.s
   Uses
      None
Comment: RESET unused
__Vectors 00000000

Symbol: __Vectors
   Definitions
      At line 3 in file p2.s
   Uses
      At line 2 in file p2.s
Comment: __Vectors used once
2 symbols



ARM Macro Assembler    Page 1 Alphabetic symbol ordering
Relocatable symbols

Reset_Handler 00000000

Symbol: Reset_Handler
   Definitions
      At line 9 in file p2.s
   Uses
      At line 5 in file p2.s
      At line 7 in file p2.s

SRC 0000000C

Symbol: SRC
   Definitions
      At line 16 in file p2.s
   Uses
      At line 10 in file p2.s
Comment: SRC used once
STOP 00000008

Symbol: STOP
   Definitions
      At line 14 in file p2.s
   Uses
      At line 15 in file p2.s
Comment: STOP used once
copy 00000000

Symbol: copy
   Definitions
      At line 6 in file p2.s
   Uses
      None
Comment: copy unused
4 symbols



ARM Macro Assembler    Page 1 Alphabetic symbol ordering
Relocatable symbols

DST 00000000

Symbol: DST
   Definitions
      At line 18 in file p2.s
   Uses
      At line 11 in file p2.s
Comment: DST used once
mydata 00000000

Symbol: mydata
   Definitions
      At line 17 in file p2.s
   Uses
      None
Comment: mydata unused
2 symbols
341 symbols in table
