


ARM Macro Assembler    Page 1 


    1 00000000                 AREA             RESET,DATA,READONLY
    2 00000000                 EXPORT           __Vectors3
    3 00000000         __Vectors3
    4 00000000 10001000        DCD              0x10001000
    5 00000004 00000000        DCD              Reset_Handler3
    6 00000008                 AREA             mycode4,CODE,READONLY
    7 00000000         
    8 00000000                 ENTRY
    9 00000000                 EXPORT           Reset_Handler3
   10 00000000         
   11 00000000         
   12 00000000         Reset_Handler3
   13 00000000 4B01            LDR              R3,=SRC1
   14 00000002 4C02            LDR              R4,=DST1
   15 00000004 6819            LDR              R1,[R3]
   16 00000006 6021            STR              R1,[R4]
   17 00000008 00000000 
              00000000         AREA             mydata,DATA,READWRITE
   18 00000000 00000000 
                       SRC1    DCD              0
   19 00000004 00000000 
                       DST1    DCD              0
   20 00000008                 END
Command Line: --debug --xref --cpu=Cortex-M3 --apcs=interwork --depend=.\mycode
_4.d -o.\mycode_4.o -IC:\Keil\ARM\RV31\INC -IC:\Keil\ARM\CMSIS\Include -IC:\Kei
l\ARM\Inc\NXP\LPC17xx --predefine="__EVAL SETA 1" --list=.\mycode_4.lst mycode_
4.s



ARM Macro Assembler    Page 1 Alphabetic symbol ordering
Relocatable symbols

RESET 00000000

Symbol: RESET
   Definitions
      At line 1 in file mycode_4.s
   Uses
      None
Comment: RESET unused
__Vectors3 00000000

Symbol: __Vectors3
   Definitions
      At line 3 in file mycode_4.s
   Uses
      At line 2 in file mycode_4.s
Comment: __Vectors3 used once
2 symbols



ARM Macro Assembler    Page 1 Alphabetic symbol ordering
Relocatable symbols

Reset_Handler3 00000000

Symbol: Reset_Handler3
   Definitions
      At line 12 in file mycode_4.s
   Uses
      At line 5 in file mycode_4.s
      At line 9 in file mycode_4.s

mycode4 00000000

Symbol: mycode4
   Definitions
      At line 6 in file mycode_4.s
   Uses
      None
Comment: mycode4 unused
2 symbols



ARM Macro Assembler    Page 1 Alphabetic symbol ordering
Relocatable symbols

DST1 00000004

Symbol: DST1
   Definitions
      At line 19 in file mycode_4.s
   Uses
      At line 14 in file mycode_4.s
Comment: DST1 used once
SRC1 00000000

Symbol: SRC1
   Definitions
      At line 18 in file mycode_4.s
   Uses
      At line 13 in file mycode_4.s
Comment: SRC1 used once
mydata 00000000

Symbol: mydata
   Definitions
      At line 17 in file mycode_4.s
   Uses
      None
Comment: mydata unused
3 symbols
340 symbols in table
