


ARM Macro Assembler    Page 1 


    1 00000000                 AREA             RESET, DATA, READONLY
    2 00000000                 EXPORT           __Vectors1
    3 00000000         __Vectors1
    4 00000000 10001000        DCD              0X10001000
    5 00000004 00000000        DCD              Reset_Handler1
    6 00000008                 ALIGN
    7 00000008                 AREA             mycode, CODE, READONLY
    8 00000000                 ENTRY
    9 00000000                 EXPORT           Reset_Handler1
   10 00000000         Reset_Handler1
   11 00000000 F04F 0005       MOV              R0,#5
   12 00000004 F04F 0103       MOV              R1,#3
   13 00000008 4602            MOV              R2,R0
   14 0000000A 4608            MOV              R0,R1
   15 0000000C 4611            MOV              R1,R2
   16 0000000E                 END
Command Line: --debug --xref --cpu=Cortex-M3 --apcs=interwork --depend=.\prg2.d
 -o.\prg2.o -IC:\Keil\ARM\RV31\INC -IC:\Keil\ARM\CMSIS\Include -IC:\Keil\ARM\In
c\NXP\LPC17xx --predefine="__EVAL SETA 1" --list=.\prg2.lst prg2.s



ARM Macro Assembler    Page 1 Alphabetic symbol ordering
Relocatable symbols

RESET 00000000

Symbol: RESET
   Definitions
      At line 1 in file prg2.s
   Uses
      None
Comment: RESET unused
__Vectors1 00000000

Symbol: __Vectors1
   Definitions
      At line 3 in file prg2.s
   Uses
      At line 2 in file prg2.s
Comment: __Vectors1 used once
2 symbols



ARM Macro Assembler    Page 1 Alphabetic symbol ordering
Relocatable symbols

Reset_Handler1 00000000

Symbol: Reset_Handler1
   Definitions
      At line 10 in file prg2.s
   Uses
      At line 5 in file prg2.s
      At line 9 in file prg2.s

mycode 00000000

Symbol: mycode
   Definitions
      At line 7 in file prg2.s
   Uses
      None
Comment: mycode unused
2 symbols
335 symbols in table
