


ARM Macro Assembler    Page 1 


    1 00000000                 AREA             RESET, DATA, READONLY
    2 00000000                 EXPORT           __Vectors1
    3 00000000         __Vectors1
    4 00000000 10001000        DCD              0x10001000
    5 00000004 00000000        DCD              Reset_Handler1
    6 00000008                 AREA             mycode, CODE, READONLY
    7 00000000                 ENTRY
    8 00000000                 EXPORT           Reset_Handler1
    9 00000000         Reset_Handler1
   10 00000000 4802            LDR              R0, =SRC
   11 00000002 4903            LDR              R1, =DST
   12 00000004 6802            LDR              R2,[R0]
   13 00000006 600A            STR              R2,[R1]
   14 00000008         STOP
   15 00000008 E7FE            B                STOP
   16 0000000A 00 00 00000000 
              00000000         AREA             mydata, DATA, READWRITE
   17 00000000 00000000 
                       DST     DCD              0
   18 00000004 000007C4 
                       SRC     DCD              1988
   19 00000008                 END
Command Line: --debug --xref --cpu=Cortex-M3 --apcs=interwork --depend=.\prg2.d
 -o.\prg2.o -IC:\Keil\ARM\RV31\INC -IC:\Keil\ARM\CMSIS\Include -IC:\Keil\ARM\In
c\NXP\LPC17xx --predefine="__EVAL SETA 1" --list=.\prg2.lst prg2.s



ARM Macro Assembler    Page 1 Alphabetic symbol ordering
Relocatable symbols

RESET 00000000

Symbol: RESET
   Definitions
      At line 1 in file prg2.s
   Uses
      None
Comment: RESET unused
__Vectors1 00000000

Symbol: __Vectors1
   Definitions
      At line 3 in file prg2.s
   Uses
      At line 2 in file prg2.s
Comment: __Vectors1 used once
2 symbols



ARM Macro Assembler    Page 1 Alphabetic symbol ordering
Relocatable symbols

Reset_Handler1 00000000

Symbol: Reset_Handler1
   Definitions
      At line 9 in file prg2.s
   Uses
      At line 5 in file prg2.s
      At line 8 in file prg2.s

STOP 00000008

Symbol: STOP
   Definitions
      At line 14 in file prg2.s
   Uses
      At line 15 in file prg2.s
Comment: STOP used once
mycode 00000000

Symbol: mycode
   Definitions
      At line 6 in file prg2.s
   Uses
      None
Comment: mycode unused
3 symbols



ARM Macro Assembler    Page 1 Alphabetic symbol ordering
Relocatable symbols

DST 00000000

Symbol: DST
   Definitions
      At line 17 in file prg2.s
   Uses
      At line 11 in file prg2.s
Comment: DST used once
SRC 00000004

Symbol: SRC
   Definitions
      At line 18 in file prg2.s
   Uses
      At line 10 in file prg2.s
Comment: SRC used once
mydata 00000000

Symbol: mydata
   Definitions
      At line 16 in file prg2.s
   Uses
      None
Comment: mydata unused
3 symbols
341 symbols in table
