


ARM Macro Assembler    Page 1 


    1 00000000                 AREA             RESET,DATA,READONLY
    2 00000000                 EXPORT           __Vectors
    3 00000000         __Vectors
    4 00000000 10001000        DCD              0x10001000
    5 00000004 00000000        DCD              Reset_Handler
    6 00000008                 AREA             fib,CODE,READONLY
    7 00000000                 EXPORT           Reset_Handler
    8 00000000                 ENTRY
    9 00000000         Reset_Handler
   10 00000000 F04F 0009       MOV              R0,#9
   11 00000004 F04F 0100       MOV              R1,#0
   12 00000008 F04F 0201       MOV              R2,#1
   13 0000000C 4C07            LDR              R4,=SRC
   14 0000000E F844 1B04       STR              R1,[R4],#4
   15 00000012 F844 2B04       STR              R2,[R4],#4
   16 00000016 F1A0 0002       SUB              R0,R0,#2
   17 0000001A         LOOP
   18 0000001A 460B            MOV              R3,R1
   19 0000001C 4611            MOV              R1,R2
   20 0000001E EB01 0203       ADD              R2,R1,R3
   21 00000022 F844 2B04       STR              R2,[R4],#4
   22 00000026 1E40            SUBS             R0,R0,#1
   23 00000028 D1F7            BNE              LOOP
   24 0000002A         STOP
   25 0000002A E7FE            B                STOP
   26 0000002C 00000000        AREA             mydata,DATA,READWRITE
   27 00000000 00000000 
              00000000 
              00000000 
              00000000 
              00000000 
              00000000 SRC     DCD              0,0,0,0,0,0
   28 00000018                 END
Command Line: --debug --xref --cpu=Cortex-M3 --apcs=interwork --depend=.\fib.d 
-o.\fib.o -IC:\Keil\ARM\RV31\INC -IC:\Keil\ARM\CMSIS\Include -IC:\Keil\ARM\Inc\
NXP\LPC17xx --predefine="__EVAL SETA 1" --list=.\fib.lst fib.s



ARM Macro Assembler    Page 1 Alphabetic symbol ordering
Relocatable symbols

RESET 00000000

Symbol: RESET
   Definitions
      At line 1 in file fib.s
   Uses
      None
Comment: RESET unused
__Vectors 00000000

Symbol: __Vectors
   Definitions
      At line 3 in file fib.s
   Uses
      At line 2 in file fib.s
Comment: __Vectors used once
2 symbols



ARM Macro Assembler    Page 1 Alphabetic symbol ordering
Relocatable symbols

LOOP 0000001A

Symbol: LOOP
   Definitions
      At line 17 in file fib.s
   Uses
      At line 23 in file fib.s
Comment: LOOP used once
Reset_Handler 00000000

Symbol: Reset_Handler
   Definitions
      At line 9 in file fib.s
   Uses
      At line 5 in file fib.s
      At line 7 in file fib.s

STOP 0000002A

Symbol: STOP
   Definitions
      At line 24 in file fib.s
   Uses
      At line 25 in file fib.s
Comment: STOP used once
fib 00000000

Symbol: fib
   Definitions
      At line 6 in file fib.s
   Uses
      None
Comment: fib unused
4 symbols



ARM Macro Assembler    Page 1 Alphabetic symbol ordering
Relocatable symbols

SRC 00000000

Symbol: SRC
   Definitions
      At line 27 in file fib.s
   Uses
      At line 13 in file fib.s
Comment: SRC used once
mydata 00000000

Symbol: mydata
   Definitions
      At line 26 in file fib.s
   Uses
      None
Comment: mydata unused
2 symbols
341 symbols in table
