


ARM Macro Assembler    Page 1 


    1 00000000                 AREA             RESET,DATA,READONLY
    2 00000000                 EXPORT           __Vectors
    3 00000000         __Vectors
    4 00000000 10001000        DCD              0x10001000
    5 00000004 00000000        DCD              Reset_Handler
    6 00000008                 AREA             mult,CODE,READONLY
    7 00000000                 EXPORT           Reset_Handler
    8 00000000                 ENTRY
    9 00000000         Reset_Handler
   10 00000000 4904            LDR              R1,VAL1
   11 00000002 4A05            LDR              R2,VAL2
   12 00000004 FBA2 3401       UMULL            R3,R4,R2,R1
   13 00000008 4D04            LDR              R5,=RES
   14 0000000A F845 4B04       STR              R4,[R5],#4
   15 0000000E 602B            STR              R3,[R5]
   16 00000010         STOP
   17 00000010 E7FE            B                STOP
   18 00000012 00 00 20000000 
                       VAL1    DCD              0x20000000
   19 00000018 30000000 
                       VAL2    DCD              0x30000000
   20 0000001C 00000000        AREA             mydata,DATA,READWRITE
   21 00000000 00000000 
              00000000 RES     DCD              0,0
   22 00000008                 END
Command Line: --debug --xref --cpu=Cortex-M3 --apcs=interwork --depend=.\mult.d
 -o.\mult.o -IC:\Keil\ARM\RV31\INC -IC:\Keil\ARM\CMSIS\Include -IC:\Keil\ARM\In
c\NXP\LPC17xx --predefine="__EVAL SETA 1" --list=.\mult.lst mult.s



ARM Macro Assembler    Page 1 Alphabetic symbol ordering
Relocatable symbols

RESET 00000000

Symbol: RESET
   Definitions
      At line 1 in file mult.s
   Uses
      None
Comment: RESET unused
__Vectors 00000000

Symbol: __Vectors
   Definitions
      At line 3 in file mult.s
   Uses
      At line 2 in file mult.s
Comment: __Vectors used once
2 symbols



ARM Macro Assembler    Page 1 Alphabetic symbol ordering
Relocatable symbols

Reset_Handler 00000000

Symbol: Reset_Handler
   Definitions
      At line 9 in file mult.s
   Uses
      At line 5 in file mult.s
      At line 7 in file mult.s

STOP 00000010

Symbol: STOP
   Definitions
      At line 16 in file mult.s
   Uses
      At line 17 in file mult.s
Comment: STOP used once
VAL1 00000014

Symbol: VAL1
   Definitions
      At line 18 in file mult.s
   Uses
      At line 10 in file mult.s
Comment: VAL1 used once
VAL2 00000018

Symbol: VAL2
   Definitions
      At line 19 in file mult.s
   Uses
      At line 11 in file mult.s
Comment: VAL2 used once
mult 00000000

Symbol: mult
   Definitions
      At line 6 in file mult.s
   Uses
      None
Comment: mult unused
5 symbols



ARM Macro Assembler    Page 1 Alphabetic symbol ordering
Relocatable symbols

RES 00000000

Symbol: RES
   Definitions
      At line 21 in file mult.s
   Uses
      At line 13 in file mult.s
Comment: RES used once
mydata 00000000

Symbol: mydata
   Definitions
      At line 20 in file mult.s
   Uses
      None
Comment: mydata unused
2 symbols
342 symbols in table
