


ARM Macro Assembler    Page 1 


    1 00000000                 AREA             RESET,DATA,READONLY
    2 00000000                 EXPORT           __Vectors
    3 00000000         __Vectors
    4 00000000 10001000        DCD              0x10001000
    5 00000004 00000000        DCD              Reset_Handler
    6 00000008                 ALIGN
    7 00000008                 AREA             mycode,CODE,READONLY
    8 00000000                 ENTRY
    9 00000000                 EXPORT           Reset_Handler
   10 00000000         Reset_Handler
   11 00000000 4821            LDR              R0,=NUM
   12 00000002 4922            LDR              R1,=RESULT
   13 00000004 F04F 030A       MOV              R3,#10
   14 00000008 F850 2B04 
                       LOOP    LDR              R2,[R0],#4
   15 0000000C 600A            STR              R2,[R1]
   16 0000000E F101 0104       ADD              R1,R1,#4
   17 00000012 F1A3 0301       SUB              R3,R3,#1
   18 00000016 2B00            CMP              R3,#0
   19 00000018 D1F6            BNE              LOOP
   20 0000001A 491C            LDR              R1,=RESULT
   21 0000001C F04F 0300       MOV              R3,#0
   22 00000020 F04F 090A       MOV              R9,#10
   23 00000024 F103 0401 
                       L1      ADD              R4,R3,#1
   24 00000028 468B            MOV              R11,R1
   25 0000002A 680D            LDR              R5,[R1]
   26 0000002C F101 0104       ADD              R1,R1,#4
   27 00000030 460E            MOV              R6,R1
   28 00000032 6837    L2      LDR              R7,[R6]
   29 00000034 42AF            CMP              R7,R5
   30 00000036 BF3C 463D       MOVCC            R5,R7
   31 0000003A 46B0            MOVCC            R8,R6
   32 0000003C F106 0604       ADD              R6,R6,#4
   33 00000040 F104 0401       ADD              R4,R4,#1
   34 00000044 454C            CMP              R4,R9
   35 00000046 D3F4            BCC              L2
   36 00000048 F8DB A000       LDR              R10,[R11]
   37 0000004C F8CB 5000       STR              R5,[R11]
   38 00000050 F8C8 A000       STR              R10,[R8]
   39 00000054 F103 0301       ADD              R3,#1
   40 00000058 2B09            CMP              R3,#9
   41 0000005A D3E3            BCC              L1
   42 0000005C E7FE    STOP    B                STOP
   43 0000005E 00 00 0000000A 
              00000009 
              00000008 
              00000007 
              00000006 
              00000005 
              00000004 
              00000003 
              00000002 
              00000001 NUM     DCD              10,9,8,7,6,5,4,3,2,1
   44 00000088 00000000 
              00000000 
              00000000         AREA             mydata,DATA,READWRITE
   45 00000000 00000000 
                       RESULT  DCD              0



ARM Macro Assembler    Page 2 


   46 00000004                 END
Command Line: --debug --xref --cpu=Cortex-M3 --apcs=interwork --depend=.\prg2.d
 -o.\prg2.o -IC:\Keil\ARM\RV31\INC -IC:\Keil\ARM\CMSIS\Include -IC:\Keil\ARM\In
c\NXP\LPC17xx --predefine="__EVAL SETA 1" --list=.\prg2.lst prg2.s



ARM Macro Assembler    Page 1 Alphabetic symbol ordering
Relocatable symbols

RESET 00000000

Symbol: RESET
   Definitions
      At line 1 in file prg2.s
   Uses
      None
Comment: RESET unused
__Vectors 00000000

Symbol: __Vectors
   Definitions
      At line 3 in file prg2.s
   Uses
      At line 2 in file prg2.s
Comment: __Vectors used once
2 symbols



ARM Macro Assembler    Page 1 Alphabetic symbol ordering
Relocatable symbols

L1 00000024

Symbol: L1
   Definitions
      At line 23 in file prg2.s
   Uses
      At line 41 in file prg2.s
Comment: L1 used once
L2 00000032

Symbol: L2
   Definitions
      At line 28 in file prg2.s
   Uses
      At line 35 in file prg2.s
Comment: L2 used once
LOOP 00000008

Symbol: LOOP
   Definitions
      At line 14 in file prg2.s
   Uses
      At line 19 in file prg2.s
Comment: LOOP used once
NUM 00000060

Symbol: NUM
   Definitions
      At line 43 in file prg2.s
   Uses
      At line 11 in file prg2.s
Comment: NUM used once
Reset_Handler 00000000

Symbol: Reset_Handler
   Definitions
      At line 10 in file prg2.s
   Uses
      At line 5 in file prg2.s
      At line 9 in file prg2.s

STOP 0000005C

Symbol: STOP
   Definitions
      At line 42 in file prg2.s
   Uses
      At line 42 in file prg2.s
Comment: STOP used once
mycode 00000000

Symbol: mycode
   Definitions
      At line 7 in file prg2.s
   Uses
      None
Comment: mycode unused
7 symbols



ARM Macro Assembler    Page 1 Alphabetic symbol ordering
Relocatable symbols

RESULT 00000000

Symbol: RESULT
   Definitions
      At line 45 in file prg2.s
   Uses
      At line 12 in file prg2.s
      At line 20 in file prg2.s

mydata 00000000

Symbol: mydata
   Definitions
      At line 44 in file prg2.s
   Uses
      None
Comment: mydata unused
2 symbols
344 symbols in table
