


ARM Macro Assembler    Page 1 


    1 00000000                 AREA             RESET,DATA,READONLY
    2 00000000                 EXPORT           __Vectors
    3 00000000         __Vectors
    4 00000000 10001000        DCD              0x10001000
    5 00000004 00000000        DCD              Reset_Handler
    6 00000008                 ALIGN
    7 00000008                 AREA             mycode,CODE,READONLY
    8 00000000                 ENTRY
    9 00000000                 EXPORT           Reset_Handler
   10 00000000         Reset_Handler
   11 00000000 4813            LDR              R0,=NUM1
   12 00000002 4914            LDR              R1,=NUM2
   13 00000004 4A14            LDR              R2,=GCD
   14 00000006 4B15            LDR              R3,=LCM
   15 00000008 6804            LDR              R4,[R0]
   16 0000000A 680D            LDR              R5,[R1]
   17 0000000C 42AC    UP      CMP              R4,R5
   18 0000000E D006            BEQ              EXIT
   19 00000010 D202            BCS              NEXT
   20 00000012 EBA5 0504       SUB              R5,R5,R4    ; R5=R5-R4 
   21 00000016 E7F9            B                UP
   22 00000018 EBA4 0405 
                       NEXT    SUB              R4,R4,R5    ; R4=R4-R5
   23 0000001C E7F6            B                UP
   24 0000001E 6014    EXIT    STR              R4,[R2]     ; Store Result in R
                                                            2 or GCD
   25 00000020 F8D2 B000       LDR              R11,[R2]    ; Display GCD in R1
                                                            1
   26 00000024         
   27 00000024 6804            LDR              R4,[R0]     ;R4 = [R0]
   28 00000026 680D            LDR              R5,[R1]     ;R5 = [R1]
   29 00000028 FB04 F605       MUL              R6,R4,R5    ;R6 = NUM1*NUM2
   30 0000002C 4637            MOV              R7,R6       ;R7=R6
   31 0000002E F04F 0800       MOV              R8,#0
   32 00000032 F108 0801 
                       LOOP    ADD              R8,#1
   33 00000036 EBA7 0702       SUB              R7,R2
   34 0000003A D1FA            BNE              LOOP
   35 0000003C F8C3 8000       STR              R8,[R3]
   36 00000040 F8D3 C000       LDR              R12,[R3]
   37 00000044         STOP
   38 00000044 E7FE            B                STOP
   39 00000046 00 00           ALIGN
   40 00000048 00000004 
                       NUM1    DCD              4
   41 0000004C 00000008 
                       NUM2    DCD              8
   42 00000050 00000000 
              00000000 
              00000000 
              00000000         AREA             mydata,DATA,READWRITE
   43 00000000 00000000 
                       GCD     DCD              0
   44 00000004 00000000 
                       LCM     DCD              0
   45 00000008                 END
Command Line: --debug --xref --cpu=Cortex-M3 --apcs=interwork --depend=.\prog45
gcdandlcm.d -o.\prog45gcdandlcm.o -IC:\Keil\ARM\RV31\INC -IC:\Keil\ARM\CMSIS\In
clude -IC:\Keil\ARM\Inc\NXP\LPC17xx --predefine="__EVAL SETA 1" --list=.\prog45



ARM Macro Assembler    Page 2 


gcdandlcm.lst prog45GCDandLCM.s



ARM Macro Assembler    Page 1 Alphabetic symbol ordering
Relocatable symbols

RESET 00000000

Symbol: RESET
   Definitions
      At line 1 in file prog45GCDandLCM.s
   Uses
      None
Comment: RESET unused
__Vectors 00000000

Symbol: __Vectors
   Definitions
      At line 3 in file prog45GCDandLCM.s
   Uses
      At line 2 in file prog45GCDandLCM.s
Comment: __Vectors used once
2 symbols



ARM Macro Assembler    Page 1 Alphabetic symbol ordering
Relocatable symbols

EXIT 0000001E

Symbol: EXIT
   Definitions
      At line 24 in file prog45GCDandLCM.s
   Uses
      At line 18 in file prog45GCDandLCM.s
Comment: EXIT used once
LOOP 00000032

Symbol: LOOP
   Definitions
      At line 32 in file prog45GCDandLCM.s
   Uses
      At line 34 in file prog45GCDandLCM.s
Comment: LOOP used once
NEXT 00000018

Symbol: NEXT
   Definitions
      At line 22 in file prog45GCDandLCM.s
   Uses
      At line 19 in file prog45GCDandLCM.s
Comment: NEXT used once
NUM1 00000048

Symbol: NUM1
   Definitions
      At line 40 in file prog45GCDandLCM.s
   Uses
      At line 11 in file prog45GCDandLCM.s
Comment: NUM1 used once
NUM2 0000004C

Symbol: NUM2
   Definitions
      At line 41 in file prog45GCDandLCM.s
   Uses
      At line 12 in file prog45GCDandLCM.s
Comment: NUM2 used once
Reset_Handler 00000000

Symbol: Reset_Handler
   Definitions
      At line 10 in file prog45GCDandLCM.s
   Uses
      At line 5 in file prog45GCDandLCM.s
      At line 9 in file prog45GCDandLCM.s

STOP 00000044

Symbol: STOP
   Definitions
      At line 37 in file prog45GCDandLCM.s
   Uses
      At line 38 in file prog45GCDandLCM.s
Comment: STOP used once
UP 0000000C




ARM Macro Assembler    Page 2 Alphabetic symbol ordering
Relocatable symbols

Symbol: UP
   Definitions
      At line 17 in file prog45GCDandLCM.s
   Uses
      At line 21 in file prog45GCDandLCM.s
      At line 23 in file prog45GCDandLCM.s

mycode 00000000

Symbol: mycode
   Definitions
      At line 7 in file prog45GCDandLCM.s
   Uses
      None
Comment: mycode unused
9 symbols



ARM Macro Assembler    Page 1 Alphabetic symbol ordering
Relocatable symbols

GCD 00000000

Symbol: GCD
   Definitions
      At line 43 in file prog45GCDandLCM.s
   Uses
      At line 13 in file prog45GCDandLCM.s
Comment: GCD used once
LCM 00000004

Symbol: LCM
   Definitions
      At line 44 in file prog45GCDandLCM.s
   Uses
      At line 14 in file prog45GCDandLCM.s
Comment: LCM used once
mydata 00000000

Symbol: mydata
   Definitions
      At line 42 in file prog45GCDandLCM.s
   Uses
      None
Comment: mydata unused
3 symbols
347 symbols in table
