


ARM Macro Assembler    Page 1 


    1 00000000                 AREA             RESET,DATA,READONLY
    2 00000000                 EXPORT           __Vectors
    3 00000000         __Vectors
    4 00000000 10000000        DCD              0x10000000
    5 00000004 00000000        DCD              Reset_Handler
    6 00000008                 ALIGN
    7 00000008                 AREA             mycode,CODE,READONLY
    8 00000000                 ENTRY
    9 00000000                 EXPORT           Reset_Handler
   10 00000000         Reset_Handler
   11 00000000 4805            LDR              R0,=NUM
   12 00000002 4C06            LDR              R4,=RESULT
   13 00000004 6801            LDR              R1,[R0]
   14 00000006 FB01 1201       MLA              R2,R1,R1,R1
   15 0000000A EA4F 0252       LSR              R2,#1
   16 0000000E 6022            STR              R2,[R4]
   17 00000010         STOP
   18 00000010 E7FE            B                STOP
   19 00000012 00 00 0000000A 
                       NUM     DCD              10
   20 00000018 00000000 
              00000000         AREA             mydata,DATA,READWRITE
   21 00000000 00000000 
                       RESULT  DCD              0
   22 00000004                 END
Command Line: --debug --xref --cpu=Cortex-M3 --apcs=interwork --depend=.\week3_
3.d -o.\week3_3.o -IC:\Keil\ARM\RV31\INC -IC:\Keil\ARM\CMSIS\Include -IC:\Keil\
ARM\Inc\NXP\LPC17xx --predefine="__EVAL SETA 1" --list=.\week3_3.lst week3_3.s



ARM Macro Assembler    Page 1 Alphabetic symbol ordering
Relocatable symbols

RESET 00000000

Symbol: RESET
   Definitions
      At line 1 in file week3_3.s
   Uses
      None
Comment: RESET unused
__Vectors 00000000

Symbol: __Vectors
   Definitions
      At line 3 in file week3_3.s
   Uses
      At line 2 in file week3_3.s
Comment: __Vectors used once
2 symbols



ARM Macro Assembler    Page 1 Alphabetic symbol ordering
Relocatable symbols

NUM 00000014

Symbol: NUM
   Definitions
      At line 19 in file week3_3.s
   Uses
      At line 11 in file week3_3.s
Comment: NUM used once
Reset_Handler 00000000

Symbol: Reset_Handler
   Definitions
      At line 10 in file week3_3.s
   Uses
      At line 5 in file week3_3.s
      At line 9 in file week3_3.s

STOP 00000010

Symbol: STOP
   Definitions
      At line 17 in file week3_3.s
   Uses
      At line 18 in file week3_3.s
Comment: STOP used once
mycode 00000000

Symbol: mycode
   Definitions
      At line 7 in file week3_3.s
   Uses
      None
Comment: mycode unused
4 symbols



ARM Macro Assembler    Page 1 Alphabetic symbol ordering
Relocatable symbols

RESULT 00000000

Symbol: RESULT
   Definitions
      At line 21 in file week3_3.s
   Uses
      At line 12 in file week3_3.s
Comment: RESULT used once
mydata 00000000

Symbol: mydata
   Definitions
      At line 20 in file week3_3.s
   Uses
      None
Comment: mydata unused
2 symbols
341 symbols in table
