


ARM Macro Assembler    Page 1 


    1 00000000                 AREA             RESET,DATA,readonly
    2 00000000                 EXPORT           __Vectors
    3 00000000         __Vectors
    4 00000000 10001000        DCD              0X10001000
    5 00000004 00000000        DCD              Reset_Handler
    6 00000008                 ALIGN
    7 00000008         
    8 00000008                 AREA             mycode,CODE,READONLY
    9 00000000                 ENTRY
   10 00000000                 EXPORT           Reset_Handler
   11 00000000         Reset_Handler
   12 00000000 4807            LDR              R0,=SRC
   13 00000002 F100 0124       ADD              R1,R0,#36
   14 00000006 F04F 0405       MOV              R4,#5
   15 0000000A         LOOP
   16 0000000A 6802            LDR              R2,[R0]
   17 0000000C 680B            LDR              R3,[R1]
   18 0000000E 600A            STR              R2,[R1]
   19 00000010 6003            STR              R3,[R0]
   20 00000012 F100 0004       ADD              R0,#4
   21 00000016 F1A1 0104       SUB              R1,#4
   22 0000001A 3C01            SUBS             R4,#1
   23 0000001C D1F5            BNE              LOOP
   24 0000001E         
   25 0000001E 00 00 00000000  AREA             mydata,DATA,READWRITE
   26 00000000 00000000 
                       SRC     DCD              0
   27 00000004                 END
Command Line: --debug --xref --cpu=Cortex-M3 --apcs=interwork --depend=.\week1_
3.d -o.\week1_3.o -IC:\Keil\ARM\RV31\INC -IC:\Keil\ARM\CMSIS\Include -IC:\Keil\
ARM\Inc\NXP\LPC17xx --predefine="__EVAL SETA 1" --list=.\week1_3.lst week1_3.s



ARM Macro Assembler    Page 1 Alphabetic symbol ordering
Relocatable symbols

RESET 00000000

Symbol: RESET
   Definitions
      At line 1 in file week1_3.s
   Uses
      None
Comment: RESET unused
__Vectors 00000000

Symbol: __Vectors
   Definitions
      At line 3 in file week1_3.s
   Uses
      At line 2 in file week1_3.s
Comment: __Vectors used once
2 symbols



ARM Macro Assembler    Page 1 Alphabetic symbol ordering
Relocatable symbols

LOOP 0000000A

Symbol: LOOP
   Definitions
      At line 15 in file week1_3.s
   Uses
      At line 23 in file week1_3.s
Comment: LOOP used once
Reset_Handler 00000000

Symbol: Reset_Handler
   Definitions
      At line 11 in file week1_3.s
   Uses
      At line 5 in file week1_3.s
      At line 10 in file week1_3.s

mycode 00000000

Symbol: mycode
   Definitions
      At line 8 in file week1_3.s
   Uses
      None
Comment: mycode unused
3 symbols



ARM Macro Assembler    Page 1 Alphabetic symbol ordering
Relocatable symbols

SRC 00000000

Symbol: SRC
   Definitions
      At line 26 in file week1_3.s
   Uses
      At line 12 in file week1_3.s
Comment: SRC used once
mydata 00000000

Symbol: mydata
   Definitions
      At line 25 in file week1_3.s
   Uses
      None
Comment: mydata unused
2 symbols
340 symbols in table
