


ARM Macro Assembler    Page 1 


    1 00000000                 AREA             RESET,DATA,READONLY
    2 00000000                 EXPORT           __Vectors2
    3 00000000         __Vectors2
    4 00000000 10001000        DCD              0x10001000
    5 00000004 00000000        DCD              Reset_Handler2
    6 00000008                 AREA             mycode3,CODE,READONLY
    7 00000000         
    8 00000000                 ENTRY
    9 00000000                 EXPORT           Reset_Handler2
   10 00000000         
   11 00000000         
   12 00000000         Reset_Handler2
   13 00000000 4802            LDR              R0,=SRC
   14 00000002 4A03            LDR              R2,=DST
   15 00000004 6801            LDR              R1,[R0]
   16 00000006 6011            STR              R1,[R2]
   17 00000008 00003348 
                       SRC     DCD              0x3348
   18 0000000C 00000000 
              00000000         AREA             mydata,DATA,READWRITE
   19 00000000 00000000 
                       DST     DCD              0
   20 00000004                 END
Command Line: --debug --xref --cpu=Cortex-M3 --apcs=interwork --depend=.\mycode
_3.d -o.\mycode_3.o -IC:\Keil\ARM\RV31\INC -IC:\Keil\ARM\CMSIS\Include -IC:\Kei
l\ARM\Inc\NXP\LPC17xx --predefine="__EVAL SETA 1" --list=.\mycode_3.lst mycode_
3.s



ARM Macro Assembler    Page 1 Alphabetic symbol ordering
Relocatable symbols

RESET 00000000

Symbol: RESET
   Definitions
      At line 1 in file mycode_3.s
   Uses
      None
Comment: RESET unused
__Vectors2 00000000

Symbol: __Vectors2
   Definitions
      At line 3 in file mycode_3.s
   Uses
      At line 2 in file mycode_3.s
Comment: __Vectors2 used once
2 symbols



ARM Macro Assembler    Page 1 Alphabetic symbol ordering
Relocatable symbols

Reset_Handler2 00000000

Symbol: Reset_Handler2
   Definitions
      At line 12 in file mycode_3.s
   Uses
      At line 5 in file mycode_3.s
      At line 9 in file mycode_3.s

SRC 00000008

Symbol: SRC
   Definitions
      At line 17 in file mycode_3.s
   Uses
      At line 13 in file mycode_3.s
Comment: SRC used once
mycode3 00000000

Symbol: mycode3
   Definitions
      At line 6 in file mycode_3.s
   Uses
      None
Comment: mycode3 unused
3 symbols



ARM Macro Assembler    Page 1 Alphabetic symbol ordering
Relocatable symbols

DST 00000000

Symbol: DST
   Definitions
      At line 19 in file mycode_3.s
   Uses
      At line 14 in file mycode_3.s
Comment: DST used once
mydata 00000000

Symbol: mydata
   Definitions
      At line 18 in file mycode_3.s
   Uses
      None
Comment: mydata unused
2 symbols
340 symbols in table
