


ARM Macro Assembler    Page 1 


    1 00000000                 AREA             RESET,DATA,READONLY
    2 00000000                 EXPORT           __Vectors
    3 00000000         __Vectors
    4 00000000 10000000        DCD              0x10000000
    5 00000004 00000000        DCD              Reset_Handler
    6 00000008                 ALIGN
    7 00000008                 AREA             mycode,CODE,READONLY
    8 00000000                 ENTRY
    9 00000000                 EXPORT           Reset_Handler
   10 00000000         Reset_Handler
   11 00000000 480D            LDR              R0,=SRC
   12 00000002 F04F 0101       MOV              R1,#1
   13 00000006 F04F 0205       MOV              R2,#5
   14 0000000A F04F 030A       MOV              R3,#10
   15 0000000E         
   16 0000000E F840 1B04 
                       UP      STR              R1,[R0],#4
   17 00000012 FB01 F102       MUL              R1,R2
   18 00000016 3B01            SUBS             R3,#1
   19 00000018 D1F9            BNE              UP
   20 0000001A         
   21 0000001A 4D08            LDR              R5,=SIZE
   22 0000001C 4808            LDR              R0,=SRC+(SIZE-1)*4
   23 0000001E 4601            MOV              R1,R0
   24 00000020 F1A1 0104       SUB              R1,#(OL-1)*4
   25 00000024 F101 0124       ADD              R1,#(SIZE-1)*4
   26 00000028 F850 2904 
                       UPP     LDR              R2,[R0],#-4
   27 0000002C F841 2904       STR              R2,[R1],#-4
   28 00000030 3D01            SUBS             R5,#1
   29 00000032 D1F9            BNE              UPP
   30 00000034         STOP
   31 00000034 E7FE            B                STOP
   32 00000036 0000000A 
                       SIZE    equ              10
   33 00000036 00000002 
                       OL      equ              2
   34 00000036         
   35 00000036 00 00 00000000 
              0000000A 
              00000024         AREA             mydata,DATA,READWRITE
   36 00000000 00000001 
              00000002 
              00000003 
              00000004 
              00000005 
              00000006 
              00000007 
              00000008 
              00000009 
              0000000A SRC     DCD              1,2,3,4,5,6,7,8,9,10
   37 00000028                 END
Command Line: --debug --xref --cpu=Cortex-M3 --apcs=interwork --depend=.\week1_
2_b.d -o.\week1_2_b.o -IC:\Keil\ARM\RV31\INC -IC:\Keil\ARM\CMSIS\Include -IC:\K
eil\ARM\Inc\NXP\LPC17xx --predefine="__EVAL SETA 1" --list=.\week1_2_b.lst week
1_2_b.s



ARM Macro Assembler    Page 1 Alphabetic symbol ordering
Relocatable symbols

RESET 00000000

Symbol: RESET
   Definitions
      At line 1 in file week1_2_b.s
   Uses
      None
Comment: RESET unused
__Vectors 00000000

Symbol: __Vectors
   Definitions
      At line 3 in file week1_2_b.s
   Uses
      At line 2 in file week1_2_b.s
Comment: __Vectors used once
2 symbols



ARM Macro Assembler    Page 1 Alphabetic symbol ordering
Relocatable symbols

Reset_Handler 00000000

Symbol: Reset_Handler
   Definitions
      At line 10 in file week1_2_b.s
   Uses
      At line 5 in file week1_2_b.s
      At line 9 in file week1_2_b.s

STOP 00000034

Symbol: STOP
   Definitions
      At line 30 in file week1_2_b.s
   Uses
      At line 31 in file week1_2_b.s
Comment: STOP used once
UP 0000000E

Symbol: UP
   Definitions
      At line 16 in file week1_2_b.s
   Uses
      At line 19 in file week1_2_b.s
Comment: UP used once
UPP 00000028

Symbol: UPP
   Definitions
      At line 26 in file week1_2_b.s
   Uses
      At line 29 in file week1_2_b.s
Comment: UPP used once
mycode 00000000

Symbol: mycode
   Definitions
      At line 7 in file week1_2_b.s
   Uses
      None
Comment: mycode unused
5 symbols



ARM Macro Assembler    Page 1 Alphabetic symbol ordering
Relocatable symbols

SRC 00000000

Symbol: SRC
   Definitions
      At line 36 in file week1_2_b.s
   Uses
      At line 11 in file week1_2_b.s
      At line 22 in file week1_2_b.s

mydata 00000000

Symbol: mydata
   Definitions
      At line 35 in file week1_2_b.s
   Uses
      None
Comment: mydata unused
2 symbols



ARM Macro Assembler    Page 1 Alphabetic symbol ordering
Absolute symbols

OL 00000002

Symbol: OL
   Definitions
      At line 33 in file week1_2_b.s
   Uses
      At line 24 in file week1_2_b.s
Comment: OL used once
SIZE 0000000A

Symbol: SIZE
   Definitions
      At line 32 in file week1_2_b.s
   Uses
      At line 21 in file week1_2_b.s
      At line 22 in file week1_2_b.s
      At line 25 in file week1_2_b.s

2 symbols
344 symbols in table
