


ARM Macro Assembler    Page 1 


    1 00000000                 AREA             RESET,DATA,READONLY
    2 00000000                 EXPORT           __Vectors
    3 00000000         __Vectors
    4 00000000 10000000        DCD              0X10000000
    5 00000004 00000000        DCD              Reset_Handler
    6 00000008                 ALIGN
    7 00000008                 AREA             mycode,CODE,READONLY
    8 00000000                 ENTRY
    9 00000000                 EXPORT           Reset_Handler
   10 00000000         Reset_Handler
   11 00000000 4827            LDR              R0,=N1
   12 00000002 6802            LDR              R2,[R0]
   13 00000004 F000 F81A       BL               BCD_HEX
   14 00000008 46A9            MOV              R9,R5
   15 0000000A 4826            LDR              R0,=N2
   16 0000000C 6802            LDR              R2,[R0]
   17 0000000E F000 F815       BL               BCD_HEX
   18 00000012 46AA            MOV              R10,R5
   19 00000014 4824            LDR              R0,=PRODUCT
   20 00000016 FB09 F90A       MUL              R9,R10
   21 0000001A F000 F822       BL               HEX_BCD
   22 0000001E F8DF 908C       LDR              R9,=TEMP
   23 00000022         UP2
   24 00000022 F859 CB01       LDR              R12,[R9],#1
   25 00000026 F859 BB01       LDR              R11,[R9],#1
   26 0000002A EA4F 1B0B       LSL              R11,#4
   27 0000002E EA4C 0C0B       ORR              R12,R11
   28 00000032 F800 CB01       STRB             R12,[R0],#1
   29 00000036 3901            SUBS             R1,#1
   30 00000038 D1F3            BNE              UP2
   31 0000003A         STOP
   32 0000003A E7FE            B                STOP
   33 0000003C         BCD_HEX
   34 0000003C F04F 0301       MOV              R3,#1
   35 00000040 F04F 040A       MOV              R4,#0XA
   36 00000044 F04F 0500       MOV              R5,#0
   37 00000048 F04F 070F       MOV              R7,#0XF
   38 0000004C         UP
   39 0000004C         ;MOV R6,R2
   40 0000004C EA02 0607       AND              R6,R2,R7
   41 00000050 FB06 5503       MLA              R5,R6,R3,R5
   42 00000054 FB03 F304       MUL              R3,R4
   43 00000058 EA4F 1212       LSR              R2,#4
   44 0000005C 2A00            CMP              R2,#0
   45 0000005E D1F5            BNE              UP
   46 00000060 4770            BX               LR
   47 00000062         HEX_BCD
   48 00000062 F04F 0800       MOV              R8,#0
   49 00000066 4911            LDR              R1,=TEMP
   50 00000068         UP1
   51 00000068 F1B9 0F0A       CMP              R9,#0XA
   52 0000006C D304            BCC              STORE
   53 0000006E F1A9 090A       SUB              R9,#0XA
   54 00000072 F108 0801       ADD              R8,#01
   55 00000076 E7F7            B                UP1
   56 00000078         STORE
   57 00000078 F801 9B01       STRB             R9,[R1],#1
   58 0000007C 46C1            MOV              R9,R8
   59 0000007E F04F 0800       MOV              R8,#0



ARM Macro Assembler    Page 2 


   60 00000082 F1B9 0F0A       CMP              R9,#0XA
   61 00000086 D2EF            BCS              UP1
   62 00000088 F881 9000       STRB             R9,[R1]
   63 0000008C F8DF 801C       LDR              R8,=TEMP
   64 00000090 EBA1 0108       SUB              R1,R8
   65 00000094 4770            BX               LR
   66 00000096 00 00 00000003 
                       N1      DCD              0X00000003
   67 0000009C 00000002 
                       N2      DCD              0X00000002
   68 000000A0 00000000 
              00000000 
              00000000 
              00000000 
              00000000 
              00000000         AREA             mydata,DATA,READWRITE
   69 00000000 00000000 
                       PRODUCT DCD              0
   70 00000004 00000000 
                       TEMP    DCD              0
   71 00000008                 END
Command Line: --debug --xref --cpu=Cortex-M3 --apcs=interwork --depend=.\week4_
2.d -o.\week4_2.o -IC:\Keil\ARM\RV31\INC -IC:\Keil\ARM\CMSIS\Include -IC:\Keil\
ARM\Inc\NXP\LPC17xx --predefine="__EVAL SETA 1" --list=.\week4_2.lst week4_2.s



ARM Macro Assembler    Page 1 Alphabetic symbol ordering
Relocatable symbols

RESET 00000000

Symbol: RESET
   Definitions
      At line 1 in file week4_2.s
   Uses
      None
Comment: RESET unused
__Vectors 00000000

Symbol: __Vectors
   Definitions
      At line 3 in file week4_2.s
   Uses
      At line 2 in file week4_2.s
Comment: __Vectors used once
2 symbols



ARM Macro Assembler    Page 1 Alphabetic symbol ordering
Relocatable symbols

BCD_HEX 0000003C

Symbol: BCD_HEX
   Definitions
      At line 33 in file week4_2.s
   Uses
      At line 13 in file week4_2.s
      At line 17 in file week4_2.s

HEX_BCD 00000062

Symbol: HEX_BCD
   Definitions
      At line 47 in file week4_2.s
   Uses
      At line 21 in file week4_2.s
Comment: HEX_BCD used once
N1 00000098

Symbol: N1
   Definitions
      At line 66 in file week4_2.s
   Uses
      At line 11 in file week4_2.s
Comment: N1 used once
N2 0000009C

Symbol: N2
   Definitions
      At line 67 in file week4_2.s
   Uses
      At line 15 in file week4_2.s
Comment: N2 used once
Reset_Handler 00000000

Symbol: Reset_Handler
   Definitions
      At line 10 in file week4_2.s
   Uses
      At line 5 in file week4_2.s
      At line 9 in file week4_2.s

STOP 0000003A

Symbol: STOP
   Definitions
      At line 31 in file week4_2.s
   Uses
      At line 32 in file week4_2.s
Comment: STOP used once
STORE 00000078

Symbol: STORE
   Definitions
      At line 56 in file week4_2.s
   Uses
      At line 52 in file week4_2.s
Comment: STORE used once
UP 0000004C



ARM Macro Assembler    Page 2 Alphabetic symbol ordering
Relocatable symbols


Symbol: UP
   Definitions
      At line 38 in file week4_2.s
   Uses
      At line 45 in file week4_2.s
Comment: UP used once
UP1 00000068

Symbol: UP1
   Definitions
      At line 50 in file week4_2.s
   Uses
      At line 55 in file week4_2.s
      At line 61 in file week4_2.s

UP2 00000022

Symbol: UP2
   Definitions
      At line 23 in file week4_2.s
   Uses
      At line 30 in file week4_2.s
Comment: UP2 used once
mycode 00000000

Symbol: mycode
   Definitions
      At line 7 in file week4_2.s
   Uses
      None
Comment: mycode unused
11 symbols



ARM Macro Assembler    Page 1 Alphabetic symbol ordering
Relocatable symbols

PRODUCT 00000000

Symbol: PRODUCT
   Definitions
      At line 69 in file week4_2.s
   Uses
      At line 19 in file week4_2.s
Comment: PRODUCT used once
TEMP 00000004

Symbol: TEMP
   Definitions
      At line 70 in file week4_2.s
   Uses
      At line 22 in file week4_2.s
      At line 49 in file week4_2.s
      At line 63 in file week4_2.s

mydata 00000000

Symbol: mydata
   Definitions
      At line 68 in file week4_2.s
   Uses
      None
Comment: mydata unused
3 symbols
349 symbols in table
