Project Information           d:\180905188\week9\problem1\fncusingdec4to16.rpt

MAX+plus II Compiler Report File
Version 10.2 07/10/2002
Compiled: 10/05/2019 05:32:35

Copyright (C) 1988-2002 Altera Corporation
Any megafunction design, and related net list (encrypted or decrypted),
support information, device programming or simulation file, and any other
associated documentation or information provided by Altera or a partner
under Altera's Megafunction Partnership Program may be used only to
program PLD devices (but not masked PLD devices) from Altera.  Any other
use of such megafunction design, net list, support information, device
programming or simulation file, or any other related documentation or
information is prohibited for any other purpose, including, but not
limited to modification, reverse engineering, de-compiling, or use with
any other silicon devices, unless such use is explicitly licensed under
a separate agreement with Altera or a megafunction partner.  Title to
the intellectual property, including patents, copyrights, trademarks,
trade secrets, or maskworks, embodied in any such megafunction design,
net list, support information, device programming or simulation file, or
any other related documentation or information provided by Altera or a
megafunction partner, remains with Altera, the megafunction partner, or
their respective licensors.  No other licenses, including any licenses
needed under any third party's intellectual property, are provided herein.



***** Project compilation was successful




** DEVICE SUMMARY **

Chip/                     Input   Output   Bidir         Shareable
POF       Device          Pins    Pins     Pins     LCs  Expanders  % Utilized

fncusingdec4to16
      EPM7032LC44-6        4        17       0      24      0           75 %

User Pins:                 4        17       0  



Project Information           d:\180905188\week9\problem1\fncusingdec4to16.rpt

** FILE HIERARCHY **



|dec4to16using3to8:stage0|
|dec4to16using3to8:stage0|dec3to8:stage0|
|dec4to16using3to8:stage0|dec3to8:stage1|


Device-Specific Information:  d:\180905188\week9\problem1\fncusingdec4to16.rpt
fncusingdec4to16

***** Logic for device 'fncusingdec4to16' compiled without errors.




Device: EPM7032LC44-6

Device Options:
    Turbo Bit                                    = ON
    Security Bit                                 = OFF

                                               
                                               
                                               
                                               
                                               
                       V  G  G  G  G  G        
              x  x  x  C  N  N  N  N  N  f  f  
              1  2  3  C  D  D  D  D  D  5  6  
            -----------------------------------_ 
          /   6  5  4  3  2  1 44 43 42 41 40   | 
      x0 |  7                                39 | f7 
     f15 |  8                                38 | f8 
RESERVED |  9                                37 | f9 
     GND | 10                                36 | f10 
RESERVED | 11                                35 | VCC 
RESERVED | 12         EPM7032LC44-6          34 | f11 
RESERVED | 13                                33 | f12 
RESERVED | 14                                32 | f13 
     VCC | 15                                31 | f14 
RESERVED | 16                                30 | GND 
RESERVED | 17                                29 | f4 
         |_  18 19 20 21 22 23 24 25 26 27 28  _| 
           ------------------------------------ 
              R  R  R  R  G  V  f  f  f  f  F  
              E  E  E  E  N  C  3  2  1  0     
              S  S  S  S  D  C                 
              E  E  E  E                       
              R  R  R  R                       
              V  V  V  V                       
              E  E  E  E                       
              D  D  D  D                       


N.C. = No Connect. This pin has no internal connection to the device.
VCC = Dedicated power pin, which MUST be connected to VCC.
GND = Dedicated ground pin or unused dedicated input, which MUST be connected to GND.
RESERVED = Unused I/O pin, which MUST be left unconnected.



Device-Specific Information:  d:\180905188\week9\problem1\fncusingdec4to16.rpt
fncusingdec4to16

** RESOURCE USAGE **

                                                Shareable     External
Logic Array Block     Logic Cells   I/O Pins    Expanders   Interconnect

A:     LC1 - LC16     8/16( 50%)   5/16( 31%)   0/16(  0%)   4/36( 11%) 
B:    LC17 - LC32    16/16(100%)  16/16(100%)   0/16(  0%)  11/36( 30%) 


Total dedicated input pins used:                 0/4      (  0%)
Total I/O pins used:                            21/32     ( 65%)
Total logic cells used:                         24/32     ( 75%)
Total shareable expanders used:                  0/32     (  0%)
Total Turbo logic cells used:                   24/32     ( 75%)
Total shareable expanders not available (n/a):   0/32     (  0%)
Average fan-in:                                  4.12
Total fan-in:                                    99

Total input pins required:                       4
Total output pins required:                     17
Total bidirectional pins required:               0
Total logic cells required:                     24
Total flipflops required:                        0
Total product terms required:                   24
Total logic cells lending parallel expanders:    0
Total shareable expanders in database:           0

Synthesized logic cells:                         7/  32   ( 21%)



Device-Specific Information:  d:\180905188\week9\problem1\fncusingdec4to16.rpt
fncusingdec4to16

** INPUTS **

                                         Shareable
                                         Expanders     Fan-In    Fan-Out
 Pin     LC  LAB  Primitive    Code   Total Shared n/a INP  FBK  OUT  FBK  Name
   7    (4)  (A)      INPUT               0      0   0    0    0   16    7  x0
   6    (3)  (A)      INPUT               0      0   0    0    0   16    7  x1
   5    (2)  (A)      INPUT               0      0   0    0    0   16    7  x2
   4    (1)  (A)      INPUT               0      0   0    0    0   16    7  x3


Code:

s = Synthesized pin or logic cell
t = Turbo logic cell
+ = Synchronous flipflop
! = NOT gate push-back
r = Fitter-inserted logic cell


Device-Specific Information:  d:\180905188\week9\problem1\fncusingdec4to16.rpt
fncusingdec4to16

** OUTPUTS **

                                         Shareable
                                         Expanders     Fan-In    Fan-Out
 Pin     LC  LAB  Primitive    Code   Total Shared n/a INP  FBK  OUT  FBK  Name
  28     28    B     OUTPUT      t        0      0   0    0    7    0    0  F
  27     29    B     OUTPUT      t        0      0   0    4    0    0    0  f0
  26     30    B     OUTPUT      t        0      0   0    4    0    0    0  f1
  25     31    B     OUTPUT      t        0      0   0    4    0    0    0  f2
  24     32    B     OUTPUT      t        0      0   0    4    0    0    0  f3
  29     27    B     OUTPUT      t        0      0   0    4    0    0    0  f4
  41     17    B     OUTPUT      t        0      0   0    4    0    0    0  f5
  40     18    B     OUTPUT      t        0      0   0    4    0    0    0  f6
  39     19    B     OUTPUT      t        0      0   0    4    0    0    0  f7
  38     20    B     OUTPUT      t        0      0   0    4    0    0    0  f8
  37     21    B     OUTPUT      t        0      0   0    4    0    0    0  f9
  36     22    B     OUTPUT      t        0      0   0    4    0    0    0  f10
  34     23    B     OUTPUT      t        0      0   0    4    0    0    0  f11
  33     24    B     OUTPUT      t        0      0   0    4    0    0    0  f12
  32     25    B     OUTPUT      t        0      0   0    4    0    0    0  f13
  31     26    B     OUTPUT      t        0      0   0    4    0    0    0  f14
   8      5    A     OUTPUT      t        0      0   0    4    0    0    0  f15


Code:

s = Synthesized pin or logic cell
t = Turbo logic cell
+ = Synchronous flipflop
! = NOT gate push-back
r = Fitter-inserted logic cell


Device-Specific Information:  d:\180905188\week9\problem1\fncusingdec4to16.rpt
fncusingdec4to16

** BURIED LOGIC **

                                         Shareable
                                         Expanders     Fan-In    Fan-Out
 Pin     LC  LAB  Primitive    Code   Total Shared n/a INP  FBK  OUT  FBK  Name
  (4)     1    A      LCELL    s t        0      0   0    4    0    1    0  |dec4to16using3to8:stage0|dec3to8:stage0|~153~1
 (21)    16    A      LCELL    s t        0      0   0    4    0    1    0  |dec4to16using3to8:stage0|dec3to8:stage0|~154~1
 (19)    14    A      LCELL    s t        0      0   0    4    0    1    0  |dec4to16using3to8:stage0|dec3to8:stage0|~157~1
 (18)    13    A      LCELL    s t        0      0   0    4    0    1    0  |dec4to16using3to8:stage0|dec3to8:stage0|~159~1
 (17)    12    A      LCELL    s t        0      0   0    4    0    1    0  |dec4to16using3to8:stage0|dec3to8:stage1|~153~1
 (12)     8    A      LCELL    s t        0      0   0    4    0    1    0  |dec4to16using3to8:stage0|dec3to8:stage1|~154~1
  (7)     4    A      LCELL    s t        0      0   0    4    0    1    0  |dec4to16using3to8:stage0|dec3to8:stage1|~159~1


Code:

s = Synthesized pin or logic cell
t = Turbo logic cell
+ = Synchronous flipflop
! = NOT gate push-back
r = Fitter-inserted logic cell


Device-Specific Information:  d:\180905188\week9\problem1\fncusingdec4to16.rpt
fncusingdec4to16

** LOGIC CELL INTERCONNECTIONS **

Logic Array Block 'A':

                         Logic cells placed in LAB 'A'
        +--------------- LC1 |dec4to16using3to8:stage0|dec3to8:stage0|~153~1
        | +------------- LC16 |dec4to16using3to8:stage0|dec3to8:stage0|~154~1
        | | +----------- LC14 |dec4to16using3to8:stage0|dec3to8:stage0|~157~1
        | | | +--------- LC13 |dec4to16using3to8:stage0|dec3to8:stage0|~159~1
        | | | | +------- LC12 |dec4to16using3to8:stage0|dec3to8:stage1|~153~1
        | | | | | +----- LC8 |dec4to16using3to8:stage0|dec3to8:stage1|~154~1
        | | | | | | +--- LC4 |dec4to16using3to8:stage0|dec3to8:stage1|~159~1
        | | | | | | | +- LC5 f15
        | | | | | | | | 
        | | | | | | | |   Other LABs fed by signals
        | | | | | | | |   that feed LAB 'A'
LC      | | | | | | | | | A B |     Logic cells that feed LAB 'A':

Pin
7    -> * * * * * * * * | * * | <-- x0
6    -> * * * * * * * * | * * | <-- x1
5    -> * * * * * * * * | * * | <-- x2
4    -> * * * * * * * * | * * | <-- x3


* = The logic cell or pin is an input to the logic cell (or LAB) through the PIA.
- = The logic cell or pin is not an input to the logic cell (or LAB).


Device-Specific Information:  d:\180905188\week9\problem1\fncusingdec4to16.rpt
fncusingdec4to16

** LOGIC CELL INTERCONNECTIONS **

Logic Array Block 'B':

                                         Logic cells placed in LAB 'B'
        +------------------------------- LC28 F
        | +----------------------------- LC29 f0
        | | +--------------------------- LC30 f1
        | | | +------------------------- LC31 f2
        | | | | +----------------------- LC32 f3
        | | | | | +--------------------- LC27 f4
        | | | | | | +------------------- LC17 f5
        | | | | | | | +----------------- LC18 f6
        | | | | | | | | +--------------- LC19 f7
        | | | | | | | | | +------------- LC20 f8
        | | | | | | | | | | +----------- LC21 f9
        | | | | | | | | | | | +--------- LC22 f10
        | | | | | | | | | | | | +------- LC23 f11
        | | | | | | | | | | | | | +----- LC24 f12
        | | | | | | | | | | | | | | +--- LC25 f13
        | | | | | | | | | | | | | | | +- LC26 f14
        | | | | | | | | | | | | | | | | 
        | | | | | | | | | | | | | | | |   Other LABs fed by signals
        | | | | | | | | | | | | | | | |   that feed LAB 'B'
LC      | | | | | | | | | | | | | | | | | A B |     Logic cells that feed LAB 'B':

Pin
7    -> - * * * * * * * * * * * * * * * | * * | <-- x0
6    -> - * * * * * * * * * * * * * * * | * * | <-- x1
5    -> - * * * * * * * * * * * * * * * | * * | <-- x2
4    -> - * * * * * * * * * * * * * * * | * * | <-- x3
LC1  -> * - - - - - - - - - - - - - - - | - * | <-- |dec4to16using3to8:stage0|dec3to8:stage0|~153~1
LC16 -> * - - - - - - - - - - - - - - - | - * | <-- |dec4to16using3to8:stage0|dec3to8:stage0|~154~1
LC14 -> * - - - - - - - - - - - - - - - | - * | <-- |dec4to16using3to8:stage0|dec3to8:stage0|~157~1
LC13 -> * - - - - - - - - - - - - - - - | - * | <-- |dec4to16using3to8:stage0|dec3to8:stage0|~159~1
LC12 -> * - - - - - - - - - - - - - - - | - * | <-- |dec4to16using3to8:stage0|dec3to8:stage1|~153~1
LC8  -> * - - - - - - - - - - - - - - - | - * | <-- |dec4to16using3to8:stage0|dec3to8:stage1|~154~1
LC4  -> * - - - - - - - - - - - - - - - | - * | <-- |dec4to16using3to8:stage0|dec3to8:stage1|~159~1


* = The logic cell or pin is an input to the logic cell (or LAB) through the PIA.
- = The logic cell or pin is not an input to the logic cell (or LAB).


Device-Specific Information:  d:\180905188\week9\problem1\fncusingdec4to16.rpt
fncusingdec4to16

** EQUATIONS **

x0       : INPUT;
x1       : INPUT;
x2       : INPUT;
x3       : INPUT;

-- Node name is 'F' 
-- Equation name is 'F', location is LC028, type is output.
 F       = LCELL( _EQ001 $  VCC);
  _EQ001 = !_LC001 & !_LC004 & !_LC008 & !_LC012 & !_LC013 & !_LC014 & 
             !_LC016;

-- Node name is 'f0' 
-- Equation name is 'f0', location is LC029, type is output.
 f0      = LCELL( _EQ002 $  GND);
  _EQ002 = !x0 & !x1 & !x2 & !x3;

-- Node name is 'f1' 
-- Equation name is 'f1', location is LC030, type is output.
 f1      = LCELL( _EQ003 $  GND);
  _EQ003 =  x0 & !x1 & !x2 & !x3;

-- Node name is 'f2' 
-- Equation name is 'f2', location is LC031, type is output.
 f2      = LCELL( _EQ004 $  GND);
  _EQ004 = !x0 &  x1 & !x2 & !x3;

-- Node name is 'f3' 
-- Equation name is 'f3', location is LC032, type is output.
 f3      = LCELL( _EQ005 $  GND);
  _EQ005 =  x0 &  x1 & !x2 & !x3;

-- Node name is 'f4' 
-- Equation name is 'f4', location is LC027, type is output.
 f4      = LCELL( _EQ006 $  GND);
  _EQ006 = !x0 & !x1 &  x2 & !x3;

-- Node name is 'f5' 
-- Equation name is 'f5', location is LC017, type is output.
 f5      = LCELL( _EQ007 $  GND);
  _EQ007 =  x0 & !x1 &  x2 & !x3;

-- Node name is 'f6' 
-- Equation name is 'f6', location is LC018, type is output.
 f6      = LCELL( _EQ008 $  GND);
  _EQ008 = !x0 &  x1 &  x2 & !x3;

-- Node name is 'f7' 
-- Equation name is 'f7', location is LC019, type is output.
 f7      = LCELL( _EQ009 $  GND);
  _EQ009 =  x0 &  x1 &  x2 & !x3;

-- Node name is 'f8' 
-- Equation name is 'f8', location is LC020, type is output.
 f8      = LCELL( _EQ010 $  GND);
  _EQ010 = !x0 & !x1 & !x2 &  x3;

-- Node name is 'f9' 
-- Equation name is 'f9', location is LC021, type is output.
 f9      = LCELL( _EQ011 $  GND);
  _EQ011 =  x0 & !x1 & !x2 &  x3;

-- Node name is 'f10' 
-- Equation name is 'f10', location is LC022, type is output.
 f10     = LCELL( _EQ012 $  GND);
  _EQ012 = !x0 &  x1 & !x2 &  x3;

-- Node name is 'f11' 
-- Equation name is 'f11', location is LC023, type is output.
 f11     = LCELL( _EQ013 $  GND);
  _EQ013 =  x0 &  x1 & !x2 &  x3;

-- Node name is 'f12' 
-- Equation name is 'f12', location is LC024, type is output.
 f12     = LCELL( _EQ014 $  GND);
  _EQ014 = !x0 & !x1 &  x2 &  x3;

-- Node name is 'f13' 
-- Equation name is 'f13', location is LC025, type is output.
 f13     = LCELL( _EQ015 $  GND);
  _EQ015 =  x0 & !x1 &  x2 &  x3;

-- Node name is 'f14' 
-- Equation name is 'f14', location is LC026, type is output.
 f14     = LCELL( _EQ016 $  GND);
  _EQ016 = !x0 &  x1 &  x2 &  x3;

-- Node name is 'f15' 
-- Equation name is 'f15', location is LC005, type is output.
 f15     = LCELL( _EQ017 $  GND);
  _EQ017 =  x0 &  x1 &  x2 &  x3;

-- Node name is '|dec4to16using3to8:stage0|dec3to8:stage0|~153~1' 
-- Equation name is '_LC001', type is buried 
-- synthesized logic cell 
_LC001   = LCELL( _EQ018 $  GND);
  _EQ018 =  x0 &  x1 &  x2 & !x3;

-- Node name is '|dec4to16using3to8:stage0|dec3to8:stage0|~154~1' 
-- Equation name is '_LC016', type is buried 
-- synthesized logic cell 
_LC016   = LCELL( _EQ019 $  GND);
  _EQ019 = !x0 &  x1 &  x2 & !x3;

-- Node name is '|dec4to16using3to8:stage0|dec3to8:stage0|~157~1' 
-- Equation name is '_LC014', type is buried 
-- synthesized logic cell 
_LC014   = LCELL( _EQ020 $  GND);
  _EQ020 =  x0 &  x1 & !x2 & !x3;

-- Node name is '|dec4to16using3to8:stage0|dec3to8:stage0|~159~1' 
-- Equation name is '_LC013', type is buried 
-- synthesized logic cell 
_LC013   = LCELL( _EQ021 $  GND);
  _EQ021 =  x0 & !x1 & !x2 & !x3;

-- Node name is '|dec4to16using3to8:stage0|dec3to8:stage1|~153~1' 
-- Equation name is '_LC012', type is buried 
-- synthesized logic cell 
_LC012   = LCELL( _EQ022 $  GND);
  _EQ022 =  x0 &  x1 &  x2 &  x3;

-- Node name is '|dec4to16using3to8:stage0|dec3to8:stage1|~154~1' 
-- Equation name is '_LC008', type is buried 
-- synthesized logic cell 
_LC008   = LCELL( _EQ023 $  GND);
  _EQ023 = !x0 &  x1 &  x2 &  x3;

-- Node name is '|dec4to16using3to8:stage0|dec3to8:stage1|~159~1' 
-- Equation name is '_LC004', type is buried 
-- synthesized logic cell 
_LC004   = LCELL( _EQ024 $  GND);
  _EQ024 =  x0 & !x1 & !x2 &  x3;



--     Shareable expanders that are duplicated in multiple LABs:
--     (none)




Project Information           d:\180905188\week9\problem1\fncusingdec4to16.rpt

** COMPILATION SETTINGS & TIMES **

Processing Menu Commands
------------------------

Design Doctor                             = off

Logic Synthesis:

   Synthesis Type Used                    = Standard

   Default Synthesis Style                = NORMAL

      Logic option settings in 'NORMAL' style for 'MAX7000' family

      DECOMPOSE_GATES                     = on
      DUPLICATE_LOGIC_EXTRACTION          = on
      MINIMIZATION                        = full
      MULTI_LEVEL_FACTORING               = on
      NOT_GATE_PUSH_BACK                  = on
      PARALLEL_EXPANDERS                  = off
      REDUCE_LOGIC                        = on
      REFACTORIZATION                     = on
      REGISTER_OPTIMIZATION               = on
      RESYNTHESIZE_NETWORK                = on
      SLOW_SLEW_RATE                      = off
      SOFT_BUFFER_INSERTION               = on
      SUBFACTOR_EXTRACTION                = on
      TURBO_BIT                           = on
      XOR_SYNTHESIS                       = on
      IGNORE_SOFT_BUFFERS                 = off
      USE_LPM_FOR_AHDL_OPERATORS          = off

   Other logic synthesis settings:

      Automatic Global Clock              = on
      Automatic Global Clear              = on
      Automatic Global Preset             = on
      Automatic Global Output Enable      = on
      Automatic Fast I/O                  = off
      Automatic Register Packing          = off
      Automatic Open-Drain Pins           = on
      Automatic Implement in EAB          = off
      One-Hot State Machine Encoding      = off
      Optimize                            = 5

Default Timing Specifications: None

Cut All Bidir Feedback Timing Paths       = on
Cut All Clear & Preset Timing Paths       = on

Ignore Timing Assignments                 = on

Functional SNF Extractor                  = off

Linked SNF Extractor                      = off
Timing SNF Extractor                      = on
Optimize Timing SNF                       = off
Generate AHDL TDO File                    = off
Fitter Settings                           = NORMAL
Smart Recompile                           = off
Total Recompile                           = off

Interfaces Menu Commands
------------------------

EDIF Netlist Writer                       = off
Verilog Netlist Writer                    = off
VHDL Netlist Writer                       = off

Compilation Times
-----------------

   Compiler Netlist Extractor             00:00:00
   Database Builder                       00:00:00
   Logic Synthesizer                      00:00:00
   Partitioner                            00:00:00
   Fitter                                 00:00:00
   Timing SNF Extractor                   00:00:00
   Assembler                              00:00:00
   --------------------------             --------
   Total Time                             00:00:00


Memory Allocated
-----------------

Peak memory allocated during compilation  = 3,695K
