Project Information              d:\180905188\week6\m2b\hierachialmux16to1.rpt

MAX+plus II Compiler Report File
Version 10.2 07/10/2002
Compiled: 08/31/2019 10:43:14

Copyright (C) 1988-2002 Altera Corporation
Any megafunction design, and related net list (encrypted or decrypted),
support information, device programming or simulation file, and any other
associated documentation or information provided by Altera or a partner
under Altera's Megafunction Partnership Program may be used only to
program PLD devices (but not masked PLD devices) from Altera.  Any other
use of such megafunction design, net list, support information, device
programming or simulation file, or any other related documentation or
information is prohibited for any other purpose, including, but not
limited to modification, reverse engineering, de-compiling, or use with
any other silicon devices, unless such use is explicitly licensed under
a separate agreement with Altera or a megafunction partner.  Title to
the intellectual property, including patents, copyrights, trademarks,
trade secrets, or maskworks, embodied in any such megafunction design,
net list, support information, device programming or simulation file, or
any other related documentation or information provided by Altera or a
megafunction partner, remains with Altera, the megafunction partner, or
their respective licensors.  No other licenses, including any licenses
needed under any third party's intellectual property, are provided herein.



***** Project compilation was successful




** DEVICE SUMMARY **

Chip/                     Input   Output   Bidir         Shareable
POF       Device          Pins    Pins     Pins     LCs  Expanders  % Utilized

hierachialmux16to1
      EPM7032LC44-6        20       1        0      1       16          3  %

User Pins:                 20       1        0  



Project Information              d:\180905188\week6\m2b\hierachialmux16to1.rpt

** FILE HIERARCHY **



|mux4to1:stage0|
|mux4to1:stage1|
|mux4to1:stage2|
|mux4to1:stage3|
|mux4to1:stage4|


Device-Specific Information:     d:\180905188\week6\m2b\hierachialmux16to1.rpt
hierachialmux16to1

***** Logic for device 'hierachialmux16to1' compiled without errors.




Device: EPM7032LC44-6

Device Options:
    Turbo Bit                                    = ON
    Security Bit                                 = OFF

                                               
                                               
                                               
                                               
                    h                          
              h  h  w  V  G  G  G  G  G  h  h  
              w  w  1  C  N  N  N  N  N  w  w  
              7  6  5  C  D  D  D  D  D  0  1  
            -----------------------------------_ 
          /   6  5  4  3  2  1 44 43 42 41 40   | 
     hw8 |  7                                39 | hf 
     hw9 |  8                                38 | RESERVED 
    hw10 |  9                                37 | hw2 
     GND | 10                                36 | hw3 
    hw11 | 11                                35 | VCC 
    hw12 | 12         EPM7032LC44-6          34 | RESERVED 
    hw13 | 13                                33 | RESERVED 
    hw14 | 14                                32 | RESERVED 
     VCC | 15                                31 | RESERVED 
     hw5 | 16                                30 | GND 
     hw4 | 17                                29 | RESERVED 
         |_  18 19 20 21 22 23 24 25 26 27 28  _| 
           ------------------------------------ 
              h  h  h  h  G  V  R  R  R  R  R  
              s  s  s  s  N  C  E  E  E  E  E  
              0  1  2  3  D  C  S  S  S  S  S  
                                E  E  E  E  E  
                                R  R  R  R  R  
                                V  V  V  V  V  
                                E  E  E  E  E  
                                D  D  D  D  D  


N.C. = No Connect. This pin has no internal connection to the device.
VCC = Dedicated power pin, which MUST be connected to VCC.
GND = Dedicated ground pin or unused dedicated input, which MUST be connected to GND.
RESERVED = Unused I/O pin, which MUST be left unconnected.



Device-Specific Information:     d:\180905188\week6\m2b\hierachialmux16to1.rpt
hierachialmux16to1

** RESOURCE USAGE **

                                                Shareable     External
Logic Array Block     Logic Cells   I/O Pins    Expanders   Interconnect

A:     LC1 - LC16     0/16(  0%)  16/16(100%)   0/16(  0%)   0/36(  0%) 
B:    LC17 - LC32     1/16(  6%)   5/16( 31%)  16/16(100%)  20/36( 55%) 


Total dedicated input pins used:                 0/4      (  0%)
Total I/O pins used:                            21/32     ( 65%)
Total logic cells used:                          1/32     (  3%)
Total shareable expanders used:                 16/32     ( 50%)
Total Turbo logic cells used:                    1/32     (  3%)
Total shareable expanders not available (n/a):   0/32     (  0%)
Average fan-in:                                  20.00
Total fan-in:                                    20

Total input pins required:                      20
Total output pins required:                      1
Total bidirectional pins required:               0
Total logic cells required:                      1
Total flipflops required:                        0
Total product terms required:                   17
Total logic cells lending parallel expanders:    0
Total shareable expanders in database:          16

Synthesized logic cells:                         0/  32   (  0%)



Device-Specific Information:     d:\180905188\week6\m2b\hierachialmux16to1.rpt
hierachialmux16to1

** INPUTS **

                                         Shareable
                                         Expanders     Fan-In    Fan-Out
 Pin     LC  LAB  Primitive    Code   Total Shared n/a INP  FBK  OUT  FBK  Name
  18   (13)  (A)      INPUT               0      0   0    0    0    1    0  hs0
  19   (14)  (A)      INPUT               0      0   0    0    0    1    0  hs1
  20   (15)  (A)      INPUT               0      0   0    0    0    1    0  hs2
  21   (16)  (A)      INPUT               0      0   0    0    0    1    0  hs3
  41   (17)  (B)      INPUT               0      0   0    0    0    1    0  hw0
  40   (18)  (B)      INPUT               0      0   0    0    0    1    0  hw1
  37   (21)  (B)      INPUT               0      0   0    0    0    1    0  hw2
  36   (22)  (B)      INPUT               0      0   0    0    0    1    0  hw3
  17   (12)  (A)      INPUT               0      0   0    0    0    1    0  hw4
  16   (11)  (A)      INPUT               0      0   0    0    0    1    0  hw5
   5    (2)  (A)      INPUT               0      0   0    0    0    1    0  hw6
   6    (3)  (A)      INPUT               0      0   0    0    0    1    0  hw7
   7    (4)  (A)      INPUT               0      0   0    0    0    1    0  hw8
   8    (5)  (A)      INPUT               0      0   0    0    0    1    0  hw9
   9    (6)  (A)      INPUT               0      0   0    0    0    1    0  hw10
  11    (7)  (A)      INPUT               0      0   0    0    0    1    0  hw11
  12    (8)  (A)      INPUT               0      0   0    0    0    1    0  hw12
  13    (9)  (A)      INPUT               0      0   0    0    0    1    0  hw13
  14   (10)  (A)      INPUT               0      0   0    0    0    1    0  hw14
   4    (1)  (A)      INPUT               0      0   0    0    0    1    0  hw15


Code:

s = Synthesized pin or logic cell
t = Turbo logic cell
+ = Synchronous flipflop
! = NOT gate push-back
r = Fitter-inserted logic cell


Device-Specific Information:     d:\180905188\week6\m2b\hierachialmux16to1.rpt
hierachialmux16to1

** OUTPUTS **

                                         Shareable
                                         Expanders     Fan-In    Fan-Out
 Pin     LC  LAB  Primitive    Code   Total Shared n/a INP  FBK  OUT  FBK  Name
  39     19    B     OUTPUT      t       16      0   0   20    0    0    0  hf


Code:

s = Synthesized pin or logic cell
t = Turbo logic cell
+ = Synchronous flipflop
! = NOT gate push-back
r = Fitter-inserted logic cell


Device-Specific Information:     d:\180905188\week6\m2b\hierachialmux16to1.rpt
hierachialmux16to1

** LOGIC CELL INTERCONNECTIONS **

Logic Array Block 'B':

           Logic cells placed in LAB 'B'
        +- LC19 hf
        | 
        |   Other LABs fed by signals
        |   that feed LAB 'B'
LC      | | A B |     Logic cells that feed LAB 'B':

Pin
18   -> * | - * | <-- hs0
19   -> * | - * | <-- hs1
20   -> * | - * | <-- hs2
21   -> * | - * | <-- hs3
41   -> * | - * | <-- hw0
40   -> * | - * | <-- hw1
37   -> * | - * | <-- hw2
36   -> * | - * | <-- hw3
17   -> * | - * | <-- hw4
16   -> * | - * | <-- hw5
5    -> * | - * | <-- hw6
6    -> * | - * | <-- hw7
7    -> * | - * | <-- hw8
8    -> * | - * | <-- hw9
9    -> * | - * | <-- hw10
11   -> * | - * | <-- hw11
12   -> * | - * | <-- hw12
13   -> * | - * | <-- hw13
14   -> * | - * | <-- hw14
4    -> * | - * | <-- hw15


* = The logic cell or pin is an input to the logic cell (or LAB) through the PIA.
- = The logic cell or pin is not an input to the logic cell (or LAB).


Device-Specific Information:     d:\180905188\week6\m2b\hierachialmux16to1.rpt
hierachialmux16to1

** EQUATIONS **

hs0      : INPUT;
hs1      : INPUT;
hs2      : INPUT;
hs3      : INPUT;
hw0      : INPUT;
hw1      : INPUT;
hw2      : INPUT;
hw3      : INPUT;
hw4      : INPUT;
hw5      : INPUT;
hw6      : INPUT;
hw7      : INPUT;
hw8      : INPUT;
hw9      : INPUT;
hw10     : INPUT;
hw11     : INPUT;
hw12     : INPUT;
hw13     : INPUT;
hw14     : INPUT;
hw15     : INPUT;

-- Node name is 'hf' 
-- Equation name is 'hf', location is LC019, type is output.
 hf      = LCELL( _EQ001 $  VCC);
  _EQ001 =  _X001 &  _X002 &  _X003 &  _X004 &  _X005 &  _X006 &  _X007 & 
              _X008 &  _X009 &  _X010 &  _X011 &  _X012 &  _X013 &  _X014 & 
              _X015 &  _X016;
  _X001  = EXP( hs0 &  hs1 &  hs2 &  hs3 &  hw15);
  _X002  = EXP(!hs0 & !hs1 & !hs2 & !hs3 &  hw0);
  _X003  = EXP( hs0 & !hs1 & !hs2 &  hs3 &  hw9);
  _X004  = EXP(!hs0 &  hs1 &  hs2 &  hs3 &  hw14);
  _X005  = EXP( hs0 & !hs1 & !hs2 & !hs3 &  hw1);
  _X006  = EXP(!hs0 &  hs1 & !hs2 & !hs3 &  hw2);
  _X007  = EXP(!hs0 & !hs1 &  hs2 & !hs3 &  hw4);
  _X008  = EXP(!hs0 & !hs1 & !hs2 &  hs3 &  hw8);
  _X009  = EXP( hs0 &  hs1 & !hs2 & !hs3 &  hw3);
  _X010  = EXP( hs0 & !hs1 &  hs2 & !hs3 &  hw5);
  _X011  = EXP(!hs0 &  hs1 &  hs2 & !hs3 &  hw6);
  _X012  = EXP( hs0 & !hs1 &  hs2 &  hs3 &  hw13);
  _X013  = EXP(!hs0 &  hs1 & !hs2 &  hs3 &  hw10);
  _X014  = EXP(!hs0 & !hs1 &  hs2 &  hs3 &  hw12);
  _X015  = EXP( hs0 &  hs1 &  hs2 & !hs3 &  hw7);
  _X016  = EXP( hs0 &  hs1 & !hs2 &  hs3 &  hw11);



--     Shareable expanders that are duplicated in multiple LABs:
--     (none)




Project Information              d:\180905188\week6\m2b\hierachialmux16to1.rpt

** COMPILATION SETTINGS & TIMES **

Processing Menu Commands
------------------------

Design Doctor                             = off

Logic Synthesis:

   Synthesis Type Used                    = Standard

   Default Synthesis Style                = NORMAL

      Logic option settings in 'NORMAL' style for 'MAX7000' family

      DECOMPOSE_GATES                     = on
      DUPLICATE_LOGIC_EXTRACTION          = on
      MINIMIZATION                        = full
      MULTI_LEVEL_FACTORING               = on
      NOT_GATE_PUSH_BACK                  = on
      PARALLEL_EXPANDERS                  = off
      REDUCE_LOGIC                        = on
      REFACTORIZATION                     = on
      REGISTER_OPTIMIZATION               = on
      RESYNTHESIZE_NETWORK                = on
      SLOW_SLEW_RATE                      = off
      SOFT_BUFFER_INSERTION               = on
      SUBFACTOR_EXTRACTION                = on
      TURBO_BIT                           = on
      XOR_SYNTHESIS                       = on
      IGNORE_SOFT_BUFFERS                 = off
      USE_LPM_FOR_AHDL_OPERATORS          = off

   Other logic synthesis settings:

      Automatic Global Clock              = on
      Automatic Global Clear              = on
      Automatic Global Preset             = on
      Automatic Global Output Enable      = on
      Automatic Fast I/O                  = off
      Automatic Register Packing          = off
      Automatic Open-Drain Pins           = on
      Automatic Implement in EAB          = off
      One-Hot State Machine Encoding      = off
      Optimize                            = 5

Default Timing Specifications: None

Cut All Bidir Feedback Timing Paths       = on
Cut All Clear & Preset Timing Paths       = on

Ignore Timing Assignments                 = on

Functional SNF Extractor                  = off

Linked SNF Extractor                      = off
Timing SNF Extractor                      = on
Optimize Timing SNF                       = off
Generate AHDL TDO File                    = off
Fitter Settings                           = NORMAL
Smart Recompile                           = off
Total Recompile                           = off

Interfaces Menu Commands
------------------------

EDIF Netlist Writer                       = off
Verilog Netlist Writer                    = off
VHDL Netlist Writer                       = off

Compilation Times
-----------------

   Compiler Netlist Extractor             00:00:00
   Database Builder                       00:00:00
   Logic Synthesizer                      00:00:00
   Partitioner                            00:00:00
   Fitter                                 00:00:00
   Timing SNF Extractor                   00:00:00
   Assembler                              00:00:00
   --------------------------             --------
   Total Time                             00:00:00


Memory Allocated
-----------------

Peak memory allocated during compilation  = 4,331K
