


ARM Macro Assembler    Page 1 


    1 00000000                 AREA             RESET,DATA,READONLY
    2 00000000                 EXPORT           __Vectors
    3 00000000         __Vectors
    4 00000000 10001000        DCD              0x10001000
    5 00000004 00000000        DCD              Reset_Handler
    6 00000008                 AREA             bcd,CODE,READONLY
    7 00000000                 EXPORT           Reset_Handler
    8 00000000                 ENTRY
    9 00000000         Reset_Handler
   10 00000000 4809            LDR              R0,=0x01020304
   11 00000002 490A            LDR              R1,=RES
   12 00000004 F04F 020F       MOV              R2,#0x0000000F
   13 00000008 F04F 0300       MOV              R3,#0
   14 0000000C F04F 0404       MOV              R4,#4
   15 00000010         UP
   16 00000010 EA00 0502       AND              R5,R0,R2
   17 00000014 EA4F 1202       LSL              R2,#4
   18 00000018 EA4F 1010       LSR              R0,#4
   19 0000001C EA43 0305       ORR              R3,R5
   20 00000020 3C01            SUBS             R4,#1
   21 00000022 D1F5            BNE              UP
   22 00000024 600B            STR              R3,[R1]
   23 00000026         STOP
   24 00000026 E7FE            B                STOP
   25 00000028 01020304 
              00000000         AREA             mydata,DATA,READWRITE
   26 00000000 00000000 
                       RES     DCD              0
   27 00000004                 END
Command Line: --debug --xref --cpu=Cortex-M3 --apcs=interwork --depend=.\bcd.d 
-o.\bcd.o -IC:\Keil\ARM\RV31\INC -IC:\Keil\ARM\CMSIS\Include -IC:\Keil\ARM\Inc\
NXP\LPC17xx --predefine="__EVAL SETA 1" --list=.\bcd.lst bcd.s



ARM Macro Assembler    Page 1 Alphabetic symbol ordering
Relocatable symbols

RESET 00000000

Symbol: RESET
   Definitions
      At line 1 in file bcd.s
   Uses
      None
Comment: RESET unused
__Vectors 00000000

Symbol: __Vectors
   Definitions
      At line 3 in file bcd.s
   Uses
      At line 2 in file bcd.s
Comment: __Vectors used once
2 symbols



ARM Macro Assembler    Page 1 Alphabetic symbol ordering
Relocatable symbols

Reset_Handler 00000000

Symbol: Reset_Handler
   Definitions
      At line 9 in file bcd.s
   Uses
      At line 5 in file bcd.s
      At line 7 in file bcd.s

STOP 00000026

Symbol: STOP
   Definitions
      At line 23 in file bcd.s
   Uses
      At line 24 in file bcd.s
Comment: STOP used once
UP 00000010

Symbol: UP
   Definitions
      At line 15 in file bcd.s
   Uses
      At line 21 in file bcd.s
Comment: UP used once
bcd 00000000

Symbol: bcd
   Definitions
      At line 6 in file bcd.s
   Uses
      None
Comment: bcd unused
4 symbols



ARM Macro Assembler    Page 1 Alphabetic symbol ordering
Relocatable symbols

RES 00000000

Symbol: RES
   Definitions
      At line 26 in file bcd.s
   Uses
      At line 11 in file bcd.s
Comment: RES used once
mydata 00000000

Symbol: mydata
   Definitions
      At line 25 in file bcd.s
   Uses
      None
Comment: mydata unused
2 symbols
341 symbols in table
