


ARM Macro Assembler    Page 1 


    1 00000000                 AREA             RESET,DATA,READONLY
    2 00000000                 EXPORT           __Vectors
    3 00000000         __Vectors
    4 00000000 40001000        DCD              0X40001000
    5 00000004 00000000        DCD              Reset_Handler
    6 00000008                 ALIGN
    7 00000008                 AREA             mycode,CODE,READONLY
    8 00000000                 ENTRY
    9 00000000                 EXPORT           Reset_Handler
   10 00000000         Reset_Handler
   11 00000000 4828            LDR              R0,=NUM1
   12 00000002 4E29            LDR              R6,=HEX1
   13 00000004 6801            LDR              R1,[R0]
   14 00000006 F04F 0200       MOV              R2,#0
   15 0000000A F04F 0401       MOV              R4,#1
   16 0000000E F04F 050A       MOV              R5,#10
   17 00000012 F001 030F 
                       L1      AND              R3,R1,#0X0F
   18 00000016 FB03 2204       MLA              R2,R3,R4,R2
   19 0000001A 0909            MOVS             R1,R1,LSR#04
   20 0000001C FB04 F405       MUL              R4,R4,R5
   21 00000020 D1F7            BNE              L1
   22 00000022 6032            STR              R2,[R6]
   23 00000024 4821            LDR              R0,=NUM2
   24 00000026 4E22            LDR              R6,=HEX2
   25 00000028 6801            LDR              R1,[R0]
   26 0000002A F04F 0200       MOV              R2,#0
   27 0000002E F04F 0401       MOV              R4,#1
   28 00000032 F04F 050A       MOV              R5,#10
   29 00000036 F001 030F 
                       L2      AND              R3,R1,#0X0F
   30 0000003A FB03 2204       MLA              R2,R3,R4,R2
   31 0000003E 0909            MOVS             R1,R1,LSR#04
   32 00000040 FB04 F405       MUL              R4,R4,R5
   33 00000044 D1F7            BNE              L2
   34 00000046 6032            STR              R2,[R6]
   35 00000048 4817            LDR              R0,=HEX1
   36 0000004A 6801            LDR              R1,[R0]
   37 0000004C 4818            LDR              R0,=HEX2
   38 0000004E 6802            LDR              R2,[R0]
   39 00000050 FB01 F302       MUL              R3,R1,R2
   40 00000054 4619            MOV              R1,R3
   41 00000056 290A    LOOP    CMP              R1,#0XA
   42 00000058 D304            BCC              STORE
   43 0000005A F1A1 010A       SUB              R1,R1,#0XA
   44 0000005E F102 0201       ADD              R2,R2,#1
   45 00000062 E7F8            B                LOOP
   46 00000064 F803 1B01 
                       STORE   STRB             R1,[R3],#1
   47 00000068 4611            MOV              R1,R2
   48 0000006A F04F 0200       MOV              R2,#0
   49 0000006E 290A            CMP              R1,#0XA
   50 00000070 D2F1            BCS              LOOP
   51 00000072 7019            STRB             R1,[R3]
   52 00000074 4C0F            LDR              R4,=UNPACK
   53 00000076 6821            LDR              R1,[R4]
   54 00000078 F04F 0503       MOV              R5,#3
   55 0000007C F04F 0700       MOV              R7,#0
   56 00000080 F8DF 8034       LDR              R8,=PACK



ARM Macro Assembler    Page 2 


   57 00000084 F814 6B01 
                       LOOP1   LDRB             R6,[R4],#1
   58 00000088 EA4F 1707       LSL              R7,R7,#4
   59 0000008C EA47 0706       ORR              R7,R7,R6
   60 00000090 3D01            SUBS             R5,#1
   61 00000092 D1F7            BNE              LOOP1
   62 00000094 F8C8 7000       STR              R7,[R8]
   63 00000098         STOP
   64 00000098 E7FE            B                STOP
   65 0000009A 00 00 00001299 
                       NUM1    DCD              0X1299
   66 000000A0 00001599 
                       NUM2    DCD              0X1599
   67 000000A4 00000000 
              00000000 
              00000000 
              00000000 
              00000000 
              00000000 
              00000000 
              00000000         AREA             mydata,DATA,READWRITE
   68 00000000 00000000 
                       HEX1    DCD              0
   69 00000004 00000000 
                       HEX2    DCD              0
   70 00000008 00000000 
                       UNPACK  DCD              0
   71 0000000C 00000000 
                       PACK    DCD              0
   72 00000010                 END
Command Line: --debug --xref --cpu=Cortex-M3 --apcs=interwork --depend=.\prg4.d
 -o.\prg4.o -IC:\Keil\ARM\RV31\INC -IC:\Keil\ARM\CMSIS\Include -IC:\Keil\ARM\In
c\NXP\LPC17xx --predefine="__EVAL SETA 1" --list=.\prg4.lst prg4.s



ARM Macro Assembler    Page 1 Alphabetic symbol ordering
Relocatable symbols

RESET 00000000

Symbol: RESET
   Definitions
      At line 1 in file prg4.s
   Uses
      None
Comment: RESET unused
__Vectors 00000000

Symbol: __Vectors
   Definitions
      At line 3 in file prg4.s
   Uses
      At line 2 in file prg4.s
Comment: __Vectors used once
2 symbols



ARM Macro Assembler    Page 1 Alphabetic symbol ordering
Relocatable symbols

L1 00000012

Symbol: L1
   Definitions
      At line 17 in file prg4.s
   Uses
      At line 21 in file prg4.s
Comment: L1 used once
L2 00000036

Symbol: L2
   Definitions
      At line 29 in file prg4.s
   Uses
      At line 33 in file prg4.s
Comment: L2 used once
LOOP 00000056

Symbol: LOOP
   Definitions
      At line 41 in file prg4.s
   Uses
      At line 45 in file prg4.s
      At line 50 in file prg4.s

LOOP1 00000084

Symbol: LOOP1
   Definitions
      At line 57 in file prg4.s
   Uses
      At line 61 in file prg4.s
Comment: LOOP1 used once
NUM1 0000009C

Symbol: NUM1
   Definitions
      At line 65 in file prg4.s
   Uses
      At line 11 in file prg4.s
Comment: NUM1 used once
NUM2 000000A0

Symbol: NUM2
   Definitions
      At line 66 in file prg4.s
   Uses
      At line 23 in file prg4.s
Comment: NUM2 used once
Reset_Handler 00000000

Symbol: Reset_Handler
   Definitions
      At line 10 in file prg4.s
   Uses
      At line 5 in file prg4.s
      At line 9 in file prg4.s

STOP 00000098



ARM Macro Assembler    Page 2 Alphabetic symbol ordering
Relocatable symbols


Symbol: STOP
   Definitions
      At line 63 in file prg4.s
   Uses
      At line 64 in file prg4.s
Comment: STOP used once
STORE 00000064

Symbol: STORE
   Definitions
      At line 46 in file prg4.s
   Uses
      At line 42 in file prg4.s
Comment: STORE used once
mycode 00000000

Symbol: mycode
   Definitions
      At line 7 in file prg4.s
   Uses
      None
Comment: mycode unused
10 symbols



ARM Macro Assembler    Page 1 Alphabetic symbol ordering
Relocatable symbols

HEX1 00000000

Symbol: HEX1
   Definitions
      At line 68 in file prg4.s
   Uses
      At line 12 in file prg4.s
      At line 35 in file prg4.s

HEX2 00000004

Symbol: HEX2
   Definitions
      At line 69 in file prg4.s
   Uses
      At line 24 in file prg4.s
      At line 37 in file prg4.s

PACK 0000000C

Symbol: PACK
   Definitions
      At line 71 in file prg4.s
   Uses
      At line 56 in file prg4.s
Comment: PACK used once
UNPACK 00000008

Symbol: UNPACK
   Definitions
      At line 70 in file prg4.s
   Uses
      At line 52 in file prg4.s
Comment: UNPACK used once
mydata 00000000

Symbol: mydata
   Definitions
      At line 67 in file prg4.s
   Uses
      None
Comment: mydata unused
5 symbols
350 symbols in table
