


ARM Macro Assembler    Page 1 


    1 00000000                 AREA             RESET,DATA,READONLY
    2 00000000                 EXPORT           __Vectors
    3 00000000         __Vectors
    4 00000000 40001000        DCD              0X40001000
    5 00000004 00000000        DCD              Reset_Handler
    6 00000008                 ALIGN
    7 00000008                 AREA             mycode,CODE,READONLY
    8 00000000                 ENTRY
    9 00000000                 EXPORT           Reset_Handler
   10 00000000         Reset_Handler
   11 00000000 480A            LDR              R0,=NUM
   12 00000002 4E0B            LDR              R6,=RESULT
   13 00000004 6801            LDR              R1,[R0]
   14 00000006 F04F 0200       MOV              R2,#0
   15 0000000A F04F 0401       MOV              R4,#1
   16 0000000E F04F 050A       MOV              R5,#10
   17 00000012 F001 030F 
                       L       AND              R3,R1,#0X0F
   18 00000016 FB03 2204       MLA              R2,R3,R4,R2
   19 0000001A 0909            MOVS             R1,R1,LSR#04
   20 0000001C FB04 F405       MUL              R4,R4,R5
   21 00000020 D1F7            BNE              L
   22 00000022 6032            STR              R2,[R6]
   23 00000024         STOP
   24 00000024 E7FE            B                STOP
   25 00000026 00 00 00001299 
                       NUM     DCD              0X00001299
   26 0000002C 00000000 
              00000000         AREA             data,DATA,READWRITE
   27 00000000 00000000 
                       RESULT  DCD              0
   28 00000004                 END
Command Line: --debug --xref --cpu=Cortex-M3 --apcs=interwork --depend=.\prg1.d
 -o.\prg1.o -IC:\Keil\ARM\RV31\INC -IC:\Keil\ARM\CMSIS\Include -IC:\Keil\ARM\In
c\NXP\LPC17xx --predefine="__EVAL SETA 1" --list=.\prg1.lst prg1.s



ARM Macro Assembler    Page 1 Alphabetic symbol ordering
Relocatable symbols

RESET 00000000

Symbol: RESET
   Definitions
      At line 1 in file prg1.s
   Uses
      None
Comment: RESET unused
__Vectors 00000000

Symbol: __Vectors
   Definitions
      At line 3 in file prg1.s
   Uses
      At line 2 in file prg1.s
Comment: __Vectors used once
2 symbols



ARM Macro Assembler    Page 1 Alphabetic symbol ordering
Relocatable symbols

L 00000012

Symbol: L
   Definitions
      At line 17 in file prg1.s
   Uses
      At line 21 in file prg1.s
Comment: L used once
NUM 00000028

Symbol: NUM
   Definitions
      At line 25 in file prg1.s
   Uses
      At line 11 in file prg1.s
Comment: NUM used once
Reset_Handler 00000000

Symbol: Reset_Handler
   Definitions
      At line 10 in file prg1.s
   Uses
      At line 5 in file prg1.s
      At line 9 in file prg1.s

STOP 00000024

Symbol: STOP
   Definitions
      At line 23 in file prg1.s
   Uses
      At line 24 in file prg1.s
Comment: STOP used once
mycode 00000000

Symbol: mycode
   Definitions
      At line 7 in file prg1.s
   Uses
      None
Comment: mycode unused
5 symbols



ARM Macro Assembler    Page 1 Alphabetic symbol ordering
Relocatable symbols

RESULT 00000000

Symbol: RESULT
   Definitions
      At line 27 in file prg1.s
   Uses
      At line 12 in file prg1.s
Comment: RESULT used once
data 00000000

Symbol: data
   Definitions
      At line 26 in file prg1.s
   Uses
      None
Comment: data unused
2 symbols
342 symbols in table
