


ARM Macro Assembler    Page 1 


    1 00000000                 AREA             RESET,DATA,READONLY
    2 00000000                 EXPORT           __Vectors
    3 00000000         __Vectors
    4 00000000 40001000        DCD              0X40001000
    5 00000004 00000000        DCD              Reset_Handler
    6 00000008                 ALIGN
    7 00000008                 AREA             mycode,CODE,READONLY
    8 00000000                 ENTRY
    9 00000000                 EXPORT           Reset_Handler
   10 00000000         Reset_Handler
   11 00000000 4813            LDR              R0,=NUM
   12 00000002 4B14            LDR              R3,=UNPACK
   13 00000004 6801            LDR              R1,[R0]
   14 00000006 290A    LOOP    CMP              R1,#0XA
   15 00000008 D304            BCC              STORE
   16 0000000A F1A1 010A       SUB              R1,R1,#0XA
   17 0000000E F102 0201       ADD              R2,R2,#1
   18 00000012 E7F8            B                LOOP
   19 00000014 F803 1B01 
                       STORE   STRB             R1,[R3],#1
   20 00000018 4611            MOV              R1,R2
   21 0000001A F04F 0200       MOV              R2,#0
   22 0000001E 290A            CMP              R1,#0XA
   23 00000020 D2F1            BCS              LOOP
   24 00000022 7019            STRB             R1,[R3]
   25 00000024 4C0B            LDR              R4,=UNPACK
   26 00000026 6821            LDR              R1,[R4]
   27 00000028 F04F 0503       MOV              R5,#3
   28 0000002C F04F 0700       MOV              R7,#0
   29 00000030 F8DF 8024       LDR              R8,=PACK
   30 00000034 F814 6B01 
                       LOOP1   LDRB             R6,[R4],#1
   31 00000038 EA4F 1707       LSL              R7,R7,#4
   32 0000003C EA47 0706       ORR              R7,R7,R6
   33 00000040 3D01            SUBS             R5,#1
   34 00000042 D1F7            BNE              LOOP1
   35 00000044 F8C8 7000       STR              R7,[R8]
   36 00000048         STOP
   37 00000048 E7FE            B                STOP
   38 0000004A 00 00 000000FF 
                       NUM     DCD              0XFF
   39 00000050 00000000 
              00000000 
              00000000 
              00000000         AREA             data,DATA,READWRITE
   40 00000000 00000000 
                       UNPACK  DCD              0
   41 00000004 00000000 
                       PACK    DCD              0
   42 00000008                 END
Command Line: --debug --xref --cpu=Cortex-M3 --apcs=interwork --depend=.\prg2.d
 -o.\prg2.o -IC:\Keil\ARM\RV31\INC -IC:\Keil\ARM\CMSIS\Include -IC:\Keil\ARM\In
c\NXP\LPC17xx --predefine="__EVAL SETA 1" --list=.\prg2.lst prg2.s



ARM Macro Assembler    Page 1 Alphabetic symbol ordering
Relocatable symbols

RESET 00000000

Symbol: RESET
   Definitions
      At line 1 in file prg2.s
   Uses
      None
Comment: RESET unused
__Vectors 00000000

Symbol: __Vectors
   Definitions
      At line 3 in file prg2.s
   Uses
      At line 2 in file prg2.s
Comment: __Vectors used once
2 symbols



ARM Macro Assembler    Page 1 Alphabetic symbol ordering
Relocatable symbols

LOOP 00000006

Symbol: LOOP
   Definitions
      At line 14 in file prg2.s
   Uses
      At line 18 in file prg2.s
      At line 23 in file prg2.s

LOOP1 00000034

Symbol: LOOP1
   Definitions
      At line 30 in file prg2.s
   Uses
      At line 34 in file prg2.s
Comment: LOOP1 used once
NUM 0000004C

Symbol: NUM
   Definitions
      At line 38 in file prg2.s
   Uses
      At line 11 in file prg2.s
Comment: NUM used once
Reset_Handler 00000000

Symbol: Reset_Handler
   Definitions
      At line 10 in file prg2.s
   Uses
      At line 5 in file prg2.s
      At line 9 in file prg2.s

STOP 00000048

Symbol: STOP
   Definitions
      At line 36 in file prg2.s
   Uses
      At line 37 in file prg2.s
Comment: STOP used once
STORE 00000014

Symbol: STORE
   Definitions
      At line 19 in file prg2.s
   Uses
      At line 15 in file prg2.s
Comment: STORE used once
mycode 00000000

Symbol: mycode
   Definitions
      At line 7 in file prg2.s
   Uses
      None
Comment: mycode unused
7 symbols



ARM Macro Assembler    Page 1 Alphabetic symbol ordering
Relocatable symbols

PACK 00000004

Symbol: PACK
   Definitions
      At line 41 in file prg2.s
   Uses
      At line 29 in file prg2.s
Comment: PACK used once
UNPACK 00000000

Symbol: UNPACK
   Definitions
      At line 40 in file prg2.s
   Uses
      At line 12 in file prg2.s
      At line 25 in file prg2.s

data 00000000

Symbol: data
   Definitions
      At line 39 in file prg2.s
   Uses
      None
Comment: data unused
3 symbols
345 symbols in table
