


ARM Macro Assembler    Page 1 


    1 00000000                 AREA             RESET,DATA,READONLY
    2 00000000                 EXPORT           __Vectors
    3 00000000         __Vectors
    4 00000000 10001000        DCD              0x10001000
    5 00000004 00000000        DCD              Reset_Handler
    6 00000008                 ALIGN
    7 00000008                 AREA             mycode,CODE,READONLY
    8 00000000                 ENTRY
    9 00000000                 EXPORT           Reset_Handler
   10 00000000         Reset_Handler
   11 00000000 4D07            LDR              R5,=RESULT
   12 00000002 4808            LDR              R0,=NUM1
   13 00000004 4908            LDR              R1,=NUM2
   14 00000006 6802            LDR              R2,[R0]
   15 00000008 680B            LDR              R3,[R1]
   16 0000000A FBA3 6702       UMULL            R6,R7,R3,R2
   17 0000000E F845 6B04       STR              R6,[R5],#4
   18 00000012 602F            STR              R7,[R5]
   19 00000014         STOP
   20 00000014 E7FE            B                STOP
   21 00000016 00 00           ALIGN
   22 00000018 10000004 
                       NUM1    DCD              0X10000004
   23 0000001C 54000000 
                       NUM2    DCD              0X54000000
   24 00000020 00000000 
              00000000 
              00000000         AREA             mydata,DATA,READWRITE
   25 00000000 00000000 
                       RESULT  DCD              0
   26 00000004                 END
Command Line: --debug --xref --cpu=Cortex-M3 --apcs=interwork --depend=.\sample
2umullinstruction.d -o.\sample2umullinstruction.o -IC:\Keil\ARM\RV31\INC -IC:\K
eil\ARM\CMSIS\Include -IC:\Keil\ARM\Inc\NXP\LPC17xx --predefine="__EVAL SETA 1"
 --list=.\sample2umullinstruction.lst sample2UMULLinstruction.s



ARM Macro Assembler    Page 1 Alphabetic symbol ordering
Relocatable symbols

RESET 00000000

Symbol: RESET
   Definitions
      At line 1 in file sample2UMULLinstruction.s
   Uses
      None
Comment: RESET unused
__Vectors 00000000

Symbol: __Vectors
   Definitions
      At line 3 in file sample2UMULLinstruction.s
   Uses
      At line 2 in file sample2UMULLinstruction.s
Comment: __Vectors used once
2 symbols



ARM Macro Assembler    Page 1 Alphabetic symbol ordering
Relocatable symbols

NUM1 00000018

Symbol: NUM1
   Definitions
      At line 22 in file sample2UMULLinstruction.s
   Uses
      At line 12 in file sample2UMULLinstruction.s
Comment: NUM1 used once
NUM2 0000001C

Symbol: NUM2
   Definitions
      At line 23 in file sample2UMULLinstruction.s
   Uses
      At line 13 in file sample2UMULLinstruction.s
Comment: NUM2 used once
Reset_Handler 00000000

Symbol: Reset_Handler
   Definitions
      At line 10 in file sample2UMULLinstruction.s
   Uses
      At line 5 in file sample2UMULLinstruction.s
      At line 9 in file sample2UMULLinstruction.s

STOP 00000014

Symbol: STOP
   Definitions
      At line 19 in file sample2UMULLinstruction.s
   Uses
      At line 20 in file sample2UMULLinstruction.s
Comment: STOP used once
mycode 00000000

Symbol: mycode
   Definitions
      At line 7 in file sample2UMULLinstruction.s
   Uses
      None
Comment: mycode unused
5 symbols



ARM Macro Assembler    Page 1 Alphabetic symbol ordering
Relocatable symbols

RESULT 00000000

Symbol: RESULT
   Definitions
      At line 25 in file sample2UMULLinstruction.s
   Uses
      At line 11 in file sample2UMULLinstruction.s
Comment: RESULT used once
mydata 00000000

Symbol: mydata
   Definitions
      At line 24 in file sample2UMULLinstruction.s
   Uses
      None
Comment: mydata unused
2 symbols
342 symbols in table
