


ARM Macro Assembler    Page 1 


    1 00000000                 AREA             RESET,DATA,READONLY
    2 00000000                 EXPORT           __Vectors
    3 00000000         __Vectors
    4 00000000 00001000        DCD              0X0001000
    5 00000004 00000000        DCD              Reset_Handler
    6 00000008         
    7 00000008                 AREA             mydata,DATA,ReadWrite
    8 00000000 00000000 
                       DST     DCD              0
    9 00000004 00000008 
                       SRC     DCD              8
   10 00000008                 AREA             mycode,CODE,READONLY
   11 00000000                 ENTRY
   12 00000000                 EXPORT           Reset_Handler
   13 00000000         
   14 00000000         Reset_Handler
   15 00000000 4801            LDR              R0,=SRC
   16 00000002 4902            LDR              R1,=DST
   17 00000004 6803            LDR              R3,[R0]
   18 00000006 600B            STR              R3,[R1]
   19 00000008                 END
              00000000 
              00000000 
Command Line: --debug --xref --cpu=Cortex-M3 --apcs=interwork --depend=.\ex2.d 
-o.\ex2.o -IC:\Keil\ARM\RV31\INC -IC:\Keil\ARM\CMSIS\Include -IC:\Keil\ARM\Inc\
NXP\LPC17xx --predefine="__EVAL SETA 1" --list=.\ex2.lst D:\A_60\ex2.s



ARM Macro Assembler    Page 1 Alphabetic symbol ordering
Relocatable symbols

RESET 00000000

Symbol: RESET
   Definitions
      At line 1 in file D:\A_60\ex2.s
   Uses
      None
Comment: RESET unused
__Vectors 00000000

Symbol: __Vectors
   Definitions
      At line 3 in file D:\A_60\ex2.s
   Uses
      At line 2 in file D:\A_60\ex2.s
Comment: __Vectors used once
2 symbols



ARM Macro Assembler    Page 1 Alphabetic symbol ordering
Relocatable symbols

DST 00000000

Symbol: DST
   Definitions
      At line 8 in file D:\A_60\ex2.s
   Uses
      At line 16 in file D:\A_60\ex2.s
Comment: DST used once
SRC 00000004

Symbol: SRC
   Definitions
      At line 9 in file D:\A_60\ex2.s
   Uses
      At line 15 in file D:\A_60\ex2.s
Comment: SRC used once
mydata 00000000

Symbol: mydata
   Definitions
      At line 7 in file D:\A_60\ex2.s
   Uses
      None
Comment: mydata unused
3 symbols



ARM Macro Assembler    Page 1 Alphabetic symbol ordering
Relocatable symbols

Reset_Handler 00000000

Symbol: Reset_Handler
   Definitions
      At line 14 in file D:\A_60\ex2.s
   Uses
      At line 5 in file D:\A_60\ex2.s
      At line 12 in file D:\A_60\ex2.s

mycode 00000000

Symbol: mycode
   Definitions
      At line 10 in file D:\A_60\ex2.s
   Uses
      None
Comment: mycode unused
2 symbols
340 symbols in table
