


ARM Macro Assembler    Page 1 


    1 00000000                 AREA             RESET,DATA,READONLY
    2 00000000                 EXPORT           __Vectors
    3 00000000         __Vectors
    4 00000000 10001000        DCD              0x10001000
    5 00000004 00000000        DCD              Reset_Handler
    6 00000008                 AREA             Mycode,CODE,READONLY
    7 00000000                 ENTRY
    8 00000000                 EXPORT           Reset_Handler
    9 00000000         Reset_Handler
   10 00000000 4827            LDR              R0,=N1
   11 00000002 6802            LDR              R2,[R0]
   12 00000004 F000 F81A       BL               BCD_HEX
   13 00000008 46A9            MOV              R9,R5
   14 0000000A 4826            LDR              R0,=N2
   15 0000000C 6802            LDR              R2,[R0]
   16 0000000E F000 F815       BL               BCD_HEX
   17 00000012 46AA            MOV              R10,R5
   18 00000014 4824            LDR              R0,=PRODUCT
   19 00000016 FB09 F90A       MUL              R9,R10
   20 0000001A F000 F822       BL               HEX_BCD
   21 0000001E F8DF 908C       LDR              R9,=TEMP
   22 00000022         UP2
   23 00000022 F859 CB01       LDR              R12,[R9],#1
   24 00000026 F859 BB01       LDR              R11,[R9],#1
   25 0000002A EA4F 1B0B       LSL              R11,#4
   26 0000002E EA4C 0C0B       ORR              R12,R11
   27 00000032 F800 CB01       STRB             R12,[R0],#1
   28 00000036 3901            SUBS             R1,#1
   29 00000038 D1F3            BNE              UP2
   30 0000003A         STOP
   31 0000003A E7FE            B                STOP
   32 0000003C         BCD_HEX
   33 0000003C F04F 0301       MOV              R3,#1
   34 00000040 F04F 040A       MOV              R4,#0XA
   35 00000044 F04F 0500       MOV              R5,#0
   36 00000048 F04F 070F       MOV              R7,#0XF
   37 0000004C         UP
   38 0000004C         ;MOV R6,R2
   39 0000004C EA02 0607       AND              R6,R2,R7
   40 00000050 FB06 5503       MLA              R5,R6,R3,R5
   41 00000054 FB03 F304       MUL              R3,R4
   42 00000058 EA4F 1212       LSR              R2,#4
   43 0000005C 2A00            CMP              R2,#0
   44 0000005E D1F5            BNE              UP
   45 00000060 4770            BX               LR
   46 00000062         HEX_BCD
   47 00000062 F04F 0800       MOV              R8,#0
   48 00000066 4911            LDR              R1,=TEMP
   49 00000068         UP1
   50 00000068 F1B9 0F0A       CMP              R9,#0XA
   51 0000006C D304            BCC              STORE
   52 0000006E F1A9 090A       SUB              R9,#0XA
   53 00000072 F108 0801       ADD              R8,#01
   54 00000076 E7F7            B                UP1
   55 00000078         STORE
   56 00000078 F801 9B01       STRB             R9,[R1],#1
   57 0000007C 46C1            MOV              R9,R8
   58 0000007E F04F 0800       MOV              R8,#0
   59 00000082 F1B9 0F0A       CMP              R9,#0XA



ARM Macro Assembler    Page 2 


   60 00000086 D2EF            BCS              UP1
   61 00000088 F881 9000       STRB             R9,[R1]
   62 0000008C F8DF 801C       LDR              R8,=TEMP
   63 00000090 EBA1 0108       SUB              R1,R8
   64 00000094 4770            BX               LR
   65 00000096 00 00 00008745 
                       N1      DCD              0x00008745
   66 0000009C 00004867 
                       N2      DCD              0x00004867
   67 000000A0 00000000 
              00000000 
              00000000 
              00000000 
              00000000 
              00000000         AREA             mydata,DATA,READWRITE
   68 00000000 00000000 
                       PRODUCT DCD              0
   69 00000004 00000000 
                       TEMP    DCD              0
   70 00000008                 END
Command Line: --debug --xref --cpu=Cortex-M3 --apcs=interwork --depend=.\bcd_mu
l.d -o.\bcd_mul.o -IC:\Keil\ARM\RV31\INC -IC:\Keil\ARM\CMSIS\Include -IC:\Keil\
ARM\Inc\NXP\LPC17xx --predefine="__EVAL SETA 1" --list=.\bcd_mul.lst bcd_mul.s



ARM Macro Assembler    Page 1 Alphabetic symbol ordering
Relocatable symbols

RESET 00000000

Symbol: RESET
   Definitions
      At line 1 in file bcd_mul.s
   Uses
      None
Comment: RESET unused
__Vectors 00000000

Symbol: __Vectors
   Definitions
      At line 3 in file bcd_mul.s
   Uses
      At line 2 in file bcd_mul.s
Comment: __Vectors used once
2 symbols



ARM Macro Assembler    Page 1 Alphabetic symbol ordering
Relocatable symbols

BCD_HEX 0000003C

Symbol: BCD_HEX
   Definitions
      At line 32 in file bcd_mul.s
   Uses
      At line 12 in file bcd_mul.s
      At line 16 in file bcd_mul.s

HEX_BCD 00000062

Symbol: HEX_BCD
   Definitions
      At line 46 in file bcd_mul.s
   Uses
      At line 20 in file bcd_mul.s
Comment: HEX_BCD used once
Mycode 00000000

Symbol: Mycode
   Definitions
      At line 6 in file bcd_mul.s
   Uses
      None
Comment: Mycode unused
N1 00000098

Symbol: N1
   Definitions
      At line 65 in file bcd_mul.s
   Uses
      At line 10 in file bcd_mul.s
Comment: N1 used once
N2 0000009C

Symbol: N2
   Definitions
      At line 66 in file bcd_mul.s
   Uses
      At line 14 in file bcd_mul.s
Comment: N2 used once
Reset_Handler 00000000

Symbol: Reset_Handler
   Definitions
      At line 9 in file bcd_mul.s
   Uses
      At line 5 in file bcd_mul.s
      At line 8 in file bcd_mul.s

STOP 0000003A

Symbol: STOP
   Definitions
      At line 30 in file bcd_mul.s
   Uses
      At line 31 in file bcd_mul.s
Comment: STOP used once
STORE 00000078



ARM Macro Assembler    Page 2 Alphabetic symbol ordering
Relocatable symbols


Symbol: STORE
   Definitions
      At line 55 in file bcd_mul.s
   Uses
      At line 51 in file bcd_mul.s
Comment: STORE used once
UP 0000004C

Symbol: UP
   Definitions
      At line 37 in file bcd_mul.s
   Uses
      At line 44 in file bcd_mul.s
Comment: UP used once
UP1 00000068

Symbol: UP1
   Definitions
      At line 49 in file bcd_mul.s
   Uses
      At line 54 in file bcd_mul.s
      At line 60 in file bcd_mul.s

UP2 00000022

Symbol: UP2
   Definitions
      At line 22 in file bcd_mul.s
   Uses
      At line 29 in file bcd_mul.s
Comment: UP2 used once
11 symbols



ARM Macro Assembler    Page 1 Alphabetic symbol ordering
Relocatable symbols

PRODUCT 00000000

Symbol: PRODUCT
   Definitions
      At line 68 in file bcd_mul.s
   Uses
      At line 18 in file bcd_mul.s
Comment: PRODUCT used once
TEMP 00000004

Symbol: TEMP
   Definitions
      At line 69 in file bcd_mul.s
   Uses
      At line 21 in file bcd_mul.s
      At line 48 in file bcd_mul.s
      At line 62 in file bcd_mul.s

mydata 00000000

Symbol: mydata
   Definitions
      At line 67 in file bcd_mul.s
   Uses
      None
Comment: mydata unused
3 symbols
349 symbols in table
