


ARM Macro Assembler    Page 1 


    1 00000000                 AREA             RESET,DATA,READONLY
    2 00000000                 EXPORT           __Vectors
    3 00000000         __Vectors
    4 00000000 10000000        DCD              0X10000000
    5 00000004 00000000        DCD              Reset_Handler
    6 00000008                 AREA             myCode,CODE,READONLY
    7 00000000                 ENTRY
    8 00000000                 EXPORT           Reset_Handler
    9 00000000         Reset_Handler
   10 00000000 4827            LDR              R0,=N1
   11 00000002 6802            LDR              R2,[R0]
   12 00000004 F000 F81A       BL               BCD_HEX
   13 00000008 4691            MOV              R9,R2
   14 0000000A 4826            LDR              R0,=N2
   15 0000000C 6802            LDR              R2,[R0]
   16 0000000E F000 F815       BL               BCD_HEX
   17 00000012 4692            MOV              R10,R2
   18 00000014 4824            LDR              R0,=PROD
   19 00000016 FB09 F90A       MUL              R9,R10
   20 0000001A F000 F822       BL               HEX_BCD
   21 0000001E F8DF 908C       LDR              R9,=TEMP
   22 00000022 F859 CB01 
                       UP2     LDR              R12,[R9],#1
   23 00000026 F859 BB01       LDR              R11,[R9],#1
   24 0000002A EA4F 1B0B       LSL              R11,#4
   25 0000002E EA4C 0C0B       ORR              R12,R11
   26 00000032 F800 CB01       STRB             R12,[R0],#1
   27 00000036 3901            SUBS             R1,#1
   28 00000038 D1F3            BNE              UP2
   29 0000003A         STOP
   30 0000003A E7FE            B                STOP
   31 0000003C         BCD_HEX
   32 0000003C F04F 0301       MOV              R3,#1
   33 00000040 F04F 040A       MOV              R4,#0XA
   34 00000044 F04F 0500       MOV              R5,#0
   35 00000048 F04F 070F       MOV              R7,#0XF
   36 0000004C EA02 0607 
                       UP      AND              R6,R2,R7
   37 00000050 FB06 5503       MLA              R5,R6,R3,R5
   38 00000054 FB03 F304       MUL              R3,R4
   39 00000058 EA4F 1212       LSR              R2,#4
   40 0000005C 2A00            CMP              R2,#0
   41 0000005E D1F5            BNE              UP
   42 00000060 4770            BX               LR
   43 00000062         HEX_BCD
   44 00000062 F04F 0800       MOV              R8,#0
   45 00000066 4911            LDR              R1,=TEMP
   46 00000068 F1B9 0F0A 
                       UP1     CMP              R9,#0XA
   47 0000006C D304            BCC              STORE
   48 0000006E F1A9 090A       SUB              R9,#0XA
   49 00000072 F108 0801       ADD              R8,#01
   50 00000076 E7F7            B                UP1
   51 00000078         STORE
   52 00000078 F801 9B01       STRB             R9,[R1],#1
   53 0000007C 46C1            MOV              R9,R8
   54 0000007E F04F 0800       MOV              R8,#0
   55 00000082 F1B9 0F0A       CMP              R9,#0XA
   56 00000086 D2EF            BCS              UP1



ARM Macro Assembler    Page 2 


   57 00000088 F881 9000       STRB             R9,[R1]
   58 0000008C F8DF 801C       LDR              R8,=TEMP
   59 00000090 EBA1 0108       SUB              R1,R8
   60 00000094 4770            BX               LR
   61 00000096 00 00 00000009 
                       N1      DCD              9
   62 0000009C 00000002 
                       N2      DCD              2
   63 000000A0 00000000 
              00000000 
              00000000 
              00000000 
              00000000 
              00000000         AREA             myData,DATA,READWRITE
   64 00000000 00000000 
                       PROD    DCD              0
   65 00000004 00000000 
                       TEMP    DCD              0
   66 00000008                 END
Command Line: --debug --xref --cpu=Cortex-M3 --apcs=interwork --depend=.\bcdmul
.d -o.\bcdmul.o -IC:\Keil\ARM\RV31\INC -IC:\Keil\ARM\CMSIS\Include -IC:\Keil\AR
M\Inc\NXP\LPC17xx --predefine="__EVAL SETA 1" --list=.\bcdmul.lst bcdmul.s



ARM Macro Assembler    Page 1 Alphabetic symbol ordering
Relocatable symbols

RESET 00000000

Symbol: RESET
   Definitions
      At line 1 in file bcdmul.s
   Uses
      None
Comment: RESET unused
__Vectors 00000000

Symbol: __Vectors
   Definitions
      At line 3 in file bcdmul.s
   Uses
      At line 2 in file bcdmul.s
Comment: __Vectors used once
2 symbols



ARM Macro Assembler    Page 1 Alphabetic symbol ordering
Relocatable symbols

BCD_HEX 0000003C

Symbol: BCD_HEX
   Definitions
      At line 31 in file bcdmul.s
   Uses
      At line 12 in file bcdmul.s
      At line 16 in file bcdmul.s

HEX_BCD 00000062

Symbol: HEX_BCD
   Definitions
      At line 43 in file bcdmul.s
   Uses
      At line 20 in file bcdmul.s
Comment: HEX_BCD used once
N1 00000098

Symbol: N1
   Definitions
      At line 61 in file bcdmul.s
   Uses
      At line 10 in file bcdmul.s
Comment: N1 used once
N2 0000009C

Symbol: N2
   Definitions
      At line 62 in file bcdmul.s
   Uses
      At line 14 in file bcdmul.s
Comment: N2 used once
Reset_Handler 00000000

Symbol: Reset_Handler
   Definitions
      At line 9 in file bcdmul.s
   Uses
      At line 5 in file bcdmul.s
      At line 8 in file bcdmul.s

STOP 0000003A

Symbol: STOP
   Definitions
      At line 29 in file bcdmul.s
   Uses
      At line 30 in file bcdmul.s
Comment: STOP used once
STORE 00000078

Symbol: STORE
   Definitions
      At line 51 in file bcdmul.s
   Uses
      At line 47 in file bcdmul.s
Comment: STORE used once
UP 0000004C



ARM Macro Assembler    Page 2 Alphabetic symbol ordering
Relocatable symbols


Symbol: UP
   Definitions
      At line 36 in file bcdmul.s
   Uses
      At line 41 in file bcdmul.s
Comment: UP used once
UP1 00000068

Symbol: UP1
   Definitions
      At line 46 in file bcdmul.s
   Uses
      At line 50 in file bcdmul.s
      At line 56 in file bcdmul.s

UP2 00000022

Symbol: UP2
   Definitions
      At line 22 in file bcdmul.s
   Uses
      At line 28 in file bcdmul.s
Comment: UP2 used once
myCode 00000000

Symbol: myCode
   Definitions
      At line 6 in file bcdmul.s
   Uses
      None
Comment: myCode unused
11 symbols



ARM Macro Assembler    Page 1 Alphabetic symbol ordering
Relocatable symbols

PROD 00000000

Symbol: PROD
   Definitions
      At line 64 in file bcdmul.s
   Uses
      At line 18 in file bcdmul.s
Comment: PROD used once
TEMP 00000004

Symbol: TEMP
   Definitions
      At line 65 in file bcdmul.s
   Uses
      At line 21 in file bcdmul.s
      At line 45 in file bcdmul.s
      At line 58 in file bcdmul.s

myData 00000000

Symbol: myData
   Definitions
      At line 63 in file bcdmul.s
   Uses
      None
Comment: myData unused
3 symbols
349 symbols in table
