


ARM Macro Assembler    Page 1 


    1 00000000                 AREA             RESET, DATA, READONLY
    2 00000000                 EXPORT           __Vectors
    3 00000000         __Vectors
    4 00000000 10001000        DCD              0X10001000
    5 00000004 00000000        DCD              Reset_Handler
    6 00000008                 AREA             MYCODE, CODE, READONLY
    7 00000000                 ENTRY
    8 00000000                 EXPORT           Reset_Handler
    9 00000000         Reset_Handler
   10 00000000 4816            LDR              R0,=N
   11 00000002 6801            LDR              R1,[R0]
   12 00000004 460E            MOV              R6,R1
   13 00000006 4816            LDR              R0,=KEY
   14 00000008 6804            LDR              R4,[R0]
   15 0000000A 4816            LDR              R0,=ARR
   16 0000000C 4A16            LDR              R2,=DST
   17 0000000E         LOOP
   18 0000000E 6803            LDR              R3,[R0]
   19 00000010 42A3            CMP              R3,R4
   20 00000012 D003            BEQ              NEXT
   21 00000014 F100 0004       ADD              R0,#4
   22 00000018 3901            SUBS             R1,#1
   23 0000001A D1F8            BNE              LOOP
   24 0000001C         NEXT
   25 0000001C 2900            CMP              R1,#0
   26 0000001E D003            BEQ              STORE
   27 00000020 EBA6 0501       SUB              R5,R6,R1
   28 00000024 F105 0501       ADD              R5,#1
   29 00000028         STORE
   30 00000028 6015            STR              R5,[R2]
   31 0000002A         STOP
   32 0000002A E7FE            B                STOP
   33 0000002C 0000000A 
                       N       DCD              10
   34 00000030 0000000C 
              00000033 
              00000001 
              00000007 
              000000FC 
              00000054 
              00000002 
              00000005 
              00000019 
              0000000B ARR     DCD              12,51,1,7,252,84,2,5,25,11
   35 00000058 00000002 
                       KEY     DCD              2
   36 0000005C 00000000 
              00000000 
              00000000 
              00000000         AREA             mydata,DATA,READWRITE
   37 00000000 00000000 
                       DST     DCD              0
   38 00000004                 END
Command Line: --debug --xref --cpu=Cortex-M3 --apcs=interwork --depend=.\lsearc
h.d -o.\lsearch.o -IC:\Keil\ARM\RV31\INC -IC:\Keil\ARM\CMSIS\Include -IC:\Keil\
ARM\Inc\NXP\LPC17xx --predefine="__EVAL SETA 1" --list=.\lsearch.lst lsearch.s



ARM Macro Assembler    Page 1 Alphabetic symbol ordering
Relocatable symbols

RESET 00000000

Symbol: RESET
   Definitions
      At line 1 in file lsearch.s
   Uses
      None
Comment: RESET unused
__Vectors 00000000

Symbol: __Vectors
   Definitions
      At line 3 in file lsearch.s
   Uses
      At line 2 in file lsearch.s
Comment: __Vectors used once
2 symbols



ARM Macro Assembler    Page 1 Alphabetic symbol ordering
Relocatable symbols

ARR 00000030

Symbol: ARR
   Definitions
      At line 34 in file lsearch.s
   Uses
      At line 15 in file lsearch.s
Comment: ARR used once
KEY 00000058

Symbol: KEY
   Definitions
      At line 35 in file lsearch.s
   Uses
      At line 13 in file lsearch.s
Comment: KEY used once
LOOP 0000000E

Symbol: LOOP
   Definitions
      At line 17 in file lsearch.s
   Uses
      At line 23 in file lsearch.s
Comment: LOOP used once
MYCODE 00000000

Symbol: MYCODE
   Definitions
      At line 6 in file lsearch.s
   Uses
      None
Comment: MYCODE unused
N 0000002C

Symbol: N
   Definitions
      At line 33 in file lsearch.s
   Uses
      At line 10 in file lsearch.s
Comment: N used once
NEXT 0000001C

Symbol: NEXT
   Definitions
      At line 24 in file lsearch.s
   Uses
      At line 20 in file lsearch.s
Comment: NEXT used once
Reset_Handler 00000000

Symbol: Reset_Handler
   Definitions
      At line 9 in file lsearch.s
   Uses
      At line 5 in file lsearch.s
      At line 8 in file lsearch.s

STOP 0000002A




ARM Macro Assembler    Page 2 Alphabetic symbol ordering
Relocatable symbols

Symbol: STOP
   Definitions
      At line 31 in file lsearch.s
   Uses
      At line 32 in file lsearch.s
Comment: STOP used once
STORE 00000028

Symbol: STORE
   Definitions
      At line 29 in file lsearch.s
   Uses
      At line 26 in file lsearch.s
Comment: STORE used once
9 symbols



ARM Macro Assembler    Page 1 Alphabetic symbol ordering
Relocatable symbols

DST 00000000

Symbol: DST
   Definitions
      At line 37 in file lsearch.s
   Uses
      At line 16 in file lsearch.s
Comment: DST used once
mydata 00000000

Symbol: mydata
   Definitions
      At line 36 in file lsearch.s
   Uses
      None
Comment: mydata unused
2 symbols
346 symbols in table
