


ARM Macro Assembler    Page 1 


    1 00000000                 AREA             RESET , DATA, READONLY
    2 00000000                 EXPORT           __Vectors
    3 00000000         __Vectors
    4 00000000 10000000        DCD              0X10000000
    5 00000004 00000000        DCD              Reset_Handler
    6 00000008                 AREA             MYCODE, CODE, READONLY
    7 00000000                 ENTRY
    8 00000000                 EXPORT           Reset_Handler
    9 00000000         Reset_Handler
   10 00000000 F04F 020A       MOV              R2,#0XA
   11 00000004 F04F 5080       LDR              R0,=0X10000000
   12 00000008 F64A 31CD       MOV              R1,#0XABCD
   13 0000000C         GEN
   14 0000000C F840 1B04       STR              R1,[R0],#4
   15 00000010 F101 01AB       ADD              R1,#0XAB
   16 00000014 3A01            SUBS             R2,#1
   17 00000016 D1F9            BNE              GEN
   18 00000018 F04F 5080       LDR              R0,=0X10000000
   19 0000001C F04F 020A       MOV              R2,#0XA
   20 00000020 4906            LDR              R1,=0X10000008
   21 00000022 F101 0124       ADD              R1,#0X24
   22 00000026 F100 0024       ADD              R0,#0X24
   23 0000002A         LOOP
   24 0000002A 6803            LDR              R3,[R0]
   25 0000002C F1A0 0004       SUB              R0,#4
   26 00000030 F841 3904       STR              R3,[R1],#-4
   27 00000034 3A01            SUBS             R2,#1
   28 00000036 D1F8            BNE              LOOP
   29 00000038         STOP
   30 00000038 E7FE            B                STOP
   31 0000003A                 END
              00 00 10000008 
Command Line: --debug --xref --cpu=Cortex-M3 --apcs=interwork --depend=.\prg1_2
b.d -o.\prg1_2b.o -IC:\Keil\ARM\RV31\INC -IC:\Keil\ARM\CMSIS\Include -IC:\Keil\
ARM\Inc\NXP\LPC17xx --predefine="__EVAL SETA 1" --list=.\prg1_2b.lst prg1_2b.s



ARM Macro Assembler    Page 1 Alphabetic symbol ordering
Relocatable symbols

RESET 00000000

Symbol: RESET
   Definitions
      At line 1 in file prg1_2b.s
   Uses
      None
Comment: RESET unused
__Vectors 00000000

Symbol: __Vectors
   Definitions
      At line 3 in file prg1_2b.s
   Uses
      At line 2 in file prg1_2b.s
Comment: __Vectors used once
2 symbols



ARM Macro Assembler    Page 1 Alphabetic symbol ordering
Relocatable symbols

GEN 0000000C

Symbol: GEN
   Definitions
      At line 13 in file prg1_2b.s
   Uses
      At line 17 in file prg1_2b.s
Comment: GEN used once
LOOP 0000002A

Symbol: LOOP
   Definitions
      At line 23 in file prg1_2b.s
   Uses
      At line 28 in file prg1_2b.s
Comment: LOOP used once
MYCODE 00000000

Symbol: MYCODE
   Definitions
      At line 6 in file prg1_2b.s
   Uses
      None
Comment: MYCODE unused
Reset_Handler 00000000

Symbol: Reset_Handler
   Definitions
      At line 9 in file prg1_2b.s
   Uses
      At line 5 in file prg1_2b.s
      At line 8 in file prg1_2b.s

STOP 00000038

Symbol: STOP
   Definitions
      At line 29 in file prg1_2b.s
   Uses
      At line 30 in file prg1_2b.s
Comment: STOP used once
5 symbols
340 symbols in table
