


ARM Macro Assembler    Page 1 


    1 00000000                 AREA             RESET , DATA, READONLY
    2 00000000                 EXPORT           __Vectors
    3 00000000         __Vectors
    4 00000000 10000000        DCD              0X10000000
    5 00000004 00000000        DCD              Reset_Handler
    6 00000008                 AREA             MYCODE, CODE, READONLY
    7 00000000                 ENTRY
    8 00000000                 EXPORT           Reset_Handler
    9 00000000         Reset_Handler
   10 00000000 480A            LDR              R0,=NUM
   11 00000002 490B            LDR              R1,=DEN
   12 00000004 F04F 0200       MOV              R2,#0
   13 00000008 6803            LDR              R3,[R0]
   14 0000000A 680C            LDR              R4,[R1]
   15 0000000C 4D09            LDR              R5,=QUO
   16 0000000E 4E0A            LDR              R6,=REM
   17 00000010         LOOP
   18 00000010 42A3            CMP              R3,R4
   19 00000012 DB04            BLT              NEXT
   20 00000014 EBA3 0304       SUB              R3,R4
   21 00000018 F102 0201       ADD              R2,#1
   22 0000001C E7F8            B                LOOP
   23 0000001E         NEXT
   24 0000001E 602A            STR              R2,[R5]
   25 00000020 6033            STR              R3,[R6]
   26 00000022         STOP
   27 00000022 E7FE            B                STOP
   28 00000024 00000012 
                       NUM     DCD              18
   29 00000028 00000007 
                       DEN     DCD              7
   30 0000002C 00000000 
              00000000 
              00000000 
              00000000         AREA             MYDATA, DATA, READWRITE
   31 00000000 00000000 
                       QUO     DCD              0
   32 00000004 00000000 
                       REM     DCD              0
   33 00000008                 END
Command Line: --debug --xref --cpu=Cortex-M3 --apcs=interwork --depend=.\prg3_2
.d -o.\prg3_2.o -IC:\Keil\ARM\RV31\INC -IC:\Keil\ARM\CMSIS\Include -IC:\Keil\AR
M\Inc\NXP\LPC17xx --predefine="__EVAL SETA 1" --list=.\prg3_2.lst prg3_2.s



ARM Macro Assembler    Page 1 Alphabetic symbol ordering
Relocatable symbols

RESET 00000000

Symbol: RESET
   Definitions
      At line 1 in file prg3_2.s
   Uses
      None
Comment: RESET unused
__Vectors 00000000

Symbol: __Vectors
   Definitions
      At line 3 in file prg3_2.s
   Uses
      At line 2 in file prg3_2.s
Comment: __Vectors used once
2 symbols



ARM Macro Assembler    Page 1 Alphabetic symbol ordering
Relocatable symbols

DEN 00000028

Symbol: DEN
   Definitions
      At line 29 in file prg3_2.s
   Uses
      At line 11 in file prg3_2.s
Comment: DEN used once
LOOP 00000010

Symbol: LOOP
   Definitions
      At line 17 in file prg3_2.s
   Uses
      At line 22 in file prg3_2.s
Comment: LOOP used once
MYCODE 00000000

Symbol: MYCODE
   Definitions
      At line 6 in file prg3_2.s
   Uses
      None
Comment: MYCODE unused
NEXT 0000001E

Symbol: NEXT
   Definitions
      At line 23 in file prg3_2.s
   Uses
      At line 19 in file prg3_2.s
Comment: NEXT used once
NUM 00000024

Symbol: NUM
   Definitions
      At line 28 in file prg3_2.s
   Uses
      At line 10 in file prg3_2.s
Comment: NUM used once
Reset_Handler 00000000

Symbol: Reset_Handler
   Definitions
      At line 9 in file prg3_2.s
   Uses
      At line 5 in file prg3_2.s
      At line 8 in file prg3_2.s

STOP 00000022

Symbol: STOP
   Definitions
      At line 26 in file prg3_2.s
   Uses
      At line 27 in file prg3_2.s
Comment: STOP used once
7 symbols



ARM Macro Assembler    Page 1 Alphabetic symbol ordering
Relocatable symbols

MYDATA 00000000

Symbol: MYDATA
   Definitions
      At line 30 in file prg3_2.s
   Uses
      None
Comment: MYDATA unused
QUO 00000000

Symbol: QUO
   Definitions
      At line 31 in file prg3_2.s
   Uses
      At line 15 in file prg3_2.s
Comment: QUO used once
REM 00000004

Symbol: REM
   Definitions
      At line 32 in file prg3_2.s
   Uses
      At line 16 in file prg3_2.s
Comment: REM used once
3 symbols
345 symbols in table
