


ARM Macro Assembler    Page 1 


    1 00000000                 AREA             RESET, DATA, READONLY
    2 00000000                 EXPORT           __Vectors
    3 00000000         __Vectors
    4 00000000 10001000        DCD              0x10001000
    5 00000004 00000000        DCD              Reset_Handler
    6 00000008                 AREA             mycode, CODE, READONLY
    7 00000000                 ENTRY
    8 00000000                 EXPORT           Reset_Handler
    9 00000000         Reset_Handler
   10 00000000 4810            LDR              R0, =SRC
   11 00000002 4911            LDR              R1, =DST
   12 00000004 F04F 050A       MOV              R5,#10
   13 00000008 F100 0024       ADD              R0,#36
   14 0000000C         LOOP
   15 0000000C 6008            STR              R0,[R1]
   16 0000000E F1A0 0004       SUB              R0,#4
   17 00000012 F101 0104       ADD              R1,#4
   18 00000016 3D01            SUBS             R5,#1
   19 00000018 D1F8            BNE              LOOP
   20 0000001A         STOP
   21 0000001A E7FE            B                STOP
   22 0000001C 00000001 
              00000002 
              00000003 
              00000004 
              00000005 
              00000006 
              00000007 
              00000008 
              00000009 
              0000000A SRC     DCD              01,02,03,04,05,06,07,08,09,10
   23 00000044 00000000 
              00000000         AREA             mydata, DATA, READWRITE
   24 00000000 00000000 
              00000000 
              00000000 
              00000000 
              00000000 
              00000000 
              00000000 
              00000000 
              00000000 
              00000000 DST     DCD              0,0,0,0,0,0,0,0,0,0
   25 00000028                 END
Command Line: --debug --xref --cpu=Cortex-M3 --apcs=interwork --depend=.\prg3.d
 -o.\prg3.o -IC:\Keil\ARM\RV31\INC -IC:\Keil\ARM\CMSIS\Include -IC:\Keil\ARM\In
c\NXP\LPC17xx --predefine="__EVAL SETA 1" --list=.\prg3.lst prg3.s



ARM Macro Assembler    Page 1 Alphabetic symbol ordering
Relocatable symbols

RESET 00000000

Symbol: RESET
   Definitions
      At line 1 in file prg3.s
   Uses
      None
Comment: RESET unused
__Vectors 00000000

Symbol: __Vectors
   Definitions
      At line 3 in file prg3.s
   Uses
      At line 2 in file prg3.s
Comment: __Vectors used once
2 symbols



ARM Macro Assembler    Page 1 Alphabetic symbol ordering
Relocatable symbols

LOOP 0000000C

Symbol: LOOP
   Definitions
      At line 14 in file prg3.s
   Uses
      At line 19 in file prg3.s
Comment: LOOP used once
Reset_Handler 00000000

Symbol: Reset_Handler
   Definitions
      At line 9 in file prg3.s
   Uses
      At line 5 in file prg3.s
      At line 8 in file prg3.s

SRC 0000001C

Symbol: SRC
   Definitions
      At line 22 in file prg3.s
   Uses
      At line 10 in file prg3.s
Comment: SRC used once
STOP 0000001A

Symbol: STOP
   Definitions
      At line 20 in file prg3.s
   Uses
      At line 21 in file prg3.s
Comment: STOP used once
mycode 00000000

Symbol: mycode
   Definitions
      At line 6 in file prg3.s
   Uses
      None
Comment: mycode unused
5 symbols



ARM Macro Assembler    Page 1 Alphabetic symbol ordering
Relocatable symbols

DST 00000000

Symbol: DST
   Definitions
      At line 24 in file prg3.s
   Uses
      At line 11 in file prg3.s
Comment: DST used once
mydata 00000000

Symbol: mydata
   Definitions
      At line 23 in file prg3.s
   Uses
      None
Comment: mydata unused
2 symbols
342 symbols in table
